[2025-02-18T21:21:32.828+0000] {local_task_job_runner.py:123} INFO - ::group::Pre task execution logs
[2025-02-18T21:21:32.897+0000] {taskinstance.py:2614} INFO - Dependencies all met for dep_context=non-requeueable deps ti=<TaskInstance: pool_dag.task1 manual__2025-02-18T21:20:58.967785+00:00 [queued]>
[2025-02-18T21:21:32.919+0000] {taskinstance.py:2614} INFO - Dependencies all met for dep_context=requeueable deps ti=<TaskInstance: pool_dag.task1 manual__2025-02-18T21:20:58.967785+00:00 [queued]>
[2025-02-18T21:21:32.920+0000] {taskinstance.py:2867} INFO - Starting attempt 1 of 1
[2025-02-18T21:21:32.965+0000] {taskinstance.py:2890} INFO - Executing <Task(BashOperator): task1> on 2025-02-18 21:20:58.967785+00:00
[2025-02-18T21:21:32.984+0000] {standard_task_runner.py:104} INFO - Running: ['***', 'tasks', 'run', 'pool_dag', 'task1', 'manual__2025-02-18T21:20:58.967785+00:00', '--job-id', '1023', '--raw', '--subdir', 'DAGS_FOLDER/17_pools_dag.py', '--cfg-path', '/tmp/tmp9smn9nu9']
[2025-02-18T21:21:32.986+0000] {standard_task_runner.py:105} INFO - Job 1023: Subtask task1
[2025-02-18T21:21:32.979+0000] {warnings.py:112} WARNING - /home/***/.local/lib/python3.12/site-packages/***/task/task_runner/standard_task_runner.py:70: DeprecationWarning: This process (pid=486) is multi-threaded, use of fork() may lead to deadlocks in the child.
  pid = os.fork()

[2025-02-18T21:21:32.995+0000] {standard_task_runner.py:72} INFO - Started process 487 to run task
[2025-02-18T21:21:33.121+0000] {task_command.py:467} INFO - Running <TaskInstance: pool_dag.task1 manual__2025-02-18T21:20:58.967785+00:00 [running]> on host ab74d4d90d32
[2025-02-18T21:21:33.361+0000] {taskinstance.py:3134} INFO - Exporting env vars: AIRFLOW_CTX_DAG_OWNER='***' AIRFLOW_CTX_DAG_ID='pool_dag' AIRFLOW_CTX_TASK_ID='task1' AIRFLOW_CTX_EXECUTION_DATE='2025-02-18T21:20:58.967785+00:00' AIRFLOW_CTX_TRY_NUMBER='1' AIRFLOW_CTX_DAG_RUN_ID='manual__2025-02-18T21:20:58.967785+00:00'
[2025-02-18T21:21:33.363+0000] {taskinstance.py:732} INFO - ::endgroup::
[2025-02-18T21:21:33.399+0000] {subprocess.py:78} INFO - Tmp dir root location: /tmp
[2025-02-18T21:21:33.400+0000] {subprocess.py:88} INFO - Running command: ['/usr/bin/bash', '-c', 'sleep 5']
[2025-02-18T21:21:33.413+0000] {subprocess.py:99} INFO - Output:
[2025-02-18T21:21:38.420+0000] {subprocess.py:110} INFO - Command exited with return code 0
[2025-02-18T21:21:38.466+0000] {taskinstance.py:341} INFO - ::group::Post task execution logs
[2025-02-18T21:21:38.468+0000] {taskinstance.py:353} INFO - Marking task as SUCCESS. dag_id=pool_dag, task_id=task1, run_id=manual__2025-02-18T21:20:58.967785+00:00, execution_date=20250218T212058, start_date=20250218T212132, end_date=20250218T212138
[2025-02-18T21:21:38.537+0000] {local_task_job_runner.py:266} INFO - Task exited with return code 0
[2025-02-18T21:21:38.560+0000] {taskinstance.py:3901} INFO - 0 downstream tasks scheduled from follow-on schedule check
[2025-02-18T21:21:38.563+0000] {local_task_job_runner.py:245} INFO - ::endgroup::
