[2025-02-17T11:10:28.343+0000] {local_task_job_runner.py:123} INFO - ::group::Pre task execution logs
[2025-02-17T11:10:56.180+0000] {taskinstance.py:2614} INFO - Dependencies all met for dep_context=non-requeueable deps ti=<TaskInstance: second_dag.task1 scheduled__2025-02-15T21:33:00+00:00 [queued]>
[2025-02-17T11:10:56.415+0000] {taskinstance.py:2614} INFO - Dependencies all met for dep_context=requeueable deps ti=<TaskInstance: second_dag.task1 scheduled__2025-02-15T21:33:00+00:00 [queued]>
[2025-02-17T11:10:56.416+0000] {taskinstance.py:2867} INFO - Starting attempt 1 of 1
[2025-02-17T11:10:56.982+0000] {taskinstance.py:2890} INFO - Executing <Task(BashOperator): task1> on 2025-02-15 21:33:00+00:00
[2025-02-17T11:10:57.175+0000] {warnings.py:112} WARNING - /home/***/.local/lib/python3.12/site-packages/***/task/task_runner/standard_task_runner.py:70: DeprecationWarning: This process (pid=6692) is multi-threaded, use of fork() may lead to deadlocks in the child.
  pid = os.fork()

[2025-02-17T11:10:57.137+0000] {standard_task_runner.py:104} INFO - Running: ['***', 'tasks', 'run', 'second_dag', 'task1', 'scheduled__2025-02-15T21:33:00+00:00', '--job-id', '895', '--raw', '--subdir', 'DAGS_FOLDER/02_second_dag.py', '--cfg-path', '/tmp/tmpgv4d48_v']
[2025-02-17T11:10:57.221+0000] {standard_task_runner.py:105} INFO - Job 895: Subtask task1
[2025-02-17T11:10:57.178+0000] {standard_task_runner.py:72} INFO - Started process 6697 to run task
[2025-02-17T11:10:58.010+0000] {task_command.py:467} INFO - Running <TaskInstance: second_dag.task1 scheduled__2025-02-15T21:33:00+00:00 [running]> on host ab74d4d90d32
[2025-02-17T11:11:02.689+0000] {taskinstance.py:3134} INFO - Exporting env vars: AIRFLOW_CTX_DAG_OWNER='***' AIRFLOW_CTX_DAG_ID='second_dag' AIRFLOW_CTX_TASK_ID='task1' AIRFLOW_CTX_EXECUTION_DATE='2025-02-15T21:33:00+00:00' AIRFLOW_CTX_TRY_NUMBER='1' AIRFLOW_CTX_DAG_RUN_ID='scheduled__2025-02-15T21:33:00+00:00'
[2025-02-17T11:11:03.013+0000] {taskinstance.py:732} INFO - ::endgroup::
[2025-02-17T11:11:03.225+0000] {job.py:229} INFO - Heartbeat recovered after 36.83 seconds
[2025-02-17T11:11:03.417+0000] {subprocess.py:78} INFO - Tmp dir root location: /tmp
[2025-02-17T11:11:03.566+0000] {subprocess.py:88} INFO - Running command: ['/usr/bin/bash', '-c', 'sleep 5']
[2025-02-17T11:11:04.203+0000] {subprocess.py:99} INFO - Output:
[2025-02-17T11:11:09.326+0000] {subprocess.py:110} INFO - Command exited with return code 0
[2025-02-17T11:11:10.019+0000] {taskinstance.py:341} INFO - ::group::Post task execution logs
[2025-02-17T11:11:10.020+0000] {taskinstance.py:353} INFO - Marking task as SUCCESS. dag_id=second_dag, task_id=task1, run_id=scheduled__2025-02-15T21:33:00+00:00, execution_date=20250215T213300, start_date=20250217T111056, end_date=20250217T111110
[2025-02-17T11:11:10.718+0000] {local_task_job_runner.py:266} INFO - Task exited with return code 0
[2025-02-17T11:11:10.803+0000] {local_task_job_runner.py:245} INFO - ::endgroup::
