[2025-02-24T21:30:39.109+0000] {local_task_job_runner.py:123} INFO - ::group::Pre task execution logs
[2025-02-24T21:30:39.134+0000] {taskinstance.py:2614} INFO - Dependencies all met for dep_context=non-requeueable deps ti=<TaskInstance: default_args_dag.task3 manual__2025-02-24T21:30:21+00:00 [queued]>
[2025-02-24T21:30:39.147+0000] {taskinstance.py:2614} INFO - Dependencies all met for dep_context=requeueable deps ti=<TaskInstance: default_args_dag.task3 manual__2025-02-24T21:30:21+00:00 [queued]>
[2025-02-24T21:30:39.148+0000] {taskinstance.py:2867} INFO - Starting attempt 1 of 2
[2025-02-24T21:30:39.165+0000] {taskinstance.py:2890} INFO - Executing <Task(BashOperator): task3> on 2025-02-24 21:30:21+00:00
[2025-02-24T21:30:39.170+0000] {warnings.py:112} WARNING - /home/***/.local/lib/python3.12/site-packages/***/task/task_runner/standard_task_runner.py:70: DeprecationWarning: This process (pid=176) is multi-threaded, use of fork() may lead to deadlocks in the child.
  pid = os.fork()

[2025-02-24T21:30:39.172+0000] {standard_task_runner.py:72} INFO - Started process 177 to run task
[2025-02-24T21:30:39.172+0000] {standard_task_runner.py:104} INFO - Running: ['***', 'tasks', 'run', 'default_args_dag', 'task3', 'manual__2025-02-24T21:30:21+00:00', '--job-id', '1066', '--raw', '--subdir', 'DAGS_FOLDER/12_default_args_dag.py', '--cfg-path', '/tmp/tmp7nnhtu0s']
[2025-02-24T21:30:39.174+0000] {standard_task_runner.py:105} INFO - Job 1066: Subtask task3
[2025-02-24T21:30:39.276+0000] {task_command.py:467} INFO - Running <TaskInstance: default_args_dag.task3 manual__2025-02-24T21:30:21+00:00 [running]> on host 70b8189021ad
[2025-02-24T21:30:39.401+0000] {taskinstance.py:3134} INFO - Exporting env vars: AIRFLOW_CTX_DAG_EMAIL='test@test.com' AIRFLOW_CTX_DAG_OWNER='***' AIRFLOW_CTX_DAG_ID='default_args_dag' AIRFLOW_CTX_TASK_ID='task3' AIRFLOW_CTX_EXECUTION_DATE='2025-02-24T21:30:21+00:00' AIRFLOW_CTX_TRY_NUMBER='1' AIRFLOW_CTX_DAG_RUN_ID='manual__2025-02-24T21:30:21+00:00'
[2025-02-24T21:30:39.402+0000] {taskinstance.py:732} INFO - ::endgroup::
[2025-02-24T21:30:39.423+0000] {subprocess.py:78} INFO - Tmp dir root location: /tmp
[2025-02-24T21:30:39.424+0000] {subprocess.py:88} INFO - Running command: ['/usr/bin/bash', '-c', 'sleep 5']
[2025-02-24T21:30:39.432+0000] {subprocess.py:99} INFO - Output:
[2025-02-24T21:30:44.438+0000] {subprocess.py:110} INFO - Command exited with return code 0
[2025-02-24T21:30:44.474+0000] {taskinstance.py:341} INFO - ::group::Post task execution logs
[2025-02-24T21:30:44.475+0000] {taskinstance.py:353} INFO - Marking task as SUCCESS. dag_id=default_args_dag, task_id=task3, run_id=manual__2025-02-24T21:30:21+00:00, execution_date=20250224T213021, start_date=20250224T213039, end_date=20250224T213044
[2025-02-24T21:30:44.547+0000] {local_task_job_runner.py:266} INFO - Task exited with return code 0
[2025-02-24T21:30:44.568+0000] {taskinstance.py:3901} INFO - 0 downstream tasks scheduled from follow-on schedule check
[2025-02-24T21:30:44.569+0000] {local_task_job_runner.py:245} INFO - ::endgroup::
