[2025-02-18T21:21:40.065+0000] {local_task_job_runner.py:123} INFO - ::group::Pre task execution logs
[2025-02-18T21:21:40.104+0000] {taskinstance.py:2614} INFO - Dependencies all met for dep_context=non-requeueable deps ti=<TaskInstance: pool_dag.task3 manual__2025-02-18T21:20:58.967785+00:00 [queued]>
[2025-02-18T21:21:40.122+0000] {taskinstance.py:2614} INFO - Dependencies all met for dep_context=requeueable deps ti=<TaskInstance: pool_dag.task3 manual__2025-02-18T21:20:58.967785+00:00 [queued]>
[2025-02-18T21:21:40.123+0000] {taskinstance.py:2867} INFO - Starting attempt 1 of 1
[2025-02-18T21:21:40.149+0000] {taskinstance.py:2890} INFO - Executing <Task(BashOperator): task3> on 2025-02-18 21:20:58.967785+00:00
[2025-02-18T21:21:40.159+0000] {warnings.py:112} WARNING - /home/***/.local/lib/python3.12/site-packages/***/task/task_runner/standard_task_runner.py:70: DeprecationWarning: This process (pid=490) is multi-threaded, use of fork() may lead to deadlocks in the child.
  pid = os.fork()

[2025-02-18T21:21:40.161+0000] {standard_task_runner.py:72} INFO - Started process 491 to run task
[2025-02-18T21:21:40.162+0000] {standard_task_runner.py:104} INFO - Running: ['***', 'tasks', 'run', 'pool_dag', 'task3', 'manual__2025-02-18T21:20:58.967785+00:00', '--job-id', '1024', '--raw', '--subdir', 'DAGS_FOLDER/17_pools_dag.py', '--cfg-path', '/tmp/tmp0l7h7vgx']
[2025-02-18T21:21:40.164+0000] {standard_task_runner.py:105} INFO - Job 1024: Subtask task3
[2025-02-18T21:21:40.263+0000] {task_command.py:467} INFO - Running <TaskInstance: pool_dag.task3 manual__2025-02-18T21:20:58.967785+00:00 [running]> on host ab74d4d90d32
[2025-02-18T21:21:40.478+0000] {taskinstance.py:3134} INFO - Exporting env vars: AIRFLOW_CTX_DAG_OWNER='***' AIRFLOW_CTX_DAG_ID='pool_dag' AIRFLOW_CTX_TASK_ID='task3' AIRFLOW_CTX_EXECUTION_DATE='2025-02-18T21:20:58.967785+00:00' AIRFLOW_CTX_TRY_NUMBER='1' AIRFLOW_CTX_DAG_RUN_ID='manual__2025-02-18T21:20:58.967785+00:00'
[2025-02-18T21:21:40.482+0000] {taskinstance.py:732} INFO - ::endgroup::
[2025-02-18T21:21:40.522+0000] {subprocess.py:78} INFO - Tmp dir root location: /tmp
[2025-02-18T21:21:40.523+0000] {subprocess.py:88} INFO - Running command: ['/usr/bin/bash', '-c', 'sleep 5']
[2025-02-18T21:21:40.539+0000] {subprocess.py:99} INFO - Output:
[2025-02-18T21:21:48.481+0000] {subprocess.py:110} INFO - Command exited with return code 0
[2025-02-18T21:21:48.532+0000] {taskinstance.py:341} INFO - ::group::Post task execution logs
[2025-02-18T21:21:48.533+0000] {taskinstance.py:353} INFO - Marking task as SUCCESS. dag_id=pool_dag, task_id=task3, run_id=manual__2025-02-18T21:20:58.967785+00:00, execution_date=20250218T212058, start_date=20250218T212140, end_date=20250218T212148
[2025-02-18T21:21:48.623+0000] {local_task_job_runner.py:266} INFO - Task exited with return code 0
[2025-02-18T21:21:48.656+0000] {taskinstance.py:3901} INFO - 0 downstream tasks scheduled from follow-on schedule check
[2025-02-18T21:21:48.663+0000] {local_task_job_runner.py:245} INFO - ::endgroup::
