[2025-02-14T21:36:19.023+0000] {local_task_job_runner.py:123} INFO - ::group::Pre task execution logs
[2025-02-14T21:36:19.049+0000] {taskinstance.py:2614} INFO - Dependencies all met for dep_context=non-requeueable deps ti=<TaskInstance: run_operator_dag.task2 scheduled__2025-02-13T21:33:00+00:00 [queued]>
[2025-02-14T21:36:19.063+0000] {taskinstance.py:2614} INFO - Dependencies all met for dep_context=requeueable deps ti=<TaskInstance: run_operator_dag.task2 scheduled__2025-02-13T21:33:00+00:00 [queued]>
[2025-02-14T21:36:19.064+0000] {taskinstance.py:2867} INFO - Starting attempt 1 of 1
[2025-02-14T21:36:19.081+0000] {taskinstance.py:2890} INFO - Executing <Task(BashOperator): task2> on 2025-02-13 21:33:00+00:00
[2025-02-14T21:36:19.086+0000] {warnings.py:112} WARNING - /home/***/.local/lib/python3.12/site-packages/***/task/task_runner/standard_task_runner.py:70: DeprecationWarning: This process (pid=795) is multi-threaded, use of fork() may lead to deadlocks in the child.
  pid = os.fork()

[2025-02-14T21:36:19.088+0000] {standard_task_runner.py:72} INFO - Started process 796 to run task
[2025-02-14T21:36:19.088+0000] {standard_task_runner.py:104} INFO - Running: ['***', 'tasks', 'run', 'run_operator_dag', 'task2', 'scheduled__2025-02-13T21:33:00+00:00', '--job-id', '845', '--raw', '--subdir', 'DAGS_FOLDER/10_run_operator_dag.py', '--cfg-path', '/tmp/tmp3zxqymgc']
[2025-02-14T21:36:19.090+0000] {standard_task_runner.py:105} INFO - Job 845: Subtask task2
[2025-02-14T21:36:19.142+0000] {task_command.py:467} INFO - Running <TaskInstance: run_operator_dag.task2 scheduled__2025-02-13T21:33:00+00:00 [running]> on host ab74d4d90d32
[2025-02-14T21:36:19.250+0000] {taskinstance.py:3134} INFO - Exporting env vars: AIRFLOW_CTX_DAG_OWNER='***' AIRFLOW_CTX_DAG_ID='run_operator_dag' AIRFLOW_CTX_TASK_ID='task2' AIRFLOW_CTX_EXECUTION_DATE='2025-02-13T21:33:00+00:00' AIRFLOW_CTX_TRY_NUMBER='1' AIRFLOW_CTX_DAG_RUN_ID='scheduled__2025-02-13T21:33:00+00:00'
[2025-02-14T21:36:19.252+0000] {taskinstance.py:732} INFO - ::endgroup::
[2025-02-14T21:36:19.278+0000] {subprocess.py:78} INFO - Tmp dir root location: /tmp
[2025-02-14T21:36:19.279+0000] {subprocess.py:88} INFO - Running command: ['/usr/bin/bash', '-c', 'sleep 5']
[2025-02-14T21:36:19.293+0000] {subprocess.py:99} INFO - Output:
[2025-02-14T21:36:24.300+0000] {subprocess.py:110} INFO - Command exited with return code 0
[2025-02-14T21:36:24.347+0000] {taskinstance.py:341} INFO - ::group::Post task execution logs
[2025-02-14T21:36:24.348+0000] {taskinstance.py:353} INFO - Marking task as SUCCESS. dag_id=run_operator_dag, task_id=task2, run_id=scheduled__2025-02-13T21:33:00+00:00, execution_date=20250213T213300, start_date=20250214T213619, end_date=20250214T213624
[2025-02-14T21:36:24.409+0000] {local_task_job_runner.py:266} INFO - Task exited with return code 0
[2025-02-14T21:36:24.417+0000] {local_task_job_runner.py:245} INFO - ::endgroup::
