[2025-02-16T13:23:12.202+0000] {local_task_job_runner.py:123} INFO - ::group::Pre task execution logs
[2025-02-16T13:23:12.273+0000] {taskinstance.py:2614} INFO - Dependencies all met for dep_context=non-requeueable deps ti=<TaskInstance: full_dag.task6 scheduled__2025-02-14T21:33:00+00:00 [queued]>
[2025-02-16T13:23:12.294+0000] {taskinstance.py:2614} INFO - Dependencies all met for dep_context=requeueable deps ti=<TaskInstance: full_dag.task6 scheduled__2025-02-14T21:33:00+00:00 [queued]>
[2025-02-16T13:23:12.294+0000] {taskinstance.py:2867} INFO - Starting attempt 1 of 1
[2025-02-16T13:23:12.340+0000] {taskinstance.py:2890} INFO - Executing <Task(BashOperator): task6> on 2025-02-14 21:33:00+00:00
[2025-02-16T13:23:12.346+0000] {warnings.py:112} WARNING - /home/***/.local/lib/python3.12/site-packages/***/task/task_runner/standard_task_runner.py:70: DeprecationWarning: This process (pid=5436) is multi-threaded, use of fork() may lead to deadlocks in the child.
  pid = os.fork()

[2025-02-16T13:23:12.349+0000] {standard_task_runner.py:72} INFO - Started process 5440 to run task
[2025-02-16T13:23:12.349+0000] {standard_task_runner.py:104} INFO - Running: ['***', 'tasks', 'run', 'full_dag', 'task6', 'scheduled__2025-02-14T21:33:00+00:00', '--job-id', '890', '--raw', '--subdir', 'DAGS_FOLDER/08_full_dag.py', '--cfg-path', '/tmp/tmp2u1cqq5g']
[2025-02-16T13:23:12.351+0000] {standard_task_runner.py:105} INFO - Job 890: Subtask task6
[2025-02-16T13:23:12.439+0000] {task_command.py:467} INFO - Running <TaskInstance: full_dag.task6 scheduled__2025-02-14T21:33:00+00:00 [running]> on host ab74d4d90d32
[2025-02-16T13:23:12.737+0000] {taskinstance.py:3134} INFO - Exporting env vars: AIRFLOW_CTX_DAG_OWNER='***' AIRFLOW_CTX_DAG_ID='full_dag' AIRFLOW_CTX_TASK_ID='task6' AIRFLOW_CTX_EXECUTION_DATE='2025-02-14T21:33:00+00:00' AIRFLOW_CTX_TRY_NUMBER='1' AIRFLOW_CTX_DAG_RUN_ID='scheduled__2025-02-14T21:33:00+00:00'
[2025-02-16T13:23:12.738+0000] {taskinstance.py:732} INFO - ::endgroup::
[2025-02-16T13:23:12.805+0000] {subprocess.py:78} INFO - Tmp dir root location: /tmp
[2025-02-16T13:23:12.807+0000] {subprocess.py:88} INFO - Running command: ['/usr/bin/bash', '-c', 'sleep 5']
[2025-02-16T13:23:12.827+0000] {subprocess.py:99} INFO - Output:
[2025-02-16T13:23:17.839+0000] {subprocess.py:110} INFO - Command exited with return code 0
[2025-02-16T13:23:17.903+0000] {taskinstance.py:341} INFO - ::group::Post task execution logs
[2025-02-16T13:23:17.904+0000] {taskinstance.py:353} INFO - Marking task as SUCCESS. dag_id=full_dag, task_id=task6, run_id=scheduled__2025-02-14T21:33:00+00:00, execution_date=20250214T213300, start_date=20250216T132312, end_date=20250216T132317
[2025-02-16T13:23:17.985+0000] {local_task_job_runner.py:266} INFO - Task exited with return code 0
[2025-02-16T13:23:18.058+0000] {taskinstance.py:3901} INFO - 2 downstream tasks scheduled from follow-on schedule check
[2025-02-16T13:23:18.075+0000] {local_task_job_runner.py:245} INFO - ::endgroup::
