[2025-02-17T20:00:00.848+0000] {local_task_job_runner.py:123} INFO - ::group::Pre task execution logs
[2025-02-17T20:00:00.866+0000] {taskinstance.py:2614} INFO - Dependencies all met for dep_context=non-requeueable deps ti=<TaskInstance: default_args_dag.task1 scheduled__2025-02-17T19:00:00+00:00 [queued]>
[2025-02-17T20:00:00.874+0000] {taskinstance.py:2614} INFO - Dependencies all met for dep_context=requeueable deps ti=<TaskInstance: default_args_dag.task1 scheduled__2025-02-17T19:00:00+00:00 [queued]>
[2025-02-17T20:00:00.874+0000] {taskinstance.py:2867} INFO - Starting attempt 1 of 4
[2025-02-17T20:00:00.887+0000] {taskinstance.py:2890} INFO - Executing <Task(BashOperator): task1> on 2025-02-17 19:00:00+00:00
[2025-02-17T20:00:00.891+0000] {warnings.py:112} WARNING - /home/***/.local/lib/python3.12/site-packages/***/task/task_runner/standard_task_runner.py:70: DeprecationWarning: This process (pid=7528) is multi-threaded, use of fork() may lead to deadlocks in the child.
  pid = os.fork()

[2025-02-17T20:00:00.893+0000] {standard_task_runner.py:72} INFO - Started process 7529 to run task
[2025-02-17T20:00:00.893+0000] {standard_task_runner.py:104} INFO - Running: ['***', 'tasks', 'run', 'default_args_dag', 'task1', 'scheduled__2025-02-17T19:00:00+00:00', '--job-id', '934', '--raw', '--subdir', 'DAGS_FOLDER/12_default_args_dag.py', '--cfg-path', '/tmp/tmpuqazneyf']
[2025-02-17T20:00:00.894+0000] {standard_task_runner.py:105} INFO - Job 934: Subtask task1
[2025-02-17T20:00:00.937+0000] {task_command.py:467} INFO - Running <TaskInstance: default_args_dag.task1 scheduled__2025-02-17T19:00:00+00:00 [running]> on host ab74d4d90d32
[2025-02-17T20:00:01.031+0000] {taskinstance.py:3134} INFO - Exporting env vars: AIRFLOW_CTX_DAG_EMAIL='test@test.com' AIRFLOW_CTX_DAG_OWNER='***' AIRFLOW_CTX_DAG_ID='default_args_dag' AIRFLOW_CTX_TASK_ID='task1' AIRFLOW_CTX_EXECUTION_DATE='2025-02-17T19:00:00+00:00' AIRFLOW_CTX_TRY_NUMBER='1' AIRFLOW_CTX_DAG_RUN_ID='scheduled__2025-02-17T19:00:00+00:00'
[2025-02-17T20:00:01.031+0000] {taskinstance.py:732} INFO - ::endgroup::
[2025-02-17T20:00:01.048+0000] {subprocess.py:78} INFO - Tmp dir root location: /tmp
[2025-02-17T20:00:01.050+0000] {subprocess.py:88} INFO - Running command: ['/usr/bin/bash', '-c', 'sleep 5']
[2025-02-17T20:00:01.059+0000] {subprocess.py:99} INFO - Output:
[2025-02-17T20:00:06.066+0000] {subprocess.py:110} INFO - Command exited with return code 0
[2025-02-17T20:00:06.093+0000] {taskinstance.py:341} INFO - ::group::Post task execution logs
[2025-02-17T20:00:06.094+0000] {taskinstance.py:353} INFO - Marking task as SUCCESS. dag_id=default_args_dag, task_id=task1, run_id=scheduled__2025-02-17T19:00:00+00:00, execution_date=20250217T190000, start_date=20250217T200000, end_date=20250217T200006
[2025-02-17T20:00:06.134+0000] {local_task_job_runner.py:266} INFO - Task exited with return code 0
[2025-02-17T20:00:06.169+0000] {taskinstance.py:3901} INFO - 1 downstream tasks scheduled from follow-on schedule check
[2025-02-17T20:00:06.172+0000] {local_task_job_runner.py:245} INFO - ::endgroup::
