[2025-02-18T21:01:23.783+0000] {local_task_job_runner.py:123} INFO - ::group::Pre task execution logs
[2025-02-18T21:01:23.812+0000] {taskinstance.py:2614} INFO - Dependencies all met for dep_context=non-requeueable deps ti=<TaskInstance: dummy_dag.task3 manual__2025-02-18T21:01:22.328144+00:00 [queued]>
[2025-02-18T21:01:23.827+0000] {taskinstance.py:2614} INFO - Dependencies all met for dep_context=requeueable deps ti=<TaskInstance: dummy_dag.task3 manual__2025-02-18T21:01:22.328144+00:00 [queued]>
[2025-02-18T21:01:23.827+0000] {taskinstance.py:2867} INFO - Starting attempt 1 of 1
[2025-02-18T21:01:23.852+0000] {taskinstance.py:2890} INFO - Executing <Task(BashOperator): task3> on 2025-02-18 21:01:22.328144+00:00
[2025-02-18T21:01:23.859+0000] {warnings.py:112} WARNING - /home/***/.local/lib/python3.12/site-packages/***/task/task_runner/standard_task_runner.py:70: DeprecationWarning: This process (pid=196) is multi-threaded, use of fork() may lead to deadlocks in the child.
  pid = os.fork()

[2025-02-18T21:01:23.861+0000] {standard_task_runner.py:72} INFO - Started process 201 to run task
[2025-02-18T21:01:23.864+0000] {standard_task_runner.py:104} INFO - Running: ['***', 'tasks', 'run', 'dummy_dag', 'task3', 'manual__2025-02-18T21:01:22.328144+00:00', '--job-id', '1008', '--raw', '--subdir', 'DAGS_FOLDER/15_dummy_dag.py', '--cfg-path', '/tmp/tmph592h5nm']
[2025-02-18T21:01:23.865+0000] {standard_task_runner.py:105} INFO - Job 1008: Subtask task3
[2025-02-18T21:01:23.933+0000] {task_command.py:467} INFO - Running <TaskInstance: dummy_dag.task3 manual__2025-02-18T21:01:22.328144+00:00 [running]> on host ab74d4d90d32
[2025-02-18T21:01:24.052+0000] {taskinstance.py:3134} INFO - Exporting env vars: AIRFLOW_CTX_DAG_OWNER='***' AIRFLOW_CTX_DAG_ID='dummy_dag' AIRFLOW_CTX_TASK_ID='task3' AIRFLOW_CTX_EXECUTION_DATE='2025-02-18T21:01:22.328144+00:00' AIRFLOW_CTX_TRY_NUMBER='1' AIRFLOW_CTX_DAG_RUN_ID='manual__2025-02-18T21:01:22.328144+00:00'
[2025-02-18T21:01:24.054+0000] {taskinstance.py:732} INFO - ::endgroup::
[2025-02-18T21:01:24.077+0000] {subprocess.py:78} INFO - Tmp dir root location: /tmp
[2025-02-18T21:01:24.079+0000] {subprocess.py:88} INFO - Running command: ['/usr/bin/bash', '-c', 'sleep 5']
[2025-02-18T21:01:24.089+0000] {subprocess.py:99} INFO - Output:
[2025-02-18T21:01:29.096+0000] {subprocess.py:110} INFO - Command exited with return code 0
[2025-02-18T21:01:29.171+0000] {taskinstance.py:341} INFO - ::group::Post task execution logs
[2025-02-18T21:01:29.172+0000] {taskinstance.py:353} INFO - Marking task as SUCCESS. dag_id=dummy_dag, task_id=task3, run_id=manual__2025-02-18T21:01:22.328144+00:00, execution_date=20250218T210122, start_date=20250218T210123, end_date=20250218T210129
[2025-02-18T21:01:29.323+0000] {local_task_job_runner.py:266} INFO - Task exited with return code 0
[2025-02-18T21:01:29.342+0000] {local_task_job_runner.py:245} INFO - ::endgroup::
