[2025-02-17T21:33:27.526+0000] {local_task_job_runner.py:123} INFO - ::group::Pre task execution logs
[2025-02-17T21:33:27.550+0000] {taskinstance.py:2614} INFO - Dependencies all met for dep_context=non-requeueable deps ti=<TaskInstance: run_operator_dag.task2 manual__2025-02-17T21:33:20.467615+00:00 [queued]>
[2025-02-17T21:33:27.560+0000] {taskinstance.py:2614} INFO - Dependencies all met for dep_context=requeueable deps ti=<TaskInstance: run_operator_dag.task2 manual__2025-02-17T21:33:20.467615+00:00 [queued]>
[2025-02-17T21:33:27.560+0000] {taskinstance.py:2867} INFO - Starting attempt 1 of 1
[2025-02-17T21:33:27.573+0000] {taskinstance.py:2890} INFO - Executing <Task(BashOperator): task2> on 2025-02-17 21:33:20.467615+00:00
[2025-02-17T21:33:27.577+0000] {warnings.py:112} WARNING - /home/***/.local/lib/python3.12/site-packages/***/task/task_runner/standard_task_runner.py:70: DeprecationWarning: This process (pid=8129) is multi-threaded, use of fork() may lead to deadlocks in the child.
  pid = os.fork()

[2025-02-17T21:33:27.579+0000] {standard_task_runner.py:72} INFO - Started process 8130 to run task
[2025-02-17T21:33:27.580+0000] {standard_task_runner.py:104} INFO - Running: ['***', 'tasks', 'run', 'run_operator_dag', 'task2', 'manual__2025-02-17T21:33:20.467615+00:00', '--job-id', '974', '--raw', '--subdir', 'DAGS_FOLDER/10_run_operator_dag.py', '--cfg-path', '/tmp/tmpb438oqwd']
[2025-02-17T21:33:27.581+0000] {standard_task_runner.py:105} INFO - Job 974: Subtask task2
[2025-02-17T21:33:27.621+0000] {task_command.py:467} INFO - Running <TaskInstance: run_operator_dag.task2 manual__2025-02-17T21:33:20.467615+00:00 [running]> on host ab74d4d90d32
[2025-02-17T21:33:27.704+0000] {taskinstance.py:3134} INFO - Exporting env vars: AIRFLOW_CTX_DAG_OWNER='***' AIRFLOW_CTX_DAG_ID='run_operator_dag' AIRFLOW_CTX_TASK_ID='task2' AIRFLOW_CTX_EXECUTION_DATE='2025-02-17T21:33:20.467615+00:00' AIRFLOW_CTX_TRY_NUMBER='1' AIRFLOW_CTX_DAG_RUN_ID='manual__2025-02-17T21:33:20.467615+00:00'
[2025-02-17T21:33:27.705+0000] {taskinstance.py:732} INFO - ::endgroup::
[2025-02-17T21:33:27.721+0000] {subprocess.py:78} INFO - Tmp dir root location: /tmp
[2025-02-17T21:33:27.721+0000] {subprocess.py:88} INFO - Running command: ['/usr/bin/bash', '-c', 'sleep 5']
[2025-02-17T21:33:27.729+0000] {subprocess.py:99} INFO - Output:
[2025-02-17T21:33:32.733+0000] {subprocess.py:110} INFO - Command exited with return code 0
[2025-02-17T21:33:32.761+0000] {taskinstance.py:341} INFO - ::group::Post task execution logs
[2025-02-17T21:33:32.761+0000] {taskinstance.py:353} INFO - Marking task as SUCCESS. dag_id=run_operator_dag, task_id=task2, run_id=manual__2025-02-17T21:33:20.467615+00:00, execution_date=20250217T213320, start_date=20250217T213327, end_date=20250217T213332
[2025-02-17T21:33:32.855+0000] {local_task_job_runner.py:266} INFO - Task exited with return code 0
[2025-02-17T21:33:32.870+0000] {taskinstance.py:3901} INFO - 0 downstream tasks scheduled from follow-on schedule check
[2025-02-17T21:33:32.872+0000] {local_task_job_runner.py:245} INFO - ::endgroup::
