[2025-02-17T11:11:09.457+0000] {local_task_job_runner.py:123} INFO - ::group::Pre task execution logs
[2025-02-17T11:11:09.732+0000] {taskinstance.py:2614} INFO - Dependencies all met for dep_context=non-requeueable deps ti=<TaskInstance: third_dag.task1 scheduled__2025-02-15T21:33:00+00:00 [queued]>
[2025-02-17T11:11:09.786+0000] {taskinstance.py:2614} INFO - Dependencies all met for dep_context=requeueable deps ti=<TaskInstance: third_dag.task1 scheduled__2025-02-15T21:33:00+00:00 [queued]>
[2025-02-17T11:11:09.787+0000] {taskinstance.py:2867} INFO - Starting attempt 1 of 1
[2025-02-17T11:11:09.923+0000] {taskinstance.py:2890} INFO - Executing <Task(BashOperator): task1> on 2025-02-15 21:33:00+00:00
[2025-02-17T11:11:09.942+0000] {warnings.py:112} WARNING - /home/***/.local/lib/python3.12/site-packages/***/task/task_runner/standard_task_runner.py:70: DeprecationWarning: This process (pid=6694) is multi-threaded, use of fork() may lead to deadlocks in the child.
  pid = os.fork()

[2025-02-17T11:11:09.954+0000] {standard_task_runner.py:72} INFO - Started process 6727 to run task
[2025-02-17T11:11:09.953+0000] {standard_task_runner.py:104} INFO - Running: ['***', 'tasks', 'run', 'third_dag', 'task1', 'scheduled__2025-02-15T21:33:00+00:00', '--job-id', '904', '--raw', '--subdir', 'DAGS_FOLDER/03_third_dag.py', '--cfg-path', '/tmp/tmp8031rx85']
[2025-02-17T11:11:09.955+0000] {standard_task_runner.py:105} INFO - Job 904: Subtask task1
[2025-02-17T11:11:10.717+0000] {task_command.py:467} INFO - Running <TaskInstance: third_dag.task1 scheduled__2025-02-15T21:33:00+00:00 [running]> on host ab74d4d90d32
[2025-02-17T11:11:11.311+0000] {taskinstance.py:3134} INFO - Exporting env vars: AIRFLOW_CTX_DAG_OWNER='***' AIRFLOW_CTX_DAG_ID='third_dag' AIRFLOW_CTX_TASK_ID='task1' AIRFLOW_CTX_EXECUTION_DATE='2025-02-15T21:33:00+00:00' AIRFLOW_CTX_TRY_NUMBER='1' AIRFLOW_CTX_DAG_RUN_ID='scheduled__2025-02-15T21:33:00+00:00'
[2025-02-17T11:11:11.313+0000] {taskinstance.py:732} INFO - ::endgroup::
[2025-02-17T11:11:11.687+0000] {subprocess.py:78} INFO - Tmp dir root location: /tmp
[2025-02-17T11:11:11.769+0000] {subprocess.py:88} INFO - Running command: ['/usr/bin/bash', '-c', 'sleep 5']
[2025-02-17T11:11:11.833+0000] {subprocess.py:99} INFO - Output:
[2025-02-17T11:11:16.838+0000] {subprocess.py:110} INFO - Command exited with return code 0
[2025-02-17T11:11:16.952+0000] {taskinstance.py:341} INFO - ::group::Post task execution logs
[2025-02-17T11:11:16.953+0000] {taskinstance.py:353} INFO - Marking task as SUCCESS. dag_id=third_dag, task_id=task1, run_id=scheduled__2025-02-15T21:33:00+00:00, execution_date=20250215T213300, start_date=20250217T111109, end_date=20250217T111116
[2025-02-17T11:11:17.147+0000] {local_task_job_runner.py:266} INFO - Task exited with return code 0
[2025-02-17T11:11:17.254+0000] {taskinstance.py:3901} INFO - 0 downstream tasks scheduled from follow-on schedule check
[2025-02-17T11:11:17.268+0000] {local_task_job_runner.py:245} INFO - ::endgroup::
