[2025-02-14T00:09:43.440+0000] {local_task_job_runner.py:123} INFO - ::group::Pre task execution logs
[2025-02-14T00:09:43.477+0000] {taskinstance.py:2614} INFO - Dependencies all met for dep_context=non-requeueable deps ti=<TaskInstance: first_dag.task2 manual__2025-02-14T00:09:33.674423+00:00 [queued]>
[2025-02-14T00:09:43.493+0000] {taskinstance.py:2614} INFO - Dependencies all met for dep_context=requeueable deps ti=<TaskInstance: first_dag.task2 manual__2025-02-14T00:09:33.674423+00:00 [queued]>
[2025-02-14T00:09:43.493+0000] {taskinstance.py:2867} INFO - Starting attempt 1 of 1
[2025-02-14T00:09:43.511+0000] {taskinstance.py:2890} INFO - Executing <Task(BashOperator): task2> on 2025-02-14 00:09:33.674423+00:00
[2025-02-14T00:09:43.517+0000] {warnings.py:112} WARNING - /home/***/.local/lib/python3.12/site-packages/***/task/task_runner/standard_task_runner.py:70: DeprecationWarning: This process (pid=178) is multi-threaded, use of fork() may lead to deadlocks in the child.
  pid = os.fork()

[2025-02-14T00:09:43.518+0000] {standard_task_runner.py:72} INFO - Started process 179 to run task
[2025-02-14T00:09:43.519+0000] {standard_task_runner.py:104} INFO - Running: ['***', 'tasks', 'run', 'first_dag', 'task2', 'manual__2025-02-14T00:09:33.674423+00:00', '--job-id', '45', '--raw', '--subdir', 'DAGS_FOLDER/first_dag.py', '--cfg-path', '/tmp/tmpbmr2nkg6']
[2025-02-14T00:09:43.520+0000] {standard_task_runner.py:105} INFO - Job 45: Subtask task2
[2025-02-14T00:09:43.574+0000] {task_command.py:467} INFO - Running <TaskInstance: first_dag.task2 manual__2025-02-14T00:09:33.674423+00:00 [running]> on host ab74d4d90d32
[2025-02-14T00:09:43.676+0000] {taskinstance.py:3134} INFO - Exporting env vars: AIRFLOW_CTX_DAG_OWNER='***' AIRFLOW_CTX_DAG_ID='first_dag' AIRFLOW_CTX_TASK_ID='task2' AIRFLOW_CTX_EXECUTION_DATE='2025-02-14T00:09:33.674423+00:00' AIRFLOW_CTX_TRY_NUMBER='1' AIRFLOW_CTX_DAG_RUN_ID='manual__2025-02-14T00:09:33.674423+00:00'
[2025-02-14T00:09:43.677+0000] {taskinstance.py:732} INFO - ::endgroup::
[2025-02-14T00:09:43.708+0000] {subprocess.py:78} INFO - Tmp dir root location: /tmp
[2025-02-14T00:09:43.712+0000] {subprocess.py:88} INFO - Running command: ['/usr/bin/bash', '-c', 'sleep 5']
[2025-02-14T00:09:43.724+0000] {subprocess.py:99} INFO - Output:
[2025-02-14T00:09:48.730+0000] {subprocess.py:110} INFO - Command exited with return code 0
[2025-02-14T00:09:48.762+0000] {taskinstance.py:341} INFO - ::group::Post task execution logs
[2025-02-14T00:09:48.763+0000] {taskinstance.py:353} INFO - Marking task as SUCCESS. dag_id=first_dag, task_id=task2, run_id=manual__2025-02-14T00:09:33.674423+00:00, execution_date=20250214T000933, start_date=20250214T000943, end_date=20250214T000948
[2025-02-14T00:09:48.831+0000] {local_task_job_runner.py:266} INFO - Task exited with return code 0
[2025-02-14T00:09:48.862+0000] {taskinstance.py:3901} INFO - 1 downstream tasks scheduled from follow-on schedule check
[2025-02-14T00:09:48.864+0000] {local_task_job_runner.py:245} INFO - ::endgroup::
