[2025-02-17T21:33:26.476+0000] {local_task_job_runner.py:123} INFO - ::group::Pre task execution logs
[2025-02-17T21:33:26.513+0000] {taskinstance.py:2614} INFO - Dependencies all met for dep_context=non-requeueable deps ti=<TaskInstance: full_dag.task5 scheduled__2025-02-16T21:33:00+00:00 [queued]>
[2025-02-17T21:33:26.527+0000] {taskinstance.py:2614} INFO - Dependencies all met for dep_context=requeueable deps ti=<TaskInstance: full_dag.task5 scheduled__2025-02-16T21:33:00+00:00 [queued]>
[2025-02-17T21:33:26.528+0000] {taskinstance.py:2867} INFO - Starting attempt 1 of 1
[2025-02-17T21:33:26.544+0000] {taskinstance.py:2890} INFO - Executing <Task(BashOperator): task5> on 2025-02-16 21:33:00+00:00
[2025-02-17T21:33:26.548+0000] {warnings.py:112} WARNING - /home/***/.local/lib/python3.12/site-packages/***/task/task_runner/standard_task_runner.py:70: DeprecationWarning: This process (pid=8118) is multi-threaded, use of fork() may lead to deadlocks in the child.
  pid = os.fork()

[2025-02-17T21:33:26.550+0000] {standard_task_runner.py:72} INFO - Started process 8124 to run task
[2025-02-17T21:33:26.552+0000] {standard_task_runner.py:104} INFO - Running: ['***', 'tasks', 'run', 'full_dag', 'task5', 'scheduled__2025-02-16T21:33:00+00:00', '--job-id', '973', '--raw', '--subdir', 'DAGS_FOLDER/08_full_dag.py', '--cfg-path', '/tmp/tmppnxut5xe']
[2025-02-17T21:33:26.554+0000] {standard_task_runner.py:105} INFO - Job 973: Subtask task5
[2025-02-17T21:33:26.613+0000] {task_command.py:467} INFO - Running <TaskInstance: full_dag.task5 scheduled__2025-02-16T21:33:00+00:00 [running]> on host ab74d4d90d32
[2025-02-17T21:33:26.712+0000] {taskinstance.py:3134} INFO - Exporting env vars: AIRFLOW_CTX_DAG_OWNER='***' AIRFLOW_CTX_DAG_ID='full_dag' AIRFLOW_CTX_TASK_ID='task5' AIRFLOW_CTX_EXECUTION_DATE='2025-02-16T21:33:00+00:00' AIRFLOW_CTX_TRY_NUMBER='1' AIRFLOW_CTX_DAG_RUN_ID='scheduled__2025-02-16T21:33:00+00:00'
[2025-02-17T21:33:26.713+0000] {taskinstance.py:732} INFO - ::endgroup::
[2025-02-17T21:33:26.729+0000] {subprocess.py:78} INFO - Tmp dir root location: /tmp
[2025-02-17T21:33:26.730+0000] {subprocess.py:88} INFO - Running command: ['/usr/bin/bash', '-c', 'sleep 5']
[2025-02-17T21:33:26.739+0000] {subprocess.py:99} INFO - Output:
[2025-02-17T21:33:31.743+0000] {subprocess.py:110} INFO - Command exited with return code 0
[2025-02-17T21:33:31.770+0000] {taskinstance.py:341} INFO - ::group::Post task execution logs
[2025-02-17T21:33:31.771+0000] {taskinstance.py:353} INFO - Marking task as SUCCESS. dag_id=full_dag, task_id=task5, run_id=scheduled__2025-02-16T21:33:00+00:00, execution_date=20250216T213300, start_date=20250217T213326, end_date=20250217T213331
[2025-02-17T21:33:31.867+0000] {local_task_job_runner.py:266} INFO - Task exited with return code 0
[2025-02-17T21:33:31.905+0000] {taskinstance.py:3901} INFO - 1 downstream tasks scheduled from follow-on schedule check
[2025-02-17T21:33:31.910+0000] {local_task_job_runner.py:245} INFO - ::endgroup::
