[2025-02-17T21:33:38.815+0000] {local_task_job_runner.py:123} INFO - ::group::Pre task execution logs
[2025-02-17T21:33:38.857+0000] {taskinstance.py:2614} INFO - Dependencies all met for dep_context=non-requeueable deps ti=<TaskInstance: full_dag.task8 scheduled__2025-02-16T21:33:00+00:00 [queued]>
[2025-02-17T21:33:38.877+0000] {taskinstance.py:2614} INFO - Dependencies all met for dep_context=requeueable deps ti=<TaskInstance: full_dag.task8 scheduled__2025-02-16T21:33:00+00:00 [queued]>
[2025-02-17T21:33:38.877+0000] {taskinstance.py:2867} INFO - Starting attempt 1 of 1
[2025-02-17T21:33:38.903+0000] {taskinstance.py:2890} INFO - Executing <Task(BashOperator): task8> on 2025-02-16 21:33:00+00:00
[2025-02-17T21:33:38.912+0000] {warnings.py:112} WARNING - /home/***/.local/lib/python3.12/site-packages/***/task/task_runner/standard_task_runner.py:70: DeprecationWarning: This process (pid=8141) is multi-threaded, use of fork() may lead to deadlocks in the child.
  pid = os.fork()

[2025-02-17T21:33:38.914+0000] {standard_task_runner.py:72} INFO - Started process 8149 to run task
[2025-02-17T21:33:38.930+0000] {standard_task_runner.py:104} INFO - Running: ['***', 'tasks', 'run', 'full_dag', 'task8', 'scheduled__2025-02-16T21:33:00+00:00', '--job-id', '979', '--raw', '--subdir', 'DAGS_FOLDER/08_full_dag.py', '--cfg-path', '/tmp/tmpmnahp0gk']
[2025-02-17T21:33:38.932+0000] {standard_task_runner.py:105} INFO - Job 979: Subtask task8
[2025-02-17T21:33:39.008+0000] {task_command.py:467} INFO - Running <TaskInstance: full_dag.task8 scheduled__2025-02-16T21:33:00+00:00 [running]> on host ab74d4d90d32
[2025-02-17T21:33:39.202+0000] {taskinstance.py:3134} INFO - Exporting env vars: AIRFLOW_CTX_DAG_OWNER='***' AIRFLOW_CTX_DAG_ID='full_dag' AIRFLOW_CTX_TASK_ID='task8' AIRFLOW_CTX_EXECUTION_DATE='2025-02-16T21:33:00+00:00' AIRFLOW_CTX_TRY_NUMBER='1' AIRFLOW_CTX_DAG_RUN_ID='scheduled__2025-02-16T21:33:00+00:00'
[2025-02-17T21:33:39.204+0000] {taskinstance.py:732} INFO - ::endgroup::
[2025-02-17T21:33:39.227+0000] {subprocess.py:78} INFO - Tmp dir root location: /tmp
[2025-02-17T21:33:39.228+0000] {subprocess.py:88} INFO - Running command: ['/usr/bin/bash', '-c', 'sleep 5']
[2025-02-17T21:33:39.242+0000] {subprocess.py:99} INFO - Output:
[2025-02-17T21:33:44.248+0000] {subprocess.py:110} INFO - Command exited with return code 0
[2025-02-17T21:33:44.277+0000] {taskinstance.py:341} INFO - ::group::Post task execution logs
[2025-02-17T21:33:44.277+0000] {taskinstance.py:353} INFO - Marking task as SUCCESS. dag_id=full_dag, task_id=task8, run_id=scheduled__2025-02-16T21:33:00+00:00, execution_date=20250216T213300, start_date=20250217T213338, end_date=20250217T213344
[2025-02-17T21:33:44.353+0000] {local_task_job_runner.py:266} INFO - Task exited with return code 0
[2025-02-17T21:33:44.368+0000] {taskinstance.py:3901} INFO - 0 downstream tasks scheduled from follow-on schedule check
[2025-02-17T21:33:44.370+0000] {local_task_job_runner.py:245} INFO - ::endgroup::
