[2025-02-18T20:51:22.216+0000] {local_task_job_runner.py:123} INFO - ::group::Pre task execution logs
[2025-02-18T20:51:22.235+0000] {taskinstance.py:2614} INFO - Dependencies all met for dep_context=non-requeueable deps ti=<TaskInstance: default_args_dag.task1 scheduled__2025-02-18T03:00:00+00:00 [queued]>
[2025-02-18T20:51:22.245+0000] {taskinstance.py:2614} INFO - Dependencies all met for dep_context=requeueable deps ti=<TaskInstance: default_args_dag.task1 scheduled__2025-02-18T03:00:00+00:00 [queued]>
[2025-02-18T20:51:22.245+0000] {taskinstance.py:2867} INFO - Starting attempt 1 of 4
[2025-02-18T20:51:22.262+0000] {taskinstance.py:2890} INFO - Executing <Task(BashOperator): task1> on 2025-02-18 03:00:00+00:00
[2025-02-18T20:51:22.267+0000] {warnings.py:112} WARNING - /home/***/.local/lib/python3.12/site-packages/***/task/task_runner/standard_task_runner.py:70: DeprecationWarning: This process (pid=64) is multi-threaded, use of fork() may lead to deadlocks in the child.
  pid = os.fork()

[2025-02-18T20:51:22.270+0000] {standard_task_runner.py:72} INFO - Started process 68 to run task
[2025-02-18T20:51:22.271+0000] {standard_task_runner.py:104} INFO - Running: ['***', 'tasks', 'run', 'default_args_dag', 'task1', 'scheduled__2025-02-18T03:00:00+00:00', '--job-id', '1002', '--raw', '--subdir', 'DAGS_FOLDER/12_default_args_dag.py', '--cfg-path', '/tmp/tmplhmrd1_9']
[2025-02-18T20:51:22.273+0000] {standard_task_runner.py:105} INFO - Job 1002: Subtask task1
[2025-02-18T20:51:22.324+0000] {task_command.py:467} INFO - Running <TaskInstance: default_args_dag.task1 scheduled__2025-02-18T03:00:00+00:00 [running]> on host ab74d4d90d32
[2025-02-18T20:51:22.421+0000] {taskinstance.py:3134} INFO - Exporting env vars: AIRFLOW_CTX_DAG_EMAIL='test@test.com' AIRFLOW_CTX_DAG_OWNER='***' AIRFLOW_CTX_DAG_ID='default_args_dag' AIRFLOW_CTX_TASK_ID='task1' AIRFLOW_CTX_EXECUTION_DATE='2025-02-18T03:00:00+00:00' AIRFLOW_CTX_TRY_NUMBER='1' AIRFLOW_CTX_DAG_RUN_ID='scheduled__2025-02-18T03:00:00+00:00'
[2025-02-18T20:51:22.421+0000] {taskinstance.py:732} INFO - ::endgroup::
[2025-02-18T20:51:22.436+0000] {subprocess.py:78} INFO - Tmp dir root location: /tmp
[2025-02-18T20:51:22.437+0000] {subprocess.py:88} INFO - Running command: ['/usr/bin/bash', '-c', 'sleep 5']
[2025-02-18T20:51:22.445+0000] {subprocess.py:99} INFO - Output:
[2025-02-18T20:51:27.450+0000] {subprocess.py:110} INFO - Command exited with return code 0
[2025-02-18T20:51:27.487+0000] {taskinstance.py:341} INFO - ::group::Post task execution logs
[2025-02-18T20:51:27.488+0000] {taskinstance.py:353} INFO - Marking task as SUCCESS. dag_id=default_args_dag, task_id=task1, run_id=scheduled__2025-02-18T03:00:00+00:00, execution_date=20250218T030000, start_date=20250218T205122, end_date=20250218T205127
[2025-02-18T20:51:27.558+0000] {local_task_job_runner.py:266} INFO - Task exited with return code 0
[2025-02-18T20:51:27.602+0000] {taskinstance.py:3901} INFO - 1 downstream tasks scheduled from follow-on schedule check
[2025-02-18T20:51:27.604+0000] {local_task_job_runner.py:245} INFO - ::endgroup::
