[2025-02-14T21:26:36.908+0000] {local_task_job_runner.py:123} INFO - ::group::Pre task execution logs
[2025-02-14T21:26:36.943+0000] {taskinstance.py:2614} INFO - Dependencies all met for dep_context=non-requeueable deps ti=<TaskInstance: group_task_dag.task_group.task8 scheduled__2025-02-12T21:33:00+00:00 [queued]>
[2025-02-14T21:26:36.955+0000] {taskinstance.py:2614} INFO - Dependencies all met for dep_context=requeueable deps ti=<TaskInstance: group_task_dag.task_group.task8 scheduled__2025-02-12T21:33:00+00:00 [queued]>
[2025-02-14T21:26:36.955+0000] {taskinstance.py:2867} INFO - Starting attempt 1 of 1
[2025-02-14T21:26:36.971+0000] {taskinstance.py:2890} INFO - Executing <Task(BashOperator): task_group.task8> on 2025-02-12 21:33:00+00:00
[2025-02-14T21:26:36.975+0000] {warnings.py:112} WARNING - /home/***/.local/lib/python3.12/site-packages/***/task/task_runner/standard_task_runner.py:70: DeprecationWarning: This process (pid=555) is multi-threaded, use of fork() may lead to deadlocks in the child.
  pid = os.fork()

[2025-02-14T21:26:36.977+0000] {standard_task_runner.py:104} INFO - Running: ['***', 'tasks', 'run', 'group_task_dag', 'task_group.task8', 'scheduled__2025-02-12T21:33:00+00:00', '--job-id', '813', '--raw', '--subdir', 'DAGS_FOLDER/09_group_task_dag.py', '--cfg-path', '/tmp/tmpu1qxt56p']
[2025-02-14T21:26:36.978+0000] {standard_task_runner.py:72} INFO - Started process 557 to run task
[2025-02-14T21:26:36.979+0000] {standard_task_runner.py:105} INFO - Job 813: Subtask task_group.task8
[2025-02-14T21:26:37.036+0000] {task_command.py:467} INFO - Running <TaskInstance: group_task_dag.task_group.task8 scheduled__2025-02-12T21:33:00+00:00 [running]> on host ab74d4d90d32
[2025-02-14T21:26:37.142+0000] {taskinstance.py:3134} INFO - Exporting env vars: AIRFLOW_CTX_DAG_OWNER='***' AIRFLOW_CTX_DAG_ID='group_task_dag' AIRFLOW_CTX_TASK_ID='task_group.task8' AIRFLOW_CTX_EXECUTION_DATE='2025-02-12T21:33:00+00:00' AIRFLOW_CTX_TRY_NUMBER='1' AIRFLOW_CTX_DAG_RUN_ID='scheduled__2025-02-12T21:33:00+00:00'
[2025-02-14T21:26:37.143+0000] {taskinstance.py:732} INFO - ::endgroup::
[2025-02-14T21:26:37.160+0000] {subprocess.py:78} INFO - Tmp dir root location: /tmp
[2025-02-14T21:26:37.161+0000] {subprocess.py:88} INFO - Running command: ['/usr/bin/bash', '-c', 'sleep 5']
[2025-02-14T21:26:37.171+0000] {subprocess.py:99} INFO - Output:
[2025-02-14T21:26:42.175+0000] {subprocess.py:110} INFO - Command exited with return code 0
[2025-02-14T21:26:42.202+0000] {taskinstance.py:341} INFO - ::group::Post task execution logs
[2025-02-14T21:26:42.203+0000] {taskinstance.py:353} INFO - Marking task as SUCCESS. dag_id=group_task_dag, task_id=task_group.task8, run_id=scheduled__2025-02-12T21:33:00+00:00, execution_date=20250212T213300, start_date=20250214T212636, end_date=20250214T212642
[2025-02-14T21:26:42.257+0000] {local_task_job_runner.py:266} INFO - Task exited with return code 0
[2025-02-14T21:26:42.265+0000] {local_task_job_runner.py:245} INFO - ::endgroup::
