[2025-02-14T00:37:12.037+0000] {local_task_job_runner.py:123} INFO - ::group::Pre task execution logs
[2025-02-14T00:37:12.086+0000] {taskinstance.py:2614} INFO - Dependencies all met for dep_context=non-requeueable deps ti=<TaskInstance: third_dag.task2 scheduled__2025-02-12T21:33:00+00:00 [queued]>
[2025-02-14T00:37:12.113+0000] {taskinstance.py:2614} INFO - Dependencies all met for dep_context=requeueable deps ti=<TaskInstance: third_dag.task2 scheduled__2025-02-12T21:33:00+00:00 [queued]>
[2025-02-14T00:37:12.114+0000] {taskinstance.py:2867} INFO - Starting attempt 1 of 1
[2025-02-14T00:37:12.154+0000] {taskinstance.py:2890} INFO - Executing <Task(BashOperator): task2> on 2025-02-12 21:33:00+00:00
[2025-02-14T00:37:12.161+0000] {warnings.py:112} WARNING - /home/***/.local/lib/python3.12/site-packages/***/task/task_runner/standard_task_runner.py:70: DeprecationWarning: This process (pid=521) is multi-threaded, use of fork() may lead to deadlocks in the child.
  pid = os.fork()

[2025-02-14T00:37:12.163+0000] {standard_task_runner.py:72} INFO - Started process 527 to run task
[2025-02-14T00:37:12.164+0000] {standard_task_runner.py:104} INFO - Running: ['***', 'tasks', 'run', 'third_dag', 'task2', 'scheduled__2025-02-12T21:33:00+00:00', '--job-id', '55', '--raw', '--subdir', 'DAGS_FOLDER/03_third_dag.py', '--cfg-path', '/tmp/tmp_xcfqjo1']
[2025-02-14T00:37:12.167+0000] {standard_task_runner.py:105} INFO - Job 55: Subtask task2
[2025-02-14T00:37:12.279+0000] {task_command.py:467} INFO - Running <TaskInstance: third_dag.task2 scheduled__2025-02-12T21:33:00+00:00 [running]> on host ab74d4d90d32
[2025-02-14T00:37:12.446+0000] {taskinstance.py:3134} INFO - Exporting env vars: AIRFLOW_CTX_DAG_OWNER='***' AIRFLOW_CTX_DAG_ID='third_dag' AIRFLOW_CTX_TASK_ID='task2' AIRFLOW_CTX_EXECUTION_DATE='2025-02-12T21:33:00+00:00' AIRFLOW_CTX_TRY_NUMBER='1' AIRFLOW_CTX_DAG_RUN_ID='scheduled__2025-02-12T21:33:00+00:00'
[2025-02-14T00:37:12.447+0000] {taskinstance.py:732} INFO - ::endgroup::
[2025-02-14T00:37:12.472+0000] {subprocess.py:78} INFO - Tmp dir root location: /tmp
[2025-02-14T00:37:12.474+0000] {subprocess.py:88} INFO - Running command: ['/usr/bin/bash', '-c', 'sleep 5']
[2025-02-14T00:37:12.482+0000] {subprocess.py:99} INFO - Output:
[2025-02-14T00:37:17.488+0000] {subprocess.py:110} INFO - Command exited with return code 0
[2025-02-14T00:37:17.521+0000] {taskinstance.py:341} INFO - ::group::Post task execution logs
[2025-02-14T00:37:17.521+0000] {taskinstance.py:353} INFO - Marking task as SUCCESS. dag_id=third_dag, task_id=task2, run_id=scheduled__2025-02-12T21:33:00+00:00, execution_date=20250212T213300, start_date=20250214T003712, end_date=20250214T003717
[2025-02-14T00:37:17.564+0000] {local_task_job_runner.py:266} INFO - Task exited with return code 0
[2025-02-14T00:37:17.586+0000] {taskinstance.py:3901} INFO - 0 downstream tasks scheduled from follow-on schedule check
[2025-02-14T00:37:17.589+0000] {local_task_job_runner.py:245} INFO - ::endgroup::
