[2025-02-17T11:11:10.368+0000] {local_task_job_runner.py:123} INFO - ::group::Pre task execution logs
[2025-02-17T11:11:10.712+0000] {taskinstance.py:2614} INFO - Dependencies all met for dep_context=non-requeueable deps ti=<TaskInstance: third_dag.task2 scheduled__2025-02-15T21:33:00+00:00 [queued]>
[2025-02-17T11:11:10.770+0000] {taskinstance.py:2614} INFO - Dependencies all met for dep_context=requeueable deps ti=<TaskInstance: third_dag.task2 scheduled__2025-02-15T21:33:00+00:00 [queued]>
[2025-02-17T11:11:10.770+0000] {taskinstance.py:2867} INFO - Starting attempt 1 of 1
[2025-02-17T11:11:11.307+0000] {taskinstance.py:2890} INFO - Executing <Task(BashOperator): task2> on 2025-02-15 21:33:00+00:00
[2025-02-17T11:11:11.328+0000] {warnings.py:112} WARNING - /home/***/.local/lib/python3.12/site-packages/***/task/task_runner/standard_task_runner.py:70: DeprecationWarning: This process (pid=6696) is multi-threaded, use of fork() may lead to deadlocks in the child.
  pid = os.fork()

[2025-02-17T11:11:11.330+0000] {standard_task_runner.py:72} INFO - Started process 6732 to run task
[2025-02-17T11:11:11.365+0000] {standard_task_runner.py:104} INFO - Running: ['***', 'tasks', 'run', 'third_dag', 'task2', 'scheduled__2025-02-15T21:33:00+00:00', '--job-id', '905', '--raw', '--subdir', 'DAGS_FOLDER/03_third_dag.py', '--cfg-path', '/tmp/tmpk02kojon']
[2025-02-17T11:11:11.367+0000] {standard_task_runner.py:105} INFO - Job 905: Subtask task2
[2025-02-17T11:11:11.952+0000] {task_command.py:467} INFO - Running <TaskInstance: third_dag.task2 scheduled__2025-02-15T21:33:00+00:00 [running]> on host ab74d4d90d32
[2025-02-17T11:11:12.514+0000] {taskinstance.py:3134} INFO - Exporting env vars: AIRFLOW_CTX_DAG_OWNER='***' AIRFLOW_CTX_DAG_ID='third_dag' AIRFLOW_CTX_TASK_ID='task2' AIRFLOW_CTX_EXECUTION_DATE='2025-02-15T21:33:00+00:00' AIRFLOW_CTX_TRY_NUMBER='1' AIRFLOW_CTX_DAG_RUN_ID='scheduled__2025-02-15T21:33:00+00:00'
[2025-02-17T11:11:12.515+0000] {taskinstance.py:732} INFO - ::endgroup::
[2025-02-17T11:11:12.661+0000] {subprocess.py:78} INFO - Tmp dir root location: /tmp
[2025-02-17T11:11:12.678+0000] {subprocess.py:88} INFO - Running command: ['/usr/bin/bash', '-c', 'sleep 5']
[2025-02-17T11:11:12.744+0000] {subprocess.py:99} INFO - Output:
[2025-02-17T11:11:17.774+0000] {subprocess.py:110} INFO - Command exited with return code 0
[2025-02-17T11:11:17.859+0000] {taskinstance.py:341} INFO - ::group::Post task execution logs
[2025-02-17T11:11:17.859+0000] {taskinstance.py:353} INFO - Marking task as SUCCESS. dag_id=third_dag, task_id=task2, run_id=scheduled__2025-02-15T21:33:00+00:00, execution_date=20250215T213300, start_date=20250217T111110, end_date=20250217T111117
[2025-02-17T11:11:17.973+0000] {local_task_job_runner.py:266} INFO - Task exited with return code 0
[2025-02-17T11:11:17.992+0000] {local_task_job_runner.py:245} INFO - ::endgroup::
