[2025-02-18T21:21:00.269+0000] {local_task_job_runner.py:123} INFO - ::group::Pre task execution logs
[2025-02-18T21:21:00.307+0000] {taskinstance.py:2614} INFO - Dependencies all met for dep_context=non-requeueable deps ti=<TaskInstance: pool_dag.task4 manual__2025-02-18T21:20:58.967785+00:00 [queued]>
[2025-02-18T21:21:00.321+0000] {taskinstance.py:2614} INFO - Dependencies all met for dep_context=requeueable deps ti=<TaskInstance: pool_dag.task4 manual__2025-02-18T21:20:58.967785+00:00 [queued]>
[2025-02-18T21:21:00.321+0000] {taskinstance.py:2867} INFO - Starting attempt 1 of 1
[2025-02-18T21:21:00.359+0000] {taskinstance.py:2890} INFO - Executing <Task(BashOperator): task4> on 2025-02-18 21:20:58.967785+00:00
[2025-02-18T21:21:00.371+0000] {warnings.py:112} WARNING - /home/***/.local/lib/python3.12/site-packages/***/task/task_runner/standard_task_runner.py:70: DeprecationWarning: This process (pid=471) is multi-threaded, use of fork() may lead to deadlocks in the child.
  pid = os.fork()

[2025-02-18T21:21:00.374+0000] {standard_task_runner.py:72} INFO - Started process 472 to run task
[2025-02-18T21:21:00.373+0000] {standard_task_runner.py:104} INFO - Running: ['***', 'tasks', 'run', 'pool_dag', 'task4', 'manual__2025-02-18T21:20:58.967785+00:00', '--job-id', '1021', '--raw', '--subdir', 'DAGS_FOLDER/17_pools_dag.py', '--cfg-path', '/tmp/tmp_g57lygn']
[2025-02-18T21:21:00.375+0000] {standard_task_runner.py:105} INFO - Job 1021: Subtask task4
[2025-02-18T21:21:00.479+0000] {task_command.py:467} INFO - Running <TaskInstance: pool_dag.task4 manual__2025-02-18T21:20:58.967785+00:00 [running]> on host ab74d4d90d32
[2025-02-18T21:21:00.665+0000] {taskinstance.py:3134} INFO - Exporting env vars: AIRFLOW_CTX_DAG_OWNER='***' AIRFLOW_CTX_DAG_ID='pool_dag' AIRFLOW_CTX_TASK_ID='task4' AIRFLOW_CTX_EXECUTION_DATE='2025-02-18T21:20:58.967785+00:00' AIRFLOW_CTX_TRY_NUMBER='1' AIRFLOW_CTX_DAG_RUN_ID='manual__2025-02-18T21:20:58.967785+00:00'
[2025-02-18T21:21:00.667+0000] {taskinstance.py:732} INFO - ::endgroup::
[2025-02-18T21:21:00.699+0000] {subprocess.py:78} INFO - Tmp dir root location: /tmp
[2025-02-18T21:21:00.700+0000] {subprocess.py:88} INFO - Running command: ['/usr/bin/bash', '-c', 'sleep 5']
[2025-02-18T21:21:00.728+0000] {subprocess.py:99} INFO - Output:
[2025-02-18T21:21:05.739+0000] {subprocess.py:110} INFO - Command exited with return code 0
[2025-02-18T21:21:05.772+0000] {taskinstance.py:341} INFO - ::group::Post task execution logs
[2025-02-18T21:21:05.773+0000] {taskinstance.py:353} INFO - Marking task as SUCCESS. dag_id=pool_dag, task_id=task4, run_id=manual__2025-02-18T21:20:58.967785+00:00, execution_date=20250218T212058, start_date=20250218T212100, end_date=20250218T212105
[2025-02-18T21:21:05.825+0000] {local_task_job_runner.py:266} INFO - Task exited with return code 0
[2025-02-18T21:21:05.842+0000] {taskinstance.py:3901} INFO - 0 downstream tasks scheduled from follow-on schedule check
[2025-02-18T21:21:05.844+0000] {local_task_job_runner.py:245} INFO - ::endgroup::
