[2025-02-14T00:37:11.975+0000] {local_task_job_runner.py:123} INFO - ::group::Pre task execution logs
[2025-02-14T00:37:12.017+0000] {taskinstance.py:2614} INFO - Dependencies all met for dep_context=non-requeueable deps ti=<TaskInstance: third_dag.task1 manual__2025-02-14T00:37:09.922249+00:00 [queued]>
[2025-02-14T00:37:12.037+0000] {taskinstance.py:2614} INFO - Dependencies all met for dep_context=requeueable deps ti=<TaskInstance: third_dag.task1 manual__2025-02-14T00:37:09.922249+00:00 [queued]>
[2025-02-14T00:37:12.037+0000] {taskinstance.py:2867} INFO - Starting attempt 1 of 1
[2025-02-14T00:37:12.066+0000] {taskinstance.py:2890} INFO - Executing <Task(BashOperator): task1> on 2025-02-14 00:37:09.922249+00:00
[2025-02-14T00:37:12.075+0000] {warnings.py:112} WARNING - /home/***/.local/lib/python3.12/site-packages/***/task/task_runner/standard_task_runner.py:70: DeprecationWarning: This process (pid=519) is multi-threaded, use of fork() may lead to deadlocks in the child.
  pid = os.fork()

[2025-02-14T00:37:12.079+0000] {standard_task_runner.py:72} INFO - Started process 523 to run task
[2025-02-14T00:37:12.080+0000] {standard_task_runner.py:104} INFO - Running: ['***', 'tasks', 'run', 'third_dag', 'task1', 'manual__2025-02-14T00:37:09.922249+00:00', '--job-id', '54', '--raw', '--subdir', 'DAGS_FOLDER/03_third_dag.py', '--cfg-path', '/tmp/tmpksg5iwzq']
[2025-02-14T00:37:12.084+0000] {standard_task_runner.py:105} INFO - Job 54: Subtask task1
[2025-02-14T00:37:12.191+0000] {task_command.py:467} INFO - Running <TaskInstance: third_dag.task1 manual__2025-02-14T00:37:09.922249+00:00 [running]> on host ab74d4d90d32
[2025-02-14T00:37:12.372+0000] {taskinstance.py:3134} INFO - Exporting env vars: AIRFLOW_CTX_DAG_OWNER='***' AIRFLOW_CTX_DAG_ID='third_dag' AIRFLOW_CTX_TASK_ID='task1' AIRFLOW_CTX_EXECUTION_DATE='2025-02-14T00:37:09.922249+00:00' AIRFLOW_CTX_TRY_NUMBER='1' AIRFLOW_CTX_DAG_RUN_ID='manual__2025-02-14T00:37:09.922249+00:00'
[2025-02-14T00:37:12.373+0000] {taskinstance.py:732} INFO - ::endgroup::
[2025-02-14T00:37:12.408+0000] {subprocess.py:78} INFO - Tmp dir root location: /tmp
[2025-02-14T00:37:12.412+0000] {subprocess.py:88} INFO - Running command: ['/usr/bin/bash', '-c', 'sleep 5']
[2025-02-14T00:37:12.427+0000] {subprocess.py:99} INFO - Output:
[2025-02-14T00:37:17.434+0000] {subprocess.py:110} INFO - Command exited with return code 0
[2025-02-14T00:37:17.463+0000] {taskinstance.py:341} INFO - ::group::Post task execution logs
[2025-02-14T00:37:17.463+0000] {taskinstance.py:353} INFO - Marking task as SUCCESS. dag_id=third_dag, task_id=task1, run_id=manual__2025-02-14T00:37:09.922249+00:00, execution_date=20250214T003709, start_date=20250214T003712, end_date=20250214T003717
[2025-02-14T00:37:17.530+0000] {local_task_job_runner.py:266} INFO - Task exited with return code 0
[2025-02-14T00:37:17.570+0000] {taskinstance.py:3901} INFO - 0 downstream tasks scheduled from follow-on schedule check
[2025-02-14T00:37:17.572+0000] {local_task_job_runner.py:245} INFO - ::endgroup::
