[2025-02-14T21:33:24.910+0000] {local_task_job_runner.py:123} INFO - ::group::Pre task execution logs
[2025-02-14T21:33:24.938+0000] {taskinstance.py:2614} INFO - Dependencies all met for dep_context=non-requeueable deps ti=<TaskInstance: fourth_dag.task1 scheduled__2025-02-13T21:33:00+00:00 [queued]>
[2025-02-14T21:33:24.955+0000] {taskinstance.py:2614} INFO - Dependencies all met for dep_context=requeueable deps ti=<TaskInstance: fourth_dag.task1 scheduled__2025-02-13T21:33:00+00:00 [queued]>
[2025-02-14T21:33:24.956+0000] {taskinstance.py:2867} INFO - Starting attempt 1 of 1
[2025-02-14T21:33:24.973+0000] {taskinstance.py:2890} INFO - Executing <Task(BashOperator): task1> on 2025-02-13 21:33:00+00:00
[2025-02-14T21:33:24.980+0000] {warnings.py:112} WARNING - /home/***/.local/lib/python3.12/site-packages/***/task/task_runner/standard_task_runner.py:70: DeprecationWarning: This process (pid=717) is multi-threaded, use of fork() may lead to deadlocks in the child.
  pid = os.fork()

[2025-02-14T21:33:24.983+0000] {standard_task_runner.py:72} INFO - Started process 719 to run task
[2025-02-14T21:33:24.982+0000] {standard_task_runner.py:104} INFO - Running: ['***', 'tasks', 'run', 'fourth_dag', 'task1', 'scheduled__2025-02-13T21:33:00+00:00', '--job-id', '834', '--raw', '--subdir', 'DAGS_FOLDER/04_fourth_dag.py', '--cfg-path', '/tmp/tmpz2wdmzcu']
[2025-02-14T21:33:24.985+0000] {standard_task_runner.py:105} INFO - Job 834: Subtask task1
[2025-02-14T21:33:25.042+0000] {task_command.py:467} INFO - Running <TaskInstance: fourth_dag.task1 scheduled__2025-02-13T21:33:00+00:00 [running]> on host ab74d4d90d32
[2025-02-14T21:33:25.178+0000] {taskinstance.py:3134} INFO - Exporting env vars: AIRFLOW_CTX_DAG_OWNER='***' AIRFLOW_CTX_DAG_ID='fourth_dag' AIRFLOW_CTX_TASK_ID='task1' AIRFLOW_CTX_EXECUTION_DATE='2025-02-13T21:33:00+00:00' AIRFLOW_CTX_TRY_NUMBER='1' AIRFLOW_CTX_DAG_RUN_ID='scheduled__2025-02-13T21:33:00+00:00'
[2025-02-14T21:33:25.179+0000] {taskinstance.py:732} INFO - ::endgroup::
[2025-02-14T21:33:25.201+0000] {subprocess.py:78} INFO - Tmp dir root location: /tmp
[2025-02-14T21:33:25.202+0000] {subprocess.py:88} INFO - Running command: ['/usr/bin/bash', '-c', 'sleep 5']
[2025-02-14T21:33:25.212+0000] {subprocess.py:99} INFO - Output:
[2025-02-14T21:33:30.218+0000] {subprocess.py:110} INFO - Command exited with return code 0
[2025-02-14T21:33:30.244+0000] {taskinstance.py:341} INFO - ::group::Post task execution logs
[2025-02-14T21:33:30.245+0000] {taskinstance.py:353} INFO - Marking task as SUCCESS. dag_id=fourth_dag, task_id=task1, run_id=scheduled__2025-02-13T21:33:00+00:00, execution_date=20250213T213300, start_date=20250214T213324, end_date=20250214T213330
[2025-02-14T21:33:30.300+0000] {local_task_job_runner.py:266} INFO - Task exited with return code 0
[2025-02-14T21:33:30.318+0000] {taskinstance.py:3901} INFO - 0 downstream tasks scheduled from follow-on schedule check
[2025-02-14T21:33:30.319+0000] {local_task_job_runner.py:245} INFO - ::endgroup::
