[2025-02-17T21:33:18.564+0000] {local_task_job_runner.py:123} INFO - ::group::Pre task execution logs
[2025-02-17T21:33:18.815+0000] {taskinstance.py:2614} INFO - Dependencies all met for dep_context=non-requeueable deps ti=<TaskInstance: group_task_dag.task2 scheduled__2025-02-16T21:33:00+00:00 [queued]>
[2025-02-17T21:33:18.975+0000] {taskinstance.py:2614} INFO - Dependencies all met for dep_context=requeueable deps ti=<TaskInstance: group_task_dag.task2 scheduled__2025-02-16T21:33:00+00:00 [queued]>
[2025-02-17T21:33:18.976+0000] {taskinstance.py:2867} INFO - Starting attempt 1 of 1
[2025-02-17T21:33:19.226+0000] {taskinstance.py:2890} INFO - Executing <Task(BashOperator): task2> on 2025-02-16 21:33:00+00:00
[2025-02-17T21:33:19.242+0000] {standard_task_runner.py:104} INFO - Running: ['***', 'tasks', 'run', 'group_task_dag', 'task2', 'scheduled__2025-02-16T21:33:00+00:00', '--job-id', '966', '--raw', '--subdir', 'DAGS_FOLDER/09_group_task_dag.py', '--cfg-path', '/tmp/tmpo963vrgz']
[2025-02-17T21:33:19.244+0000] {standard_task_runner.py:105} INFO - Job 966: Subtask task2
[2025-02-17T21:33:19.342+0000] {warnings.py:112} WARNING - /home/***/.local/lib/python3.12/site-packages/***/task/task_runner/standard_task_runner.py:70: DeprecationWarning: This process (pid=8082) is multi-threaded, use of fork() may lead to deadlocks in the child.
  pid = os.fork()

[2025-02-17T21:33:19.366+0000] {standard_task_runner.py:72} INFO - Started process 8099 to run task
[2025-02-17T21:33:19.726+0000] {task_command.py:467} INFO - Running <TaskInstance: group_task_dag.task2 scheduled__2025-02-16T21:33:00+00:00 [running]> on host ab74d4d90d32
[2025-02-17T21:33:20.352+0000] {taskinstance.py:3134} INFO - Exporting env vars: AIRFLOW_CTX_DAG_OWNER='***' AIRFLOW_CTX_DAG_ID='group_task_dag' AIRFLOW_CTX_TASK_ID='task2' AIRFLOW_CTX_EXECUTION_DATE='2025-02-16T21:33:00+00:00' AIRFLOW_CTX_TRY_NUMBER='1' AIRFLOW_CTX_DAG_RUN_ID='scheduled__2025-02-16T21:33:00+00:00'
[2025-02-17T21:33:20.352+0000] {taskinstance.py:732} INFO - ::endgroup::
[2025-02-17T21:33:20.398+0000] {subprocess.py:78} INFO - Tmp dir root location: /tmp
[2025-02-17T21:33:20.402+0000] {subprocess.py:88} INFO - Running command: ['/usr/bin/bash', '-c', 'sleep 5']
[2025-02-17T21:33:20.420+0000] {subprocess.py:99} INFO - Output:
[2025-02-17T21:33:25.425+0000] {subprocess.py:110} INFO - Command exited with return code 0
[2025-02-17T21:33:25.461+0000] {taskinstance.py:341} INFO - ::group::Post task execution logs
[2025-02-17T21:33:25.462+0000] {taskinstance.py:353} INFO - Marking task as SUCCESS. dag_id=group_task_dag, task_id=task2, run_id=scheduled__2025-02-16T21:33:00+00:00, execution_date=20250216T213300, start_date=20250217T213318, end_date=20250217T213325
[2025-02-17T21:33:25.543+0000] {local_task_job_runner.py:266} INFO - Task exited with return code 0
[2025-02-17T21:33:25.590+0000] {taskinstance.py:3901} INFO - 1 downstream tasks scheduled from follow-on schedule check
[2025-02-17T21:33:25.592+0000] {local_task_job_runner.py:245} INFO - ::endgroup::
