[2025-02-17T20:01:52.752+0000] {local_task_job_runner.py:123} INFO - ::group::Pre task execution logs
[2025-02-17T20:01:52.785+0000] {taskinstance.py:2614} INFO - Dependencies all met for dep_context=non-requeueable deps ti=<TaskInstance: send_email_dag.task2 manual__2025-02-17T20:01:50.614197+00:00 [queued]>
[2025-02-17T20:01:52.798+0000] {taskinstance.py:2614} INFO - Dependencies all met for dep_context=requeueable deps ti=<TaskInstance: send_email_dag.task2 manual__2025-02-17T20:01:50.614197+00:00 [queued]>
[2025-02-17T20:01:52.798+0000] {taskinstance.py:2867} INFO - Starting attempt 1 of 2
[2025-02-17T20:01:52.830+0000] {taskinstance.py:2890} INFO - Executing <Task(BashOperator): task2> on 2025-02-17 20:01:50.614197+00:00
[2025-02-17T20:01:52.838+0000] {warnings.py:112} WARNING - /home/***/.local/lib/python3.12/site-packages/***/task/task_runner/standard_task_runner.py:70: DeprecationWarning: This process (pid=7560) is multi-threaded, use of fork() may lead to deadlocks in the child.
  pid = os.fork()

[2025-02-17T20:01:52.840+0000] {standard_task_runner.py:72} INFO - Started process 7562 to run task
[2025-02-17T20:01:52.841+0000] {standard_task_runner.py:104} INFO - Running: ['***', 'tasks', 'run', 'send_email_dag', 'task2', 'manual__2025-02-17T20:01:50.614197+00:00', '--job-id', '937', '--raw', '--subdir', 'DAGS_FOLDER/14_send_email_dag.py', '--cfg-path', '/tmp/tmpsio9x18w']
[2025-02-17T20:01:52.843+0000] {standard_task_runner.py:105} INFO - Job 937: Subtask task2
[2025-02-17T20:01:52.931+0000] {task_command.py:467} INFO - Running <TaskInstance: send_email_dag.task2 manual__2025-02-17T20:01:50.614197+00:00 [running]> on host ab74d4d90d32
[2025-02-17T20:01:53.063+0000] {taskinstance.py:3134} INFO - Exporting env vars: AIRFLOW_CTX_DAG_EMAIL='test@test.com' AIRFLOW_CTX_DAG_OWNER='***' AIRFLOW_CTX_DAG_ID='send_email_dag' AIRFLOW_CTX_TASK_ID='task2' AIRFLOW_CTX_EXECUTION_DATE='2025-02-17T20:01:50.614197+00:00' AIRFLOW_CTX_TRY_NUMBER='1' AIRFLOW_CTX_DAG_RUN_ID='manual__2025-02-17T20:01:50.614197+00:00'
[2025-02-17T20:01:53.065+0000] {taskinstance.py:732} INFO - ::endgroup::
[2025-02-17T20:01:53.096+0000] {subprocess.py:78} INFO - Tmp dir root location: /tmp
[2025-02-17T20:01:53.097+0000] {subprocess.py:88} INFO - Running command: ['/usr/bin/bash', '-c', 'sleep 5']
[2025-02-17T20:01:53.107+0000] {subprocess.py:99} INFO - Output:
[2025-02-17T20:01:58.115+0000] {subprocess.py:110} INFO - Command exited with return code 0
[2025-02-17T20:01:58.152+0000] {taskinstance.py:341} INFO - ::group::Post task execution logs
[2025-02-17T20:01:58.153+0000] {taskinstance.py:353} INFO - Marking task as SUCCESS. dag_id=send_email_dag, task_id=task2, run_id=manual__2025-02-17T20:01:50.614197+00:00, execution_date=20250217T200150, start_date=20250217T200152, end_date=20250217T200158
[2025-02-17T20:01:58.247+0000] {local_task_job_runner.py:266} INFO - Task exited with return code 0
[2025-02-17T20:01:58.277+0000] {taskinstance.py:3901} INFO - 0 downstream tasks scheduled from follow-on schedule check
[2025-02-17T20:01:58.279+0000] {local_task_job_runner.py:245} INFO - ::endgroup::
