[2025-02-18T20:51:35.845+0000] {local_task_job_runner.py:123} INFO - ::group::Pre task execution logs
[2025-02-18T20:51:35.882+0000] {taskinstance.py:2614} INFO - Dependencies all met for dep_context=non-requeueable deps ti=<TaskInstance: default_args_dag.task3 scheduled__2025-02-18T03:00:00+00:00 [queued]>
[2025-02-18T20:51:35.899+0000] {taskinstance.py:2614} INFO - Dependencies all met for dep_context=requeueable deps ti=<TaskInstance: default_args_dag.task3 scheduled__2025-02-18T03:00:00+00:00 [queued]>
[2025-02-18T20:51:35.899+0000] {taskinstance.py:2867} INFO - Starting attempt 1 of 2
[2025-02-18T20:51:35.924+0000] {taskinstance.py:2890} INFO - Executing <Task(BashOperator): task3> on 2025-02-18 03:00:00+00:00
[2025-02-18T20:51:35.930+0000] {warnings.py:112} WARNING - /home/***/.local/lib/python3.12/site-packages/***/task/task_runner/standard_task_runner.py:70: DeprecationWarning: This process (pid=81) is multi-threaded, use of fork() may lead to deadlocks in the child.
  pid = os.fork()

[2025-02-18T20:51:35.933+0000] {standard_task_runner.py:104} INFO - Running: ['***', 'tasks', 'run', 'default_args_dag', 'task3', 'scheduled__2025-02-18T03:00:00+00:00', '--job-id', '1006', '--raw', '--subdir', 'DAGS_FOLDER/12_default_args_dag.py', '--cfg-path', '/tmp/tmpu45du6ym']
[2025-02-18T20:51:35.936+0000] {standard_task_runner.py:105} INFO - Job 1006: Subtask task3
[2025-02-18T20:51:35.937+0000] {standard_task_runner.py:72} INFO - Started process 84 to run task
[2025-02-18T20:51:36.057+0000] {task_command.py:467} INFO - Running <TaskInstance: default_args_dag.task3 scheduled__2025-02-18T03:00:00+00:00 [running]> on host ab74d4d90d32
[2025-02-18T20:51:36.240+0000] {taskinstance.py:3134} INFO - Exporting env vars: AIRFLOW_CTX_DAG_EMAIL='test@test.com' AIRFLOW_CTX_DAG_OWNER='***' AIRFLOW_CTX_DAG_ID='default_args_dag' AIRFLOW_CTX_TASK_ID='task3' AIRFLOW_CTX_EXECUTION_DATE='2025-02-18T03:00:00+00:00' AIRFLOW_CTX_TRY_NUMBER='1' AIRFLOW_CTX_DAG_RUN_ID='scheduled__2025-02-18T03:00:00+00:00'
[2025-02-18T20:51:36.241+0000] {taskinstance.py:732} INFO - ::endgroup::
[2025-02-18T20:51:36.261+0000] {subprocess.py:78} INFO - Tmp dir root location: /tmp
[2025-02-18T20:51:36.262+0000] {subprocess.py:88} INFO - Running command: ['/usr/bin/bash', '-c', 'sleep 5']
[2025-02-18T20:51:36.273+0000] {subprocess.py:99} INFO - Output:
[2025-02-18T20:51:41.277+0000] {subprocess.py:110} INFO - Command exited with return code 0
[2025-02-18T20:51:41.426+0000] {taskinstance.py:341} INFO - ::group::Post task execution logs
[2025-02-18T20:51:41.440+0000] {taskinstance.py:353} INFO - Marking task as SUCCESS. dag_id=default_args_dag, task_id=task3, run_id=scheduled__2025-02-18T03:00:00+00:00, execution_date=20250218T030000, start_date=20250218T205135, end_date=20250218T205141
[2025-02-18T20:51:41.749+0000] {local_task_job_runner.py:266} INFO - Task exited with return code 0
[2025-02-18T20:51:41.835+0000] {local_task_job_runner.py:245} INFO - ::endgroup::
