[2025-02-14T00:09:37.032+0000] {local_task_job_runner.py:123} INFO - ::group::Pre task execution logs
[2025-02-14T00:09:37.061+0000] {taskinstance.py:2614} INFO - Dependencies all met for dep_context=non-requeueable deps ti=<TaskInstance: first_dag.task1 manual__2025-02-14T00:09:33.674423+00:00 [queued]>
[2025-02-14T00:09:37.077+0000] {taskinstance.py:2614} INFO - Dependencies all met for dep_context=requeueable deps ti=<TaskInstance: first_dag.task1 manual__2025-02-14T00:09:33.674423+00:00 [queued]>
[2025-02-14T00:09:37.077+0000] {taskinstance.py:2867} INFO - Starting attempt 1 of 1
[2025-02-14T00:09:37.103+0000] {taskinstance.py:2890} INFO - Executing <Task(BashOperator): task1> on 2025-02-14 00:09:33.674423+00:00
[2025-02-14T00:09:37.109+0000] {warnings.py:112} WARNING - /home/***/.local/lib/python3.12/site-packages/***/task/task_runner/standard_task_runner.py:70: DeprecationWarning: This process (pid=174) is multi-threaded, use of fork() may lead to deadlocks in the child.
  pid = os.fork()

[2025-02-14T00:09:37.112+0000] {standard_task_runner.py:72} INFO - Started process 175 to run task
[2025-02-14T00:09:37.113+0000] {standard_task_runner.py:104} INFO - Running: ['***', 'tasks', 'run', 'first_dag', 'task1', 'manual__2025-02-14T00:09:33.674423+00:00', '--job-id', '44', '--raw', '--subdir', 'DAGS_FOLDER/first_dag.py', '--cfg-path', '/tmp/tmphycodtv4']
[2025-02-14T00:09:37.115+0000] {standard_task_runner.py:105} INFO - Job 44: Subtask task1
[2025-02-14T00:09:37.180+0000] {task_command.py:467} INFO - Running <TaskInstance: first_dag.task1 manual__2025-02-14T00:09:33.674423+00:00 [running]> on host ab74d4d90d32
[2025-02-14T00:09:37.318+0000] {taskinstance.py:3134} INFO - Exporting env vars: AIRFLOW_CTX_DAG_OWNER='***' AIRFLOW_CTX_DAG_ID='first_dag' AIRFLOW_CTX_TASK_ID='task1' AIRFLOW_CTX_EXECUTION_DATE='2025-02-14T00:09:33.674423+00:00' AIRFLOW_CTX_TRY_NUMBER='1' AIRFLOW_CTX_DAG_RUN_ID='manual__2025-02-14T00:09:33.674423+00:00'
[2025-02-14T00:09:37.319+0000] {taskinstance.py:732} INFO - ::endgroup::
[2025-02-14T00:09:37.365+0000] {subprocess.py:78} INFO - Tmp dir root location: /tmp
[2025-02-14T00:09:37.366+0000] {subprocess.py:88} INFO - Running command: ['/usr/bin/bash', '-c', 'sleep 5']
[2025-02-14T00:09:37.382+0000] {subprocess.py:99} INFO - Output:
[2025-02-14T00:09:42.392+0000] {subprocess.py:110} INFO - Command exited with return code 0
[2025-02-14T00:09:42.430+0000] {taskinstance.py:341} INFO - ::group::Post task execution logs
[2025-02-14T00:09:42.430+0000] {taskinstance.py:353} INFO - Marking task as SUCCESS. dag_id=first_dag, task_id=task1, run_id=manual__2025-02-14T00:09:33.674423+00:00, execution_date=20250214T000933, start_date=20250214T000937, end_date=20250214T000942
[2025-02-14T00:09:42.472+0000] {local_task_job_runner.py:266} INFO - Task exited with return code 0
[2025-02-14T00:09:42.508+0000] {taskinstance.py:3901} INFO - 1 downstream tasks scheduled from follow-on schedule check
[2025-02-14T00:09:42.511+0000] {local_task_job_runner.py:245} INFO - ::endgroup::
