[2025-02-13T23:55:54.724+0000] {processor.py:186} INFO - Started process (PID=130) to work on /home/airflow/.local/lib/python3.12/site-packages/airflow/example_dags/example_nested_branch_dag.py
[2025-02-13T23:55:54.725+0000] {processor.py:914} INFO - Processing file /home/airflow/.local/lib/python3.12/site-packages/airflow/example_dags/example_nested_branch_dag.py for tasks to queue
[2025-02-13T23:55:54.729+0000] {logging_mixin.py:190} INFO - [2025-02-13T23:55:54.729+0000] {dagbag.py:588} INFO - Filling up the DagBag from /home/airflow/.local/lib/python3.12/site-packages/airflow/example_dags/example_nested_branch_dag.py
[2025-02-13T23:55:54.756+0000] {processor.py:925} INFO - DAG(s) 'example_nested_branch_dag' retrieved from /home/airflow/.local/lib/python3.12/site-packages/airflow/example_dags/example_nested_branch_dag.py
[2025-02-13T23:55:54.987+0000] {logging_mixin.py:190} INFO - [2025-02-13T23:55:54.986+0000] {dag.py:3239} INFO - Sync 1 DAGs
[2025-02-13T23:55:55.025+0000] {logging_mixin.py:190} INFO - [2025-02-13T23:55:55.025+0000] {dag.py:4180} INFO - Setting next_dagrun for example_nested_branch_dag to 2025-02-12 00:00:00+00:00, run_after=2025-02-13 00:00:00+00:00
[2025-02-13T23:55:55.057+0000] {processor.py:208} INFO - Processing /home/airflow/.local/lib/python3.12/site-packages/airflow/example_dags/example_nested_branch_dag.py took 0.346 seconds
[2025-02-13T23:56:25.641+0000] {processor.py:186} INFO - Started process (PID=193) to work on /home/airflow/.local/lib/python3.12/site-packages/airflow/example_dags/example_nested_branch_dag.py
[2025-02-13T23:56:25.642+0000] {processor.py:914} INFO - Processing file /home/airflow/.local/lib/python3.12/site-packages/airflow/example_dags/example_nested_branch_dag.py for tasks to queue
[2025-02-13T23:56:25.644+0000] {logging_mixin.py:190} INFO - [2025-02-13T23:56:25.644+0000] {dagbag.py:588} INFO - Filling up the DagBag from /home/airflow/.local/lib/python3.12/site-packages/airflow/example_dags/example_nested_branch_dag.py
[2025-02-13T23:56:25.656+0000] {processor.py:925} INFO - DAG(s) 'example_nested_branch_dag' retrieved from /home/airflow/.local/lib/python3.12/site-packages/airflow/example_dags/example_nested_branch_dag.py
[2025-02-13T23:56:25.676+0000] {logging_mixin.py:190} INFO - [2025-02-13T23:56:25.676+0000] {dag.py:3239} INFO - Sync 1 DAGs
[2025-02-13T23:56:25.700+0000] {logging_mixin.py:190} INFO - [2025-02-13T23:56:25.700+0000] {dag.py:4180} INFO - Setting next_dagrun for example_nested_branch_dag to 2025-02-12 00:00:00+00:00, run_after=2025-02-13 00:00:00+00:00
[2025-02-13T23:56:25.718+0000] {processor.py:208} INFO - Processing /home/airflow/.local/lib/python3.12/site-packages/airflow/example_dags/example_nested_branch_dag.py took 0.081 seconds
[2025-02-13T23:56:55.976+0000] {processor.py:186} INFO - Started process (PID=249) to work on /home/airflow/.local/lib/python3.12/site-packages/airflow/example_dags/example_nested_branch_dag.py
[2025-02-13T23:56:55.977+0000] {processor.py:914} INFO - Processing file /home/airflow/.local/lib/python3.12/site-packages/airflow/example_dags/example_nested_branch_dag.py for tasks to queue
[2025-02-13T23:56:55.979+0000] {logging_mixin.py:190} INFO - [2025-02-13T23:56:55.979+0000] {dagbag.py:588} INFO - Filling up the DagBag from /home/airflow/.local/lib/python3.12/site-packages/airflow/example_dags/example_nested_branch_dag.py
[2025-02-13T23:56:55.995+0000] {processor.py:925} INFO - DAG(s) 'example_nested_branch_dag' retrieved from /home/airflow/.local/lib/python3.12/site-packages/airflow/example_dags/example_nested_branch_dag.py
[2025-02-13T23:56:56.026+0000] {logging_mixin.py:190} INFO - [2025-02-13T23:56:56.026+0000] {dag.py:3239} INFO - Sync 1 DAGs
[2025-02-13T23:56:56.058+0000] {logging_mixin.py:190} INFO - [2025-02-13T23:56:56.058+0000] {dag.py:4180} INFO - Setting next_dagrun for example_nested_branch_dag to 2025-02-12 00:00:00+00:00, run_after=2025-02-13 00:00:00+00:00
[2025-02-13T23:56:56.082+0000] {processor.py:208} INFO - Processing /home/airflow/.local/lib/python3.12/site-packages/airflow/example_dags/example_nested_branch_dag.py took 0.115 seconds
[2025-02-13T23:57:26.133+0000] {processor.py:186} INFO - Started process (PID=312) to work on /home/airflow/.local/lib/python3.12/site-packages/airflow/example_dags/example_nested_branch_dag.py
[2025-02-13T23:57:26.134+0000] {processor.py:914} INFO - Processing file /home/airflow/.local/lib/python3.12/site-packages/airflow/example_dags/example_nested_branch_dag.py for tasks to queue
[2025-02-13T23:57:26.138+0000] {logging_mixin.py:190} INFO - [2025-02-13T23:57:26.137+0000] {dagbag.py:588} INFO - Filling up the DagBag from /home/airflow/.local/lib/python3.12/site-packages/airflow/example_dags/example_nested_branch_dag.py
[2025-02-13T23:57:26.155+0000] {processor.py:925} INFO - DAG(s) 'example_nested_branch_dag' retrieved from /home/airflow/.local/lib/python3.12/site-packages/airflow/example_dags/example_nested_branch_dag.py
[2025-02-13T23:57:26.182+0000] {logging_mixin.py:190} INFO - [2025-02-13T23:57:26.182+0000] {dag.py:3239} INFO - Sync 1 DAGs
[2025-02-13T23:57:26.206+0000] {logging_mixin.py:190} INFO - [2025-02-13T23:57:26.206+0000] {dag.py:4180} INFO - Setting next_dagrun for example_nested_branch_dag to 2025-02-12 00:00:00+00:00, run_after=2025-02-13 00:00:00+00:00
[2025-02-13T23:57:26.224+0000] {processor.py:208} INFO - Processing /home/airflow/.local/lib/python3.12/site-packages/airflow/example_dags/example_nested_branch_dag.py took 0.098 seconds
