[2025-02-13T23:55:53.197+0000] {processor.py:186} INFO - Started process (PID=121) to work on /home/airflow/.local/lib/python3.12/site-packages/airflow/example_dags/example_python_operator.py
[2025-02-13T23:55:53.198+0000] {processor.py:914} INFO - Processing file /home/airflow/.local/lib/python3.12/site-packages/airflow/example_dags/example_python_operator.py for tasks to queue
[2025-02-13T23:55:53.202+0000] {logging_mixin.py:190} INFO - [2025-02-13T23:55:53.202+0000] {dagbag.py:588} INFO - Filling up the DagBag from /home/airflow/.local/lib/python3.12/site-packages/airflow/example_dags/example_python_operator.py
[2025-02-13T23:55:53.232+0000] {processor.py:925} INFO - DAG(s) 'example_python_operator' retrieved from /home/airflow/.local/lib/python3.12/site-packages/airflow/example_dags/example_python_operator.py
[2025-02-13T23:55:53.420+0000] {logging_mixin.py:190} INFO - [2025-02-13T23:55:53.419+0000] {dag.py:3239} INFO - Sync 1 DAGs
[2025-02-13T23:55:53.438+0000] {logging_mixin.py:190} INFO - [2025-02-13T23:55:53.438+0000] {dag.py:4180} INFO - Setting next_dagrun for example_python_operator to None, run_after=None
[2025-02-13T23:55:53.468+0000] {processor.py:208} INFO - Processing /home/airflow/.local/lib/python3.12/site-packages/airflow/example_dags/example_python_operator.py took 0.284 seconds
[2025-02-13T23:56:24.398+0000] {processor.py:186} INFO - Started process (PID=184) to work on /home/airflow/.local/lib/python3.12/site-packages/airflow/example_dags/example_python_operator.py
[2025-02-13T23:56:24.398+0000] {processor.py:914} INFO - Processing file /home/airflow/.local/lib/python3.12/site-packages/airflow/example_dags/example_python_operator.py for tasks to queue
[2025-02-13T23:56:24.400+0000] {logging_mixin.py:190} INFO - [2025-02-13T23:56:24.400+0000] {dagbag.py:588} INFO - Filling up the DagBag from /home/airflow/.local/lib/python3.12/site-packages/airflow/example_dags/example_python_operator.py
[2025-02-13T23:56:24.413+0000] {processor.py:925} INFO - DAG(s) 'example_python_operator' retrieved from /home/airflow/.local/lib/python3.12/site-packages/airflow/example_dags/example_python_operator.py
[2025-02-13T23:56:24.437+0000] {logging_mixin.py:190} INFO - [2025-02-13T23:56:24.437+0000] {dag.py:3239} INFO - Sync 1 DAGs
[2025-02-13T23:56:24.453+0000] {logging_mixin.py:190} INFO - [2025-02-13T23:56:24.453+0000] {dag.py:4180} INFO - Setting next_dagrun for example_python_operator to None, run_after=None
[2025-02-13T23:56:24.474+0000] {processor.py:208} INFO - Processing /home/airflow/.local/lib/python3.12/site-packages/airflow/example_dags/example_python_operator.py took 0.084 seconds
[2025-02-13T23:56:54.960+0000] {processor.py:186} INFO - Started process (PID=247) to work on /home/airflow/.local/lib/python3.12/site-packages/airflow/example_dags/example_python_operator.py
[2025-02-13T23:56:54.962+0000] {processor.py:914} INFO - Processing file /home/airflow/.local/lib/python3.12/site-packages/airflow/example_dags/example_python_operator.py for tasks to queue
[2025-02-13T23:56:54.965+0000] {logging_mixin.py:190} INFO - [2025-02-13T23:56:54.964+0000] {dagbag.py:588} INFO - Filling up the DagBag from /home/airflow/.local/lib/python3.12/site-packages/airflow/example_dags/example_python_operator.py
[2025-02-13T23:56:54.978+0000] {processor.py:925} INFO - DAG(s) 'example_python_operator' retrieved from /home/airflow/.local/lib/python3.12/site-packages/airflow/example_dags/example_python_operator.py
[2025-02-13T23:56:55.000+0000] {logging_mixin.py:190} INFO - [2025-02-13T23:56:54.999+0000] {dag.py:3239} INFO - Sync 1 DAGs
[2025-02-13T23:56:55.013+0000] {logging_mixin.py:190} INFO - [2025-02-13T23:56:55.013+0000] {dag.py:4180} INFO - Setting next_dagrun for example_python_operator to None, run_after=None
[2025-02-13T23:56:55.031+0000] {processor.py:208} INFO - Processing /home/airflow/.local/lib/python3.12/site-packages/airflow/example_dags/example_python_operator.py took 0.079 seconds
[2025-02-13T23:57:25.115+0000] {processor.py:186} INFO - Started process (PID=310) to work on /home/airflow/.local/lib/python3.12/site-packages/airflow/example_dags/example_python_operator.py
[2025-02-13T23:57:25.116+0000] {processor.py:914} INFO - Processing file /home/airflow/.local/lib/python3.12/site-packages/airflow/example_dags/example_python_operator.py for tasks to queue
[2025-02-13T23:57:25.118+0000] {logging_mixin.py:190} INFO - [2025-02-13T23:57:25.118+0000] {dagbag.py:588} INFO - Filling up the DagBag from /home/airflow/.local/lib/python3.12/site-packages/airflow/example_dags/example_python_operator.py
[2025-02-13T23:57:25.131+0000] {processor.py:925} INFO - DAG(s) 'example_python_operator' retrieved from /home/airflow/.local/lib/python3.12/site-packages/airflow/example_dags/example_python_operator.py
[2025-02-13T23:57:25.153+0000] {logging_mixin.py:190} INFO - [2025-02-13T23:57:25.153+0000] {dag.py:3239} INFO - Sync 1 DAGs
[2025-02-13T23:57:25.166+0000] {logging_mixin.py:190} INFO - [2025-02-13T23:57:25.166+0000] {dag.py:4180} INFO - Setting next_dagrun for example_python_operator to None, run_after=None
[2025-02-13T23:57:25.183+0000] {processor.py:208} INFO - Processing /home/airflow/.local/lib/python3.12/site-packages/airflow/example_dags/example_python_operator.py took 0.074 seconds
