[2025-02-13T23:55:52.605+0000] {processor.py:186} INFO - Started process (PID=117) to work on /home/airflow/.local/lib/python3.12/site-packages/airflow/example_dags/example_xcomargs.py
[2025-02-13T23:55:52.606+0000] {processor.py:914} INFO - Processing file /home/airflow/.local/lib/python3.12/site-packages/airflow/example_dags/example_xcomargs.py for tasks to queue
[2025-02-13T23:55:52.609+0000] {logging_mixin.py:190} INFO - [2025-02-13T23:55:52.608+0000] {dagbag.py:588} INFO - Filling up the DagBag from /home/airflow/.local/lib/python3.12/site-packages/airflow/example_dags/example_xcomargs.py
[2025-02-13T23:55:52.622+0000] {processor.py:925} INFO - DAG(s) 'example_xcom_args_with_operators', 'example_xcom_args' retrieved from /home/airflow/.local/lib/python3.12/site-packages/airflow/example_dags/example_xcomargs.py
[2025-02-13T23:55:52.804+0000] {logging_mixin.py:190} INFO - [2025-02-13T23:55:52.804+0000] {dag.py:3239} INFO - Sync 2 DAGs
[2025-02-13T23:55:52.820+0000] {logging_mixin.py:190} INFO - [2025-02-13T23:55:52.820+0000] {dag.py:4180} INFO - Setting next_dagrun for example_xcom_args to None, run_after=None
[2025-02-13T23:55:52.824+0000] {logging_mixin.py:190} INFO - [2025-02-13T23:55:52.823+0000] {dag.py:4180} INFO - Setting next_dagrun for example_xcom_args_with_operators to None, run_after=None
[2025-02-13T23:55:52.846+0000] {processor.py:208} INFO - Processing /home/airflow/.local/lib/python3.12/site-packages/airflow/example_dags/example_xcomargs.py took 0.251 seconds
[2025-02-13T23:56:23.108+0000] {processor.py:186} INFO - Started process (PID=180) to work on /home/airflow/.local/lib/python3.12/site-packages/airflow/example_dags/example_xcomargs.py
[2025-02-13T23:56:23.109+0000] {processor.py:914} INFO - Processing file /home/airflow/.local/lib/python3.12/site-packages/airflow/example_dags/example_xcomargs.py for tasks to queue
[2025-02-13T23:56:23.112+0000] {logging_mixin.py:190} INFO - [2025-02-13T23:56:23.112+0000] {dagbag.py:588} INFO - Filling up the DagBag from /home/airflow/.local/lib/python3.12/site-packages/airflow/example_dags/example_xcomargs.py
[2025-02-13T23:56:23.129+0000] {processor.py:925} INFO - DAG(s) 'example_xcom_args_with_operators', 'example_xcom_args' retrieved from /home/airflow/.local/lib/python3.12/site-packages/airflow/example_dags/example_xcomargs.py
[2025-02-13T23:56:23.171+0000] {logging_mixin.py:190} INFO - [2025-02-13T23:56:23.170+0000] {dag.py:3239} INFO - Sync 2 DAGs
[2025-02-13T23:56:23.197+0000] {logging_mixin.py:190} INFO - [2025-02-13T23:56:23.196+0000] {dag.py:4180} INFO - Setting next_dagrun for example_xcom_args to None, run_after=None
[2025-02-13T23:56:23.202+0000] {logging_mixin.py:190} INFO - [2025-02-13T23:56:23.202+0000] {dag.py:4180} INFO - Setting next_dagrun for example_xcom_args_with_operators to None, run_after=None
[2025-02-13T23:56:23.223+0000] {processor.py:208} INFO - Processing /home/airflow/.local/lib/python3.12/site-packages/airflow/example_dags/example_xcomargs.py took 0.123 seconds
[2025-02-13T23:56:53.633+0000] {processor.py:186} INFO - Started process (PID=242) to work on /home/airflow/.local/lib/python3.12/site-packages/airflow/example_dags/example_xcomargs.py
[2025-02-13T23:56:53.634+0000] {processor.py:914} INFO - Processing file /home/airflow/.local/lib/python3.12/site-packages/airflow/example_dags/example_xcomargs.py for tasks to queue
[2025-02-13T23:56:53.636+0000] {logging_mixin.py:190} INFO - [2025-02-13T23:56:53.636+0000] {dagbag.py:588} INFO - Filling up the DagBag from /home/airflow/.local/lib/python3.12/site-packages/airflow/example_dags/example_xcomargs.py
[2025-02-13T23:56:53.646+0000] {processor.py:925} INFO - DAG(s) 'example_xcom_args', 'example_xcom_args_with_operators' retrieved from /home/airflow/.local/lib/python3.12/site-packages/airflow/example_dags/example_xcomargs.py
[2025-02-13T23:56:53.668+0000] {logging_mixin.py:190} INFO - [2025-02-13T23:56:53.668+0000] {dag.py:3239} INFO - Sync 2 DAGs
[2025-02-13T23:56:53.681+0000] {logging_mixin.py:190} INFO - [2025-02-13T23:56:53.681+0000] {dag.py:4180} INFO - Setting next_dagrun for example_xcom_args to None, run_after=None
[2025-02-13T23:56:53.684+0000] {logging_mixin.py:190} INFO - [2025-02-13T23:56:53.684+0000] {dag.py:4180} INFO - Setting next_dagrun for example_xcom_args_with_operators to None, run_after=None
[2025-02-13T23:56:53.700+0000] {processor.py:208} INFO - Processing /home/airflow/.local/lib/python3.12/site-packages/airflow/example_dags/example_xcomargs.py took 0.072 seconds
[2025-02-13T23:57:24.167+0000] {processor.py:186} INFO - Started process (PID=305) to work on /home/airflow/.local/lib/python3.12/site-packages/airflow/example_dags/example_xcomargs.py
[2025-02-13T23:57:24.168+0000] {processor.py:914} INFO - Processing file /home/airflow/.local/lib/python3.12/site-packages/airflow/example_dags/example_xcomargs.py for tasks to queue
[2025-02-13T23:57:24.170+0000] {logging_mixin.py:190} INFO - [2025-02-13T23:57:24.169+0000] {dagbag.py:588} INFO - Filling up the DagBag from /home/airflow/.local/lib/python3.12/site-packages/airflow/example_dags/example_xcomargs.py
[2025-02-13T23:57:24.179+0000] {processor.py:925} INFO - DAG(s) 'example_xcom_args_with_operators', 'example_xcom_args' retrieved from /home/airflow/.local/lib/python3.12/site-packages/airflow/example_dags/example_xcomargs.py
[2025-02-13T23:57:24.200+0000] {logging_mixin.py:190} INFO - [2025-02-13T23:57:24.200+0000] {dag.py:3239} INFO - Sync 2 DAGs
[2025-02-13T23:57:24.215+0000] {logging_mixin.py:190} INFO - [2025-02-13T23:57:24.215+0000] {dag.py:4180} INFO - Setting next_dagrun for example_xcom_args to None, run_after=None
[2025-02-13T23:57:24.220+0000] {logging_mixin.py:190} INFO - [2025-02-13T23:57:24.219+0000] {dag.py:4180} INFO - Setting next_dagrun for example_xcom_args_with_operators to None, run_after=None
[2025-02-13T23:57:24.237+0000] {processor.py:208} INFO - Processing /home/airflow/.local/lib/python3.12/site-packages/airflow/example_dags/example_xcomargs.py took 0.075 seconds
