[2025-02-13T23:55:49.620+0000] {processor.py:186} INFO - Started process (PID=103) to work on /home/airflow/.local/lib/python3.12/site-packages/airflow/example_dags/example_sensors.py
[2025-02-13T23:55:49.622+0000] {processor.py:914} INFO - Processing file /home/airflow/.local/lib/python3.12/site-packages/airflow/example_dags/example_sensors.py for tasks to queue
[2025-02-13T23:55:49.631+0000] {logging_mixin.py:190} INFO - [2025-02-13T23:55:49.629+0000] {dagbag.py:588} INFO - Filling up the DagBag from /home/airflow/.local/lib/python3.12/site-packages/airflow/example_dags/example_sensors.py
[2025-02-13T23:55:49.678+0000] {processor.py:925} INFO - DAG(s) 'example_sensors' retrieved from /home/airflow/.local/lib/python3.12/site-packages/airflow/example_dags/example_sensors.py
[2025-02-13T23:55:49.893+0000] {logging_mixin.py:190} INFO - [2025-02-13T23:55:49.892+0000] {dag.py:3239} INFO - Sync 1 DAGs
[2025-02-13T23:55:49.912+0000] {logging_mixin.py:190} INFO - [2025-02-13T23:55:49.911+0000] {dag.py:4180} INFO - Setting next_dagrun for example_sensors to None, run_after=None
[2025-02-13T23:55:49.943+0000] {processor.py:208} INFO - Processing /home/airflow/.local/lib/python3.12/site-packages/airflow/example_dags/example_sensors.py took 0.341 seconds
[2025-02-13T23:56:20.418+0000] {processor.py:186} INFO - Started process (PID=166) to work on /home/airflow/.local/lib/python3.12/site-packages/airflow/example_dags/example_sensors.py
[2025-02-13T23:56:20.419+0000] {processor.py:914} INFO - Processing file /home/airflow/.local/lib/python3.12/site-packages/airflow/example_dags/example_sensors.py for tasks to queue
[2025-02-13T23:56:20.423+0000] {logging_mixin.py:190} INFO - [2025-02-13T23:56:20.423+0000] {dagbag.py:588} INFO - Filling up the DagBag from /home/airflow/.local/lib/python3.12/site-packages/airflow/example_dags/example_sensors.py
[2025-02-13T23:56:20.443+0000] {processor.py:925} INFO - DAG(s) 'example_sensors' retrieved from /home/airflow/.local/lib/python3.12/site-packages/airflow/example_dags/example_sensors.py
[2025-02-13T23:56:20.521+0000] {logging_mixin.py:190} INFO - [2025-02-13T23:56:20.521+0000] {dag.py:3239} INFO - Sync 1 DAGs
[2025-02-13T23:56:20.542+0000] {logging_mixin.py:190} INFO - [2025-02-13T23:56:20.542+0000] {dag.py:4180} INFO - Setting next_dagrun for example_sensors to None, run_after=None
[2025-02-13T23:56:20.568+0000] {processor.py:208} INFO - Processing /home/airflow/.local/lib/python3.12/site-packages/airflow/example_dags/example_sensors.py took 0.158 seconds
[2025-02-13T23:56:50.923+0000] {processor.py:186} INFO - Started process (PID=229) to work on /home/airflow/.local/lib/python3.12/site-packages/airflow/example_dags/example_sensors.py
[2025-02-13T23:56:50.924+0000] {processor.py:914} INFO - Processing file /home/airflow/.local/lib/python3.12/site-packages/airflow/example_dags/example_sensors.py for tasks to queue
[2025-02-13T23:56:50.926+0000] {logging_mixin.py:190} INFO - [2025-02-13T23:56:50.926+0000] {dagbag.py:588} INFO - Filling up the DagBag from /home/airflow/.local/lib/python3.12/site-packages/airflow/example_dags/example_sensors.py
[2025-02-13T23:56:50.936+0000] {processor.py:925} INFO - DAG(s) 'example_sensors' retrieved from /home/airflow/.local/lib/python3.12/site-packages/airflow/example_dags/example_sensors.py
[2025-02-13T23:56:50.961+0000] {logging_mixin.py:190} INFO - [2025-02-13T23:56:50.961+0000] {dag.py:3239} INFO - Sync 1 DAGs
[2025-02-13T23:56:50.975+0000] {logging_mixin.py:190} INFO - [2025-02-13T23:56:50.975+0000] {dag.py:4180} INFO - Setting next_dagrun for example_sensors to None, run_after=None
[2025-02-13T23:56:50.994+0000] {processor.py:208} INFO - Processing /home/airflow/.local/lib/python3.12/site-packages/airflow/example_dags/example_sensors.py took 0.076 seconds
[2025-02-13T23:57:21.476+0000] {processor.py:186} INFO - Started process (PID=292) to work on /home/airflow/.local/lib/python3.12/site-packages/airflow/example_dags/example_sensors.py
[2025-02-13T23:57:21.477+0000] {processor.py:914} INFO - Processing file /home/airflow/.local/lib/python3.12/site-packages/airflow/example_dags/example_sensors.py for tasks to queue
[2025-02-13T23:57:21.480+0000] {logging_mixin.py:190} INFO - [2025-02-13T23:57:21.479+0000] {dagbag.py:588} INFO - Filling up the DagBag from /home/airflow/.local/lib/python3.12/site-packages/airflow/example_dags/example_sensors.py
[2025-02-13T23:57:21.493+0000] {processor.py:925} INFO - DAG(s) 'example_sensors' retrieved from /home/airflow/.local/lib/python3.12/site-packages/airflow/example_dags/example_sensors.py
[2025-02-13T23:57:21.533+0000] {logging_mixin.py:190} INFO - [2025-02-13T23:57:21.533+0000] {dag.py:3239} INFO - Sync 1 DAGs
[2025-02-13T23:57:21.550+0000] {logging_mixin.py:190} INFO - [2025-02-13T23:57:21.550+0000] {dag.py:4180} INFO - Setting next_dagrun for example_sensors to None, run_after=None
[2025-02-13T23:57:21.571+0000] {processor.py:208} INFO - Processing /home/airflow/.local/lib/python3.12/site-packages/airflow/example_dags/example_sensors.py took 0.102 seconds
