[2025-02-13T23:55:42.036+0000] {processor.py:186} INFO - Started process (PID=77) to work on /home/airflow/.local/lib/python3.12/site-packages/airflow/example_dags/example_dataset_alias.py
[2025-02-13T23:55:42.037+0000] {processor.py:914} INFO - Processing file /home/airflow/.local/lib/python3.12/site-packages/airflow/example_dags/example_dataset_alias.py for tasks to queue
[2025-02-13T23:55:42.040+0000] {logging_mixin.py:190} INFO - [2025-02-13T23:55:42.040+0000] {dagbag.py:588} INFO - Filling up the DagBag from /home/airflow/.local/lib/python3.12/site-packages/airflow/example_dags/example_dataset_alias.py
[2025-02-13T23:55:44.862+0000] {processor.py:925} INFO - DAG(s) 'dataset_s3_bucket_consumer', 'dataset_alias_example_alias_producer', 'dataset_alias_example_alias_consumer', 'dataset_s3_bucket_producer' retrieved from /home/airflow/.local/lib/python3.12/site-packages/airflow/example_dags/example_dataset_alias.py
[2025-02-13T23:55:45.182+0000] {logging_mixin.py:190} INFO - [2025-02-13T23:55:45.181+0000] {dag.py:3239} INFO - Sync 4 DAGs
[2025-02-13T23:55:45.223+0000] {logging_mixin.py:190} INFO - [2025-02-13T23:55:45.222+0000] {dag.py:4180} INFO - Setting next_dagrun for dataset_alias_example_alias_consumer to None, run_after=None
[2025-02-13T23:55:45.227+0000] {logging_mixin.py:190} INFO - [2025-02-13T23:55:45.226+0000] {dag.py:4180} INFO - Setting next_dagrun for dataset_alias_example_alias_producer to None, run_after=None
[2025-02-13T23:55:45.229+0000] {logging_mixin.py:190} INFO - [2025-02-13T23:55:45.228+0000] {dag.py:4180} INFO - Setting next_dagrun for dataset_s3_bucket_consumer to None, run_after=None
[2025-02-13T23:55:45.230+0000] {logging_mixin.py:190} INFO - [2025-02-13T23:55:45.230+0000] {dag.py:4180} INFO - Setting next_dagrun for dataset_s3_bucket_producer to None, run_after=None
[2025-02-13T23:55:45.264+0000] {processor.py:208} INFO - Processing /home/airflow/.local/lib/python3.12/site-packages/airflow/example_dags/example_dataset_alias.py took 3.237 seconds
[2025-02-13T23:56:15.661+0000] {processor.py:186} INFO - Started process (PID=142) to work on /home/airflow/.local/lib/python3.12/site-packages/airflow/example_dags/example_dataset_alias.py
[2025-02-13T23:56:15.662+0000] {processor.py:914} INFO - Processing file /home/airflow/.local/lib/python3.12/site-packages/airflow/example_dags/example_dataset_alias.py for tasks to queue
[2025-02-13T23:56:15.665+0000] {logging_mixin.py:190} INFO - [2025-02-13T23:56:15.664+0000] {dagbag.py:588} INFO - Filling up the DagBag from /home/airflow/.local/lib/python3.12/site-packages/airflow/example_dags/example_dataset_alias.py
[2025-02-13T23:56:16.416+0000] {processor.py:925} INFO - DAG(s) 'dataset_alias_example_alias_producer', 'dataset_s3_bucket_producer', 'dataset_s3_bucket_consumer', 'dataset_alias_example_alias_consumer' retrieved from /home/airflow/.local/lib/python3.12/site-packages/airflow/example_dags/example_dataset_alias.py
[2025-02-13T23:56:16.439+0000] {logging_mixin.py:190} INFO - [2025-02-13T23:56:16.438+0000] {dag.py:3239} INFO - Sync 4 DAGs
[2025-02-13T23:56:16.462+0000] {logging_mixin.py:190} INFO - [2025-02-13T23:56:16.462+0000] {dag.py:4180} INFO - Setting next_dagrun for dataset_alias_example_alias_consumer to None, run_after=None
[2025-02-13T23:56:16.465+0000] {logging_mixin.py:190} INFO - [2025-02-13T23:56:16.465+0000] {dag.py:4180} INFO - Setting next_dagrun for dataset_alias_example_alias_producer to None, run_after=None
[2025-02-13T23:56:16.466+0000] {logging_mixin.py:190} INFO - [2025-02-13T23:56:16.466+0000] {dag.py:4180} INFO - Setting next_dagrun for dataset_s3_bucket_consumer to None, run_after=None
[2025-02-13T23:56:16.468+0000] {logging_mixin.py:190} INFO - [2025-02-13T23:56:16.468+0000] {dag.py:4180} INFO - Setting next_dagrun for dataset_s3_bucket_producer to None, run_after=None
[2025-02-13T23:56:16.491+0000] {processor.py:208} INFO - Processing /home/airflow/.local/lib/python3.12/site-packages/airflow/example_dags/example_dataset_alias.py took 0.838 seconds
[2025-02-13T23:56:46.926+0000] {processor.py:186} INFO - Started process (PID=206) to work on /home/airflow/.local/lib/python3.12/site-packages/airflow/example_dags/example_dataset_alias.py
[2025-02-13T23:56:46.927+0000] {processor.py:914} INFO - Processing file /home/airflow/.local/lib/python3.12/site-packages/airflow/example_dags/example_dataset_alias.py for tasks to queue
[2025-02-13T23:56:46.929+0000] {logging_mixin.py:190} INFO - [2025-02-13T23:56:46.928+0000] {dagbag.py:588} INFO - Filling up the DagBag from /home/airflow/.local/lib/python3.12/site-packages/airflow/example_dags/example_dataset_alias.py
[2025-02-13T23:56:47.547+0000] {processor.py:925} INFO - DAG(s) 'dataset_s3_bucket_consumer', 'dataset_alias_example_alias_producer', 'dataset_s3_bucket_producer', 'dataset_alias_example_alias_consumer' retrieved from /home/airflow/.local/lib/python3.12/site-packages/airflow/example_dags/example_dataset_alias.py
[2025-02-13T23:56:47.570+0000] {logging_mixin.py:190} INFO - [2025-02-13T23:56:47.569+0000] {dag.py:3239} INFO - Sync 4 DAGs
[2025-02-13T23:56:47.594+0000] {logging_mixin.py:190} INFO - [2025-02-13T23:56:47.593+0000] {dag.py:4180} INFO - Setting next_dagrun for dataset_alias_example_alias_consumer to None, run_after=None
[2025-02-13T23:56:47.596+0000] {logging_mixin.py:190} INFO - [2025-02-13T23:56:47.596+0000] {dag.py:4180} INFO - Setting next_dagrun for dataset_alias_example_alias_producer to None, run_after=None
[2025-02-13T23:56:47.598+0000] {logging_mixin.py:190} INFO - [2025-02-13T23:56:47.598+0000] {dag.py:4180} INFO - Setting next_dagrun for dataset_s3_bucket_consumer to None, run_after=None
[2025-02-13T23:56:47.600+0000] {logging_mixin.py:190} INFO - [2025-02-13T23:56:47.599+0000] {dag.py:4180} INFO - Setting next_dagrun for dataset_s3_bucket_producer to None, run_after=None
[2025-02-13T23:56:47.624+0000] {processor.py:208} INFO - Processing /home/airflow/.local/lib/python3.12/site-packages/airflow/example_dags/example_dataset_alias.py took 0.704 seconds
[2025-02-13T23:57:18.145+0000] {processor.py:186} INFO - Started process (PID=269) to work on /home/airflow/.local/lib/python3.12/site-packages/airflow/example_dags/example_dataset_alias.py
[2025-02-13T23:57:18.146+0000] {processor.py:914} INFO - Processing file /home/airflow/.local/lib/python3.12/site-packages/airflow/example_dags/example_dataset_alias.py for tasks to queue
[2025-02-13T23:57:18.148+0000] {logging_mixin.py:190} INFO - [2025-02-13T23:57:18.148+0000] {dagbag.py:588} INFO - Filling up the DagBag from /home/airflow/.local/lib/python3.12/site-packages/airflow/example_dags/example_dataset_alias.py
[2025-02-13T23:57:18.857+0000] {processor.py:925} INFO - DAG(s) 'dataset_s3_bucket_producer', 'dataset_alias_example_alias_producer', 'dataset_alias_example_alias_consumer', 'dataset_s3_bucket_consumer' retrieved from /home/airflow/.local/lib/python3.12/site-packages/airflow/example_dags/example_dataset_alias.py
[2025-02-13T23:57:18.887+0000] {logging_mixin.py:190} INFO - [2025-02-13T23:57:18.886+0000] {dag.py:3239} INFO - Sync 4 DAGs
[2025-02-13T23:57:18.917+0000] {logging_mixin.py:190} INFO - [2025-02-13T23:57:18.917+0000] {dag.py:4180} INFO - Setting next_dagrun for dataset_alias_example_alias_consumer to None, run_after=None
[2025-02-13T23:57:18.921+0000] {logging_mixin.py:190} INFO - [2025-02-13T23:57:18.921+0000] {dag.py:4180} INFO - Setting next_dagrun for dataset_alias_example_alias_producer to None, run_after=None
[2025-02-13T23:57:18.923+0000] {logging_mixin.py:190} INFO - [2025-02-13T23:57:18.923+0000] {dag.py:4180} INFO - Setting next_dagrun for dataset_s3_bucket_consumer to None, run_after=None
[2025-02-13T23:57:18.925+0000] {logging_mixin.py:190} INFO - [2025-02-13T23:57:18.924+0000] {dag.py:4180} INFO - Setting next_dagrun for dataset_s3_bucket_producer to None, run_after=None
[2025-02-13T23:57:18.951+0000] {processor.py:208} INFO - Processing /home/airflow/.local/lib/python3.12/site-packages/airflow/example_dags/example_dataset_alias.py took 0.811 seconds
