[2025-02-13T23:55:48.041+0000] {processor.py:186} INFO - Started process (PID=93) to work on /home/airflow/.local/lib/python3.12/site-packages/airflow/example_dags/example_skip_dag.py
[2025-02-13T23:55:48.042+0000] {processor.py:914} INFO - Processing file /home/airflow/.local/lib/python3.12/site-packages/airflow/example_dags/example_skip_dag.py for tasks to queue
[2025-02-13T23:55:48.044+0000] {logging_mixin.py:190} INFO - [2025-02-13T23:55:48.044+0000] {dagbag.py:588} INFO - Filling up the DagBag from /home/airflow/.local/lib/python3.12/site-packages/airflow/example_dags/example_skip_dag.py
[2025-02-13T23:55:48.056+0000] {processor.py:925} INFO - DAG(s) 'example_skip_dag' retrieved from /home/airflow/.local/lib/python3.12/site-packages/airflow/example_dags/example_skip_dag.py
[2025-02-13T23:55:48.279+0000] {logging_mixin.py:190} INFO - [2025-02-13T23:55:48.279+0000] {dag.py:3239} INFO - Sync 1 DAGs
[2025-02-13T23:55:48.316+0000] {logging_mixin.py:190} INFO - [2025-02-13T23:55:48.315+0000] {dag.py:4180} INFO - Setting next_dagrun for example_skip_dag to 2025-02-12 00:00:00+00:00, run_after=2025-02-13 00:00:00+00:00
[2025-02-13T23:55:48.348+0000] {processor.py:208} INFO - Processing /home/airflow/.local/lib/python3.12/site-packages/airflow/example_dags/example_skip_dag.py took 0.317 seconds
[2025-02-13T23:56:18.899+0000] {processor.py:186} INFO - Started process (PID=156) to work on /home/airflow/.local/lib/python3.12/site-packages/airflow/example_dags/example_skip_dag.py
[2025-02-13T23:56:18.901+0000] {processor.py:914} INFO - Processing file /home/airflow/.local/lib/python3.12/site-packages/airflow/example_dags/example_skip_dag.py for tasks to queue
[2025-02-13T23:56:18.903+0000] {logging_mixin.py:190} INFO - [2025-02-13T23:56:18.903+0000] {dagbag.py:588} INFO - Filling up the DagBag from /home/airflow/.local/lib/python3.12/site-packages/airflow/example_dags/example_skip_dag.py
[2025-02-13T23:56:18.922+0000] {processor.py:925} INFO - DAG(s) 'example_skip_dag' retrieved from /home/airflow/.local/lib/python3.12/site-packages/airflow/example_dags/example_skip_dag.py
[2025-02-13T23:56:18.964+0000] {logging_mixin.py:190} INFO - [2025-02-13T23:56:18.963+0000] {dag.py:3239} INFO - Sync 1 DAGs
[2025-02-13T23:56:19.017+0000] {logging_mixin.py:190} INFO - [2025-02-13T23:56:19.016+0000] {dag.py:4180} INFO - Setting next_dagrun for example_skip_dag to 2025-02-12 00:00:00+00:00, run_after=2025-02-13 00:00:00+00:00
[2025-02-13T23:56:19.053+0000] {processor.py:208} INFO - Processing /home/airflow/.local/lib/python3.12/site-packages/airflow/example_dags/example_skip_dag.py took 0.166 seconds
[2025-02-13T23:56:49.333+0000] {processor.py:186} INFO - Started process (PID=219) to work on /home/airflow/.local/lib/python3.12/site-packages/airflow/example_dags/example_skip_dag.py
[2025-02-13T23:56:49.334+0000] {processor.py:914} INFO - Processing file /home/airflow/.local/lib/python3.12/site-packages/airflow/example_dags/example_skip_dag.py for tasks to queue
[2025-02-13T23:56:49.336+0000] {logging_mixin.py:190} INFO - [2025-02-13T23:56:49.336+0000] {dagbag.py:588} INFO - Filling up the DagBag from /home/airflow/.local/lib/python3.12/site-packages/airflow/example_dags/example_skip_dag.py
[2025-02-13T23:56:49.346+0000] {processor.py:925} INFO - DAG(s) 'example_skip_dag' retrieved from /home/airflow/.local/lib/python3.12/site-packages/airflow/example_dags/example_skip_dag.py
[2025-02-13T23:56:49.370+0000] {logging_mixin.py:190} INFO - [2025-02-13T23:56:49.369+0000] {dag.py:3239} INFO - Sync 1 DAGs
[2025-02-13T23:56:49.395+0000] {logging_mixin.py:190} INFO - [2025-02-13T23:56:49.394+0000] {dag.py:4180} INFO - Setting next_dagrun for example_skip_dag to 2025-02-12 00:00:00+00:00, run_after=2025-02-13 00:00:00+00:00
[2025-02-13T23:56:49.415+0000] {processor.py:208} INFO - Processing /home/airflow/.local/lib/python3.12/site-packages/airflow/example_dags/example_skip_dag.py took 0.089 seconds
[2025-02-13T23:57:19.870+0000] {processor.py:186} INFO - Started process (PID=282) to work on /home/airflow/.local/lib/python3.12/site-packages/airflow/example_dags/example_skip_dag.py
[2025-02-13T23:57:19.871+0000] {processor.py:914} INFO - Processing file /home/airflow/.local/lib/python3.12/site-packages/airflow/example_dags/example_skip_dag.py for tasks to queue
[2025-02-13T23:57:19.874+0000] {logging_mixin.py:190} INFO - [2025-02-13T23:57:19.873+0000] {dagbag.py:588} INFO - Filling up the DagBag from /home/airflow/.local/lib/python3.12/site-packages/airflow/example_dags/example_skip_dag.py
[2025-02-13T23:57:19.885+0000] {processor.py:925} INFO - DAG(s) 'example_skip_dag' retrieved from /home/airflow/.local/lib/python3.12/site-packages/airflow/example_dags/example_skip_dag.py
[2025-02-13T23:57:19.911+0000] {logging_mixin.py:190} INFO - [2025-02-13T23:57:19.910+0000] {dag.py:3239} INFO - Sync 1 DAGs
[2025-02-13T23:57:19.939+0000] {logging_mixin.py:190} INFO - [2025-02-13T23:57:19.939+0000] {dag.py:4180} INFO - Setting next_dagrun for example_skip_dag to 2025-02-12 00:00:00+00:00, run_after=2025-02-13 00:00:00+00:00
[2025-02-13T23:57:19.962+0000] {processor.py:208} INFO - Processing /home/airflow/.local/lib/python3.12/site-packages/airflow/example_dags/example_skip_dag.py took 0.100 seconds
