[2025-02-13T23:55:46.426+0000] {processor.py:186} INFO - Started process (PID=87) to work on /home/airflow/.local/lib/python3.12/site-packages/airflow/example_dags/example_bash_operator.py
[2025-02-13T23:55:46.427+0000] {processor.py:914} INFO - Processing file /home/airflow/.local/lib/python3.12/site-packages/airflow/example_dags/example_bash_operator.py for tasks to queue
[2025-02-13T23:55:46.429+0000] {logging_mixin.py:190} INFO - [2025-02-13T23:55:46.428+0000] {dagbag.py:588} INFO - Filling up the DagBag from /home/airflow/.local/lib/python3.12/site-packages/airflow/example_dags/example_bash_operator.py
[2025-02-13T23:55:46.452+0000] {processor.py:925} INFO - DAG(s) 'example_bash_operator' retrieved from /home/airflow/.local/lib/python3.12/site-packages/airflow/example_dags/example_bash_operator.py
[2025-02-13T23:55:46.675+0000] {logging_mixin.py:190} INFO - [2025-02-13T23:55:46.675+0000] {dag.py:3239} INFO - Sync 1 DAGs
[2025-02-13T23:55:46.713+0000] {logging_mixin.py:190} INFO - [2025-02-13T23:55:46.713+0000] {dag.py:4180} INFO - Setting next_dagrun for example_bash_operator to 2025-02-13 00:00:00+00:00, run_after=2025-02-14 00:00:00+00:00
[2025-02-13T23:55:46.743+0000] {processor.py:208} INFO - Processing /home/airflow/.local/lib/python3.12/site-packages/airflow/example_dags/example_bash_operator.py took 0.326 seconds
[2025-02-13T23:56:16.977+0000] {processor.py:186} INFO - Started process (PID=150) to work on /home/airflow/.local/lib/python3.12/site-packages/airflow/example_dags/example_bash_operator.py
[2025-02-13T23:56:16.978+0000] {processor.py:914} INFO - Processing file /home/airflow/.local/lib/python3.12/site-packages/airflow/example_dags/example_bash_operator.py for tasks to queue
[2025-02-13T23:56:16.981+0000] {logging_mixin.py:190} INFO - [2025-02-13T23:56:16.980+0000] {dagbag.py:588} INFO - Filling up the DagBag from /home/airflow/.local/lib/python3.12/site-packages/airflow/example_dags/example_bash_operator.py
[2025-02-13T23:56:17.004+0000] {processor.py:925} INFO - DAG(s) 'example_bash_operator' retrieved from /home/airflow/.local/lib/python3.12/site-packages/airflow/example_dags/example_bash_operator.py
[2025-02-13T23:56:17.068+0000] {logging_mixin.py:190} INFO - [2025-02-13T23:56:17.068+0000] {dag.py:3239} INFO - Sync 1 DAGs
[2025-02-13T23:56:17.122+0000] {logging_mixin.py:190} INFO - [2025-02-13T23:56:17.122+0000] {dag.py:4180} INFO - Setting next_dagrun for example_bash_operator to 2025-02-13 00:00:00+00:00, run_after=2025-02-14 00:00:00+00:00
[2025-02-13T23:56:17.150+0000] {processor.py:208} INFO - Processing /home/airflow/.local/lib/python3.12/site-packages/airflow/example_dags/example_bash_operator.py took 0.180 seconds
[2025-02-13T23:56:47.929+0000] {processor.py:186} INFO - Started process (PID=213) to work on /home/airflow/.local/lib/python3.12/site-packages/airflow/example_dags/example_bash_operator.py
[2025-02-13T23:56:47.930+0000] {processor.py:914} INFO - Processing file /home/airflow/.local/lib/python3.12/site-packages/airflow/example_dags/example_bash_operator.py for tasks to queue
[2025-02-13T23:56:47.932+0000] {logging_mixin.py:190} INFO - [2025-02-13T23:56:47.932+0000] {dagbag.py:588} INFO - Filling up the DagBag from /home/airflow/.local/lib/python3.12/site-packages/airflow/example_dags/example_bash_operator.py
[2025-02-13T23:56:47.945+0000] {processor.py:925} INFO - DAG(s) 'example_bash_operator' retrieved from /home/airflow/.local/lib/python3.12/site-packages/airflow/example_dags/example_bash_operator.py
[2025-02-13T23:56:47.972+0000] {logging_mixin.py:190} INFO - [2025-02-13T23:56:47.972+0000] {dag.py:3239} INFO - Sync 1 DAGs
[2025-02-13T23:56:47.998+0000] {logging_mixin.py:190} INFO - [2025-02-13T23:56:47.997+0000] {dag.py:4180} INFO - Setting next_dagrun for example_bash_operator to 2025-02-13 00:00:00+00:00, run_after=2025-02-14 00:00:00+00:00
[2025-02-13T23:56:48.016+0000] {processor.py:208} INFO - Processing /home/airflow/.local/lib/python3.12/site-packages/airflow/example_dags/example_bash_operator.py took 0.095 seconds
[2025-02-13T23:57:19.362+0000] {processor.py:186} INFO - Started process (PID=276) to work on /home/airflow/.local/lib/python3.12/site-packages/airflow/example_dags/example_bash_operator.py
[2025-02-13T23:57:19.363+0000] {processor.py:914} INFO - Processing file /home/airflow/.local/lib/python3.12/site-packages/airflow/example_dags/example_bash_operator.py for tasks to queue
[2025-02-13T23:57:19.365+0000] {logging_mixin.py:190} INFO - [2025-02-13T23:57:19.364+0000] {dagbag.py:588} INFO - Filling up the DagBag from /home/airflow/.local/lib/python3.12/site-packages/airflow/example_dags/example_bash_operator.py
[2025-02-13T23:57:19.379+0000] {processor.py:925} INFO - DAG(s) 'example_bash_operator' retrieved from /home/airflow/.local/lib/python3.12/site-packages/airflow/example_dags/example_bash_operator.py
[2025-02-13T23:57:19.411+0000] {logging_mixin.py:190} INFO - [2025-02-13T23:57:19.411+0000] {dag.py:3239} INFO - Sync 1 DAGs
[2025-02-13T23:57:19.440+0000] {logging_mixin.py:190} INFO - [2025-02-13T23:57:19.440+0000] {dag.py:4180} INFO - Setting next_dagrun for example_bash_operator to 2025-02-13 00:00:00+00:00, run_after=2025-02-14 00:00:00+00:00
[2025-02-13T23:57:19.464+0000] {processor.py:208} INFO - Processing /home/airflow/.local/lib/python3.12/site-packages/airflow/example_dags/example_bash_operator.py took 0.108 seconds
