[2025-02-13T23:55:47.405+0000] {processor.py:186} INFO - Started process (PID=91) to work on /home/airflow/.local/lib/python3.12/site-packages/airflow/example_dags/example_params_trigger_ui.py
[2025-02-13T23:55:47.407+0000] {processor.py:914} INFO - Processing file /home/airflow/.local/lib/python3.12/site-packages/airflow/example_dags/example_params_trigger_ui.py for tasks to queue
[2025-02-13T23:55:47.411+0000] {logging_mixin.py:190} INFO - [2025-02-13T23:55:47.411+0000] {dagbag.py:588} INFO - Filling up the DagBag from /home/airflow/.local/lib/python3.12/site-packages/airflow/example_dags/example_params_trigger_ui.py
[2025-02-13T23:55:47.433+0000] {processor.py:925} INFO - DAG(s) 'example_params_trigger_ui' retrieved from /home/airflow/.local/lib/python3.12/site-packages/airflow/example_dags/example_params_trigger_ui.py
[2025-02-13T23:55:47.675+0000] {logging_mixin.py:190} INFO - [2025-02-13T23:55:47.674+0000] {dag.py:3239} INFO - Sync 1 DAGs
[2025-02-13T23:55:47.692+0000] {logging_mixin.py:190} INFO - [2025-02-13T23:55:47.691+0000] {dag.py:4180} INFO - Setting next_dagrun for example_params_trigger_ui to None, run_after=None
[2025-02-13T23:55:47.723+0000] {processor.py:208} INFO - Processing /home/airflow/.local/lib/python3.12/site-packages/airflow/example_dags/example_params_trigger_ui.py took 0.334 seconds
[2025-02-13T23:56:18.458+0000] {processor.py:186} INFO - Started process (PID=154) to work on /home/airflow/.local/lib/python3.12/site-packages/airflow/example_dags/example_params_trigger_ui.py
[2025-02-13T23:56:18.459+0000] {processor.py:914} INFO - Processing file /home/airflow/.local/lib/python3.12/site-packages/airflow/example_dags/example_params_trigger_ui.py for tasks to queue
[2025-02-13T23:56:18.463+0000] {logging_mixin.py:190} INFO - [2025-02-13T23:56:18.462+0000] {dagbag.py:588} INFO - Filling up the DagBag from /home/airflow/.local/lib/python3.12/site-packages/airflow/example_dags/example_params_trigger_ui.py
[2025-02-13T23:56:18.485+0000] {processor.py:925} INFO - DAG(s) 'example_params_trigger_ui' retrieved from /home/airflow/.local/lib/python3.12/site-packages/airflow/example_dags/example_params_trigger_ui.py
[2025-02-13T23:56:18.596+0000] {logging_mixin.py:190} INFO - [2025-02-13T23:56:18.595+0000] {dag.py:3239} INFO - Sync 1 DAGs
[2025-02-13T23:56:18.623+0000] {logging_mixin.py:190} INFO - [2025-02-13T23:56:18.623+0000] {dag.py:4180} INFO - Setting next_dagrun for example_params_trigger_ui to None, run_after=None
[2025-02-13T23:56:18.662+0000] {processor.py:208} INFO - Processing /home/airflow/.local/lib/python3.12/site-packages/airflow/example_dags/example_params_trigger_ui.py took 0.216 seconds
[2025-02-13T23:56:49.161+0000] {processor.py:186} INFO - Started process (PID=217) to work on /home/airflow/.local/lib/python3.12/site-packages/airflow/example_dags/example_params_trigger_ui.py
[2025-02-13T23:56:49.162+0000] {processor.py:914} INFO - Processing file /home/airflow/.local/lib/python3.12/site-packages/airflow/example_dags/example_params_trigger_ui.py for tasks to queue
[2025-02-13T23:56:49.165+0000] {logging_mixin.py:190} INFO - [2025-02-13T23:56:49.164+0000] {dagbag.py:588} INFO - Filling up the DagBag from /home/airflow/.local/lib/python3.12/site-packages/airflow/example_dags/example_params_trigger_ui.py
[2025-02-13T23:56:49.176+0000] {processor.py:925} INFO - DAG(s) 'example_params_trigger_ui' retrieved from /home/airflow/.local/lib/python3.12/site-packages/airflow/example_dags/example_params_trigger_ui.py
[2025-02-13T23:56:49.226+0000] {logging_mixin.py:190} INFO - [2025-02-13T23:56:49.225+0000] {dag.py:3239} INFO - Sync 1 DAGs
[2025-02-13T23:56:49.240+0000] {logging_mixin.py:190} INFO - [2025-02-13T23:56:49.240+0000] {dag.py:4180} INFO - Setting next_dagrun for example_params_trigger_ui to None, run_after=None
[2025-02-13T23:56:49.259+0000] {processor.py:208} INFO - Processing /home/airflow/.local/lib/python3.12/site-packages/airflow/example_dags/example_params_trigger_ui.py took 0.104 seconds
[2025-02-13T23:57:19.717+0000] {processor.py:186} INFO - Started process (PID=280) to work on /home/airflow/.local/lib/python3.12/site-packages/airflow/example_dags/example_params_trigger_ui.py
[2025-02-13T23:57:19.719+0000] {processor.py:914} INFO - Processing file /home/airflow/.local/lib/python3.12/site-packages/airflow/example_dags/example_params_trigger_ui.py for tasks to queue
[2025-02-13T23:57:19.723+0000] {logging_mixin.py:190} INFO - [2025-02-13T23:57:19.722+0000] {dagbag.py:588} INFO - Filling up the DagBag from /home/airflow/.local/lib/python3.12/site-packages/airflow/example_dags/example_params_trigger_ui.py
[2025-02-13T23:57:19.741+0000] {processor.py:925} INFO - DAG(s) 'example_params_trigger_ui' retrieved from /home/airflow/.local/lib/python3.12/site-packages/airflow/example_dags/example_params_trigger_ui.py
[2025-02-13T23:57:19.798+0000] {logging_mixin.py:190} INFO - [2025-02-13T23:57:19.797+0000] {dag.py:3239} INFO - Sync 1 DAGs
[2025-02-13T23:57:19.814+0000] {logging_mixin.py:190} INFO - [2025-02-13T23:57:19.814+0000] {dag.py:4180} INFO - Setting next_dagrun for example_params_trigger_ui to None, run_after=None
[2025-02-13T23:57:19.837+0000] {processor.py:208} INFO - Processing /home/airflow/.local/lib/python3.12/site-packages/airflow/example_dags/example_params_trigger_ui.py took 0.129 seconds
