[2025-02-13T23:55:48.663+0000] {processor.py:186} INFO - Started process (PID=97) to work on /home/airflow/.local/lib/python3.12/site-packages/airflow/example_dags/example_branch_python_dop_operator_3.py
[2025-02-13T23:55:48.664+0000] {processor.py:914} INFO - Processing file /home/airflow/.local/lib/python3.12/site-packages/airflow/example_dags/example_branch_python_dop_operator_3.py for tasks to queue
[2025-02-13T23:55:48.667+0000] {logging_mixin.py:190} INFO - [2025-02-13T23:55:48.666+0000] {dagbag.py:588} INFO - Filling up the DagBag from /home/airflow/.local/lib/python3.12/site-packages/airflow/example_dags/example_branch_python_dop_operator_3.py
[2025-02-13T23:55:48.682+0000] {processor.py:925} INFO - DAG(s) 'example_branch_dop_operator_v3' retrieved from /home/airflow/.local/lib/python3.12/site-packages/airflow/example_dags/example_branch_python_dop_operator_3.py
[2025-02-13T23:55:48.867+0000] {logging_mixin.py:190} INFO - [2025-02-13T23:55:48.867+0000] {dag.py:3239} INFO - Sync 1 DAGs
[2025-02-13T23:55:48.909+0000] {logging_mixin.py:190} INFO - [2025-02-13T23:55:48.909+0000] {dag.py:4180} INFO - Setting next_dagrun for example_branch_dop_operator_v3 to 2025-02-13 23:54:00+00:00, run_after=2025-02-13 23:55:00+00:00
[2025-02-13T23:55:48.933+0000] {processor.py:208} INFO - Processing /home/airflow/.local/lib/python3.12/site-packages/airflow/example_dags/example_branch_python_dop_operator_3.py took 0.279 seconds
[2025-02-13T23:56:19.299+0000] {processor.py:186} INFO - Started process (PID=160) to work on /home/airflow/.local/lib/python3.12/site-packages/airflow/example_dags/example_branch_python_dop_operator_3.py
[2025-02-13T23:56:19.300+0000] {processor.py:914} INFO - Processing file /home/airflow/.local/lib/python3.12/site-packages/airflow/example_dags/example_branch_python_dop_operator_3.py for tasks to queue
[2025-02-13T23:56:19.304+0000] {logging_mixin.py:190} INFO - [2025-02-13T23:56:19.304+0000] {dagbag.py:588} INFO - Filling up the DagBag from /home/airflow/.local/lib/python3.12/site-packages/airflow/example_dags/example_branch_python_dop_operator_3.py
[2025-02-13T23:56:19.325+0000] {processor.py:925} INFO - DAG(s) 'example_branch_dop_operator_v3' retrieved from /home/airflow/.local/lib/python3.12/site-packages/airflow/example_dags/example_branch_python_dop_operator_3.py
[2025-02-13T23:56:19.375+0000] {logging_mixin.py:190} INFO - [2025-02-13T23:56:19.374+0000] {dag.py:3239} INFO - Sync 1 DAGs
[2025-02-13T23:56:19.437+0000] {logging_mixin.py:190} INFO - [2025-02-13T23:56:19.437+0000] {dag.py:4180} INFO - Setting next_dagrun for example_branch_dop_operator_v3 to 2025-02-13 23:55:00+00:00, run_after=2025-02-13 23:56:00+00:00
[2025-02-13T23:56:19.476+0000] {processor.py:208} INFO - Processing /home/airflow/.local/lib/python3.12/site-packages/airflow/example_dags/example_branch_python_dop_operator_3.py took 0.188 seconds
[2025-02-13T23:56:49.543+0000] {processor.py:186} INFO - Started process (PID=223) to work on /home/airflow/.local/lib/python3.12/site-packages/airflow/example_dags/example_branch_python_dop_operator_3.py
[2025-02-13T23:56:49.545+0000] {processor.py:914} INFO - Processing file /home/airflow/.local/lib/python3.12/site-packages/airflow/example_dags/example_branch_python_dop_operator_3.py for tasks to queue
[2025-02-13T23:56:49.547+0000] {logging_mixin.py:190} INFO - [2025-02-13T23:56:49.546+0000] {dagbag.py:588} INFO - Filling up the DagBag from /home/airflow/.local/lib/python3.12/site-packages/airflow/example_dags/example_branch_python_dop_operator_3.py
[2025-02-13T23:56:49.559+0000] {processor.py:925} INFO - DAG(s) 'example_branch_dop_operator_v3' retrieved from /home/airflow/.local/lib/python3.12/site-packages/airflow/example_dags/example_branch_python_dop_operator_3.py
[2025-02-13T23:56:49.582+0000] {logging_mixin.py:190} INFO - [2025-02-13T23:56:49.581+0000] {dag.py:3239} INFO - Sync 1 DAGs
[2025-02-13T23:56:49.610+0000] {logging_mixin.py:190} INFO - [2025-02-13T23:56:49.610+0000] {dag.py:4180} INFO - Setting next_dagrun for example_branch_dop_operator_v3 to 2025-02-13 23:55:00+00:00, run_after=2025-02-13 23:56:00+00:00
[2025-02-13T23:56:49.631+0000] {processor.py:208} INFO - Processing /home/airflow/.local/lib/python3.12/site-packages/airflow/example_dags/example_branch_python_dop_operator_3.py took 0.095 seconds
[2025-02-13T23:57:20.121+0000] {processor.py:186} INFO - Started process (PID=286) to work on /home/airflow/.local/lib/python3.12/site-packages/airflow/example_dags/example_branch_python_dop_operator_3.py
[2025-02-13T23:57:20.122+0000] {processor.py:914} INFO - Processing file /home/airflow/.local/lib/python3.12/site-packages/airflow/example_dags/example_branch_python_dop_operator_3.py for tasks to queue
[2025-02-13T23:57:20.125+0000] {logging_mixin.py:190} INFO - [2025-02-13T23:57:20.125+0000] {dagbag.py:588} INFO - Filling up the DagBag from /home/airflow/.local/lib/python3.12/site-packages/airflow/example_dags/example_branch_python_dop_operator_3.py
[2025-02-13T23:57:20.138+0000] {processor.py:925} INFO - DAG(s) 'example_branch_dop_operator_v3' retrieved from /home/airflow/.local/lib/python3.12/site-packages/airflow/example_dags/example_branch_python_dop_operator_3.py
[2025-02-13T23:57:20.161+0000] {logging_mixin.py:190} INFO - [2025-02-13T23:57:20.161+0000] {dag.py:3239} INFO - Sync 1 DAGs
[2025-02-13T23:57:20.193+0000] {logging_mixin.py:190} INFO - [2025-02-13T23:57:20.193+0000] {dag.py:4180} INFO - Setting next_dagrun for example_branch_dop_operator_v3 to 2025-02-13 23:56:00+00:00, run_after=2025-02-13 23:57:00+00:00
[2025-02-13T23:57:20.218+0000] {processor.py:208} INFO - Processing /home/airflow/.local/lib/python3.12/site-packages/airflow/example_dags/example_branch_python_dop_operator_3.py took 0.104 seconds
