[2025-02-13T23:55:51.375+0000] {processor.py:186} INFO - Started process (PID=112) to work on /home/airflow/.local/lib/python3.12/site-packages/airflow/example_dags/example_kubernetes_executor.py
[2025-02-13T23:55:51.376+0000] {processor.py:914} INFO - Processing file /home/airflow/.local/lib/python3.12/site-packages/airflow/example_dags/example_kubernetes_executor.py for tasks to queue
[2025-02-13T23:55:51.378+0000] {logging_mixin.py:190} INFO - [2025-02-13T23:55:51.378+0000] {dagbag.py:588} INFO - Filling up the DagBag from /home/airflow/.local/lib/python3.12/site-packages/airflow/example_dags/example_kubernetes_executor.py
[2025-02-13T23:55:51.406+0000] {processor.py:925} INFO - DAG(s) 'example_kubernetes_executor' retrieved from /home/airflow/.local/lib/python3.12/site-packages/airflow/example_dags/example_kubernetes_executor.py
[2025-02-13T23:55:51.607+0000] {logging_mixin.py:190} INFO - [2025-02-13T23:55:51.607+0000] {dag.py:3239} INFO - Sync 1 DAGs
[2025-02-13T23:55:51.626+0000] {logging_mixin.py:190} INFO - [2025-02-13T23:55:51.626+0000] {dag.py:4180} INFO - Setting next_dagrun for example_kubernetes_executor to None, run_after=None
[2025-02-13T23:55:51.652+0000] {processor.py:208} INFO - Processing /home/airflow/.local/lib/python3.12/site-packages/airflow/example_dags/example_kubernetes_executor.py took 0.287 seconds
[2025-02-13T23:56:22.259+0000] {processor.py:186} INFO - Started process (PID=175) to work on /home/airflow/.local/lib/python3.12/site-packages/airflow/example_dags/example_kubernetes_executor.py
[2025-02-13T23:56:22.260+0000] {processor.py:914} INFO - Processing file /home/airflow/.local/lib/python3.12/site-packages/airflow/example_dags/example_kubernetes_executor.py for tasks to queue
[2025-02-13T23:56:22.264+0000] {logging_mixin.py:190} INFO - [2025-02-13T23:56:22.264+0000] {dagbag.py:588} INFO - Filling up the DagBag from /home/airflow/.local/lib/python3.12/site-packages/airflow/example_dags/example_kubernetes_executor.py
[2025-02-13T23:56:22.301+0000] {processor.py:925} INFO - DAG(s) 'example_kubernetes_executor' retrieved from /home/airflow/.local/lib/python3.12/site-packages/airflow/example_dags/example_kubernetes_executor.py
[2025-02-13T23:56:22.348+0000] {logging_mixin.py:190} INFO - [2025-02-13T23:56:22.347+0000] {dag.py:3239} INFO - Sync 1 DAGs
[2025-02-13T23:56:22.405+0000] {logging_mixin.py:190} INFO - [2025-02-13T23:56:22.404+0000] {dag.py:4180} INFO - Setting next_dagrun for example_kubernetes_executor to None, run_after=None
[2025-02-13T23:56:22.439+0000] {processor.py:208} INFO - Processing /home/airflow/.local/lib/python3.12/site-packages/airflow/example_dags/example_kubernetes_executor.py took 0.191 seconds
[2025-02-13T23:56:53.358+0000] {processor.py:186} INFO - Started process (PID=237) to work on /home/airflow/.local/lib/python3.12/site-packages/airflow/example_dags/example_kubernetes_executor.py
[2025-02-13T23:56:53.360+0000] {processor.py:914} INFO - Processing file /home/airflow/.local/lib/python3.12/site-packages/airflow/example_dags/example_kubernetes_executor.py for tasks to queue
[2025-02-13T23:56:53.363+0000] {logging_mixin.py:190} INFO - [2025-02-13T23:56:53.363+0000] {dagbag.py:588} INFO - Filling up the DagBag from /home/airflow/.local/lib/python3.12/site-packages/airflow/example_dags/example_kubernetes_executor.py
[2025-02-13T23:56:53.379+0000] {processor.py:925} INFO - DAG(s) 'example_kubernetes_executor' retrieved from /home/airflow/.local/lib/python3.12/site-packages/airflow/example_dags/example_kubernetes_executor.py
[2025-02-13T23:56:53.403+0000] {logging_mixin.py:190} INFO - [2025-02-13T23:56:53.403+0000] {dag.py:3239} INFO - Sync 1 DAGs
[2025-02-13T23:56:53.416+0000] {logging_mixin.py:190} INFO - [2025-02-13T23:56:53.416+0000] {dag.py:4180} INFO - Setting next_dagrun for example_kubernetes_executor to None, run_after=None
[2025-02-13T23:56:53.434+0000] {processor.py:208} INFO - Processing /home/airflow/.local/lib/python3.12/site-packages/airflow/example_dags/example_kubernetes_executor.py took 0.087 seconds
[2025-02-13T23:57:23.893+0000] {processor.py:186} INFO - Started process (PID=300) to work on /home/airflow/.local/lib/python3.12/site-packages/airflow/example_dags/example_kubernetes_executor.py
[2025-02-13T23:57:23.900+0000] {processor.py:914} INFO - Processing file /home/airflow/.local/lib/python3.12/site-packages/airflow/example_dags/example_kubernetes_executor.py for tasks to queue
[2025-02-13T23:57:23.902+0000] {logging_mixin.py:190} INFO - [2025-02-13T23:57:23.901+0000] {dagbag.py:588} INFO - Filling up the DagBag from /home/airflow/.local/lib/python3.12/site-packages/airflow/example_dags/example_kubernetes_executor.py
[2025-02-13T23:57:23.915+0000] {processor.py:925} INFO - DAG(s) 'example_kubernetes_executor' retrieved from /home/airflow/.local/lib/python3.12/site-packages/airflow/example_dags/example_kubernetes_executor.py
[2025-02-13T23:57:23.939+0000] {logging_mixin.py:190} INFO - [2025-02-13T23:57:23.939+0000] {dag.py:3239} INFO - Sync 1 DAGs
[2025-02-13T23:57:23.952+0000] {logging_mixin.py:190} INFO - [2025-02-13T23:57:23.952+0000] {dag.py:4180} INFO - Setting next_dagrun for example_kubernetes_executor to None, run_after=None
[2025-02-13T23:57:23.970+0000] {processor.py:208} INFO - Processing /home/airflow/.local/lib/python3.12/site-packages/airflow/example_dags/example_kubernetes_executor.py took 0.083 seconds
