[2025-02-13T23:55:48.054+0000] {processor.py:186} INFO - Started process (PID=94) to work on /home/airflow/.local/lib/python3.12/site-packages/airflow/example_dags/example_branch_operator.py
[2025-02-13T23:55:48.055+0000] {processor.py:914} INFO - Processing file /home/airflow/.local/lib/python3.12/site-packages/airflow/example_dags/example_branch_operator.py for tasks to queue
[2025-02-13T23:55:48.058+0000] {logging_mixin.py:190} INFO - [2025-02-13T23:55:48.058+0000] {dagbag.py:588} INFO - Filling up the DagBag from /home/airflow/.local/lib/python3.12/site-packages/airflow/example_dags/example_branch_operator.py
[2025-02-13T23:55:48.091+0000] {processor.py:925} INFO - DAG(s) 'example_branch_operator' retrieved from /home/airflow/.local/lib/python3.12/site-packages/airflow/example_dags/example_branch_operator.py
[2025-02-13T23:55:48.338+0000] {logging_mixin.py:190} INFO - [2025-02-13T23:55:48.338+0000] {dag.py:3239} INFO - Sync 1 DAGs
[2025-02-13T23:55:48.376+0000] {logging_mixin.py:190} INFO - [2025-02-13T23:55:48.376+0000] {dag.py:4180} INFO - Setting next_dagrun for example_branch_operator to 2025-02-12 00:00:00+00:00, run_after=2025-02-13 00:00:00+00:00
[2025-02-13T23:55:48.407+0000] {processor.py:208} INFO - Processing /home/airflow/.local/lib/python3.12/site-packages/airflow/example_dags/example_branch_operator.py took 0.363 seconds
[2025-02-13T23:56:19.090+0000] {processor.py:186} INFO - Started process (PID=157) to work on /home/airflow/.local/lib/python3.12/site-packages/airflow/example_dags/example_branch_operator.py
[2025-02-13T23:56:19.091+0000] {processor.py:914} INFO - Processing file /home/airflow/.local/lib/python3.12/site-packages/airflow/example_dags/example_branch_operator.py for tasks to queue
[2025-02-13T23:56:19.094+0000] {logging_mixin.py:190} INFO - [2025-02-13T23:56:19.094+0000] {dagbag.py:588} INFO - Filling up the DagBag from /home/airflow/.local/lib/python3.12/site-packages/airflow/example_dags/example_branch_operator.py
[2025-02-13T23:56:19.129+0000] {processor.py:925} INFO - DAG(s) 'example_branch_operator' retrieved from /home/airflow/.local/lib/python3.12/site-packages/airflow/example_dags/example_branch_operator.py
[2025-02-13T23:56:19.179+0000] {logging_mixin.py:190} INFO - [2025-02-13T23:56:19.178+0000] {dag.py:3239} INFO - Sync 1 DAGs
[2025-02-13T23:56:19.222+0000] {logging_mixin.py:190} INFO - [2025-02-13T23:56:19.221+0000] {dag.py:4180} INFO - Setting next_dagrun for example_branch_operator to 2025-02-12 00:00:00+00:00, run_after=2025-02-13 00:00:00+00:00
[2025-02-13T23:56:19.255+0000] {processor.py:208} INFO - Processing /home/airflow/.local/lib/python3.12/site-packages/airflow/example_dags/example_branch_operator.py took 0.175 seconds
[2025-02-13T23:56:49.387+0000] {processor.py:186} INFO - Started process (PID=220) to work on /home/airflow/.local/lib/python3.12/site-packages/airflow/example_dags/example_branch_operator.py
[2025-02-13T23:56:49.388+0000] {processor.py:914} INFO - Processing file /home/airflow/.local/lib/python3.12/site-packages/airflow/example_dags/example_branch_operator.py for tasks to queue
[2025-02-13T23:56:49.391+0000] {logging_mixin.py:190} INFO - [2025-02-13T23:56:49.391+0000] {dagbag.py:588} INFO - Filling up the DagBag from /home/airflow/.local/lib/python3.12/site-packages/airflow/example_dags/example_branch_operator.py
[2025-02-13T23:56:49.411+0000] {processor.py:925} INFO - DAG(s) 'example_branch_operator' retrieved from /home/airflow/.local/lib/python3.12/site-packages/airflow/example_dags/example_branch_operator.py
[2025-02-13T23:56:49.446+0000] {logging_mixin.py:190} INFO - [2025-02-13T23:56:49.446+0000] {dag.py:3239} INFO - Sync 1 DAGs
[2025-02-13T23:56:49.474+0000] {logging_mixin.py:190} INFO - [2025-02-13T23:56:49.474+0000] {dag.py:4180} INFO - Setting next_dagrun for example_branch_operator to 2025-02-12 00:00:00+00:00, run_after=2025-02-13 00:00:00+00:00
[2025-02-13T23:56:49.496+0000] {processor.py:208} INFO - Processing /home/airflow/.local/lib/python3.12/site-packages/airflow/example_dags/example_branch_operator.py took 0.116 seconds
[2025-02-13T23:57:19.974+0000] {processor.py:186} INFO - Started process (PID=283) to work on /home/airflow/.local/lib/python3.12/site-packages/airflow/example_dags/example_branch_operator.py
[2025-02-13T23:57:19.975+0000] {processor.py:914} INFO - Processing file /home/airflow/.local/lib/python3.12/site-packages/airflow/example_dags/example_branch_operator.py for tasks to queue
[2025-02-13T23:57:19.978+0000] {logging_mixin.py:190} INFO - [2025-02-13T23:57:19.978+0000] {dagbag.py:588} INFO - Filling up the DagBag from /home/airflow/.local/lib/python3.12/site-packages/airflow/example_dags/example_branch_operator.py
[2025-02-13T23:57:20.002+0000] {processor.py:925} INFO - DAG(s) 'example_branch_operator' retrieved from /home/airflow/.local/lib/python3.12/site-packages/airflow/example_dags/example_branch_operator.py
[2025-02-13T23:57:20.032+0000] {logging_mixin.py:190} INFO - [2025-02-13T23:57:20.031+0000] {dag.py:3239} INFO - Sync 1 DAGs
[2025-02-13T23:57:20.063+0000] {logging_mixin.py:190} INFO - [2025-02-13T23:57:20.063+0000] {dag.py:4180} INFO - Setting next_dagrun for example_branch_operator to 2025-02-12 00:00:00+00:00, run_after=2025-02-13 00:00:00+00:00
[2025-02-13T23:57:20.089+0000] {processor.py:208} INFO - Processing /home/airflow/.local/lib/python3.12/site-packages/airflow/example_dags/example_branch_operator.py took 0.125 seconds
