[2025-02-13T23:55:55.101+0000] {processor.py:186} INFO - Started process (PID=131) to work on /home/airflow/.local/lib/python3.12/site-packages/airflow/example_dags/example_inlet_event_extra.py
[2025-02-13T23:55:55.102+0000] {processor.py:914} INFO - Processing file /home/airflow/.local/lib/python3.12/site-packages/airflow/example_dags/example_inlet_event_extra.py for tasks to queue
[2025-02-13T23:55:55.106+0000] {logging_mixin.py:190} INFO - [2025-02-13T23:55:55.105+0000] {dagbag.py:588} INFO - Filling up the DagBag from /home/airflow/.local/lib/python3.12/site-packages/airflow/example_dags/example_inlet_event_extra.py
[2025-02-13T23:55:56.115+0000] {processor.py:925} INFO - DAG(s) 'read_dataset_event', 'read_dataset_event_from_classic' retrieved from /home/airflow/.local/lib/python3.12/site-packages/airflow/example_dags/example_inlet_event_extra.py
[2025-02-13T23:55:56.367+0000] {logging_mixin.py:190} INFO - [2025-02-13T23:55:56.367+0000] {dag.py:3239} INFO - Sync 2 DAGs
[2025-02-13T23:55:56.414+0000] {logging_mixin.py:190} INFO - [2025-02-13T23:55:56.413+0000] {dag.py:4180} INFO - Setting next_dagrun for read_dataset_event to 2025-02-12 00:00:00+00:00, run_after=2025-02-13 00:00:00+00:00
[2025-02-13T23:55:56.421+0000] {logging_mixin.py:190} INFO - [2025-02-13T23:55:56.421+0000] {dag.py:4180} INFO - Setting next_dagrun for read_dataset_event_from_classic to 2025-02-12 00:00:00+00:00, run_after=2025-02-13 00:00:00+00:00
[2025-02-13T23:55:56.447+0000] {processor.py:208} INFO - Processing /home/airflow/.local/lib/python3.12/site-packages/airflow/example_dags/example_inlet_event_extra.py took 1.357 seconds
[2025-02-13T23:56:26.961+0000] {processor.py:186} INFO - Started process (PID=199) to work on /home/airflow/.local/lib/python3.12/site-packages/airflow/example_dags/example_inlet_event_extra.py
[2025-02-13T23:56:26.962+0000] {processor.py:914} INFO - Processing file /home/airflow/.local/lib/python3.12/site-packages/airflow/example_dags/example_inlet_event_extra.py for tasks to queue
[2025-02-13T23:56:26.964+0000] {logging_mixin.py:190} INFO - [2025-02-13T23:56:26.964+0000] {dagbag.py:588} INFO - Filling up the DagBag from /home/airflow/.local/lib/python3.12/site-packages/airflow/example_dags/example_inlet_event_extra.py
[2025-02-13T23:56:27.537+0000] {processor.py:925} INFO - DAG(s) 'read_dataset_event_from_classic', 'read_dataset_event' retrieved from /home/airflow/.local/lib/python3.12/site-packages/airflow/example_dags/example_inlet_event_extra.py
[2025-02-13T23:56:27.561+0000] {logging_mixin.py:190} INFO - [2025-02-13T23:56:27.561+0000] {dag.py:3239} INFO - Sync 2 DAGs
[2025-02-13T23:56:27.587+0000] {logging_mixin.py:190} INFO - [2025-02-13T23:56:27.587+0000] {dag.py:4180} INFO - Setting next_dagrun for read_dataset_event to 2025-02-12 00:00:00+00:00, run_after=2025-02-13 00:00:00+00:00
[2025-02-13T23:56:27.593+0000] {logging_mixin.py:190} INFO - [2025-02-13T23:56:27.593+0000] {dag.py:4180} INFO - Setting next_dagrun for read_dataset_event_from_classic to 2025-02-12 00:00:00+00:00, run_after=2025-02-13 00:00:00+00:00
[2025-02-13T23:56:27.611+0000] {processor.py:208} INFO - Processing /home/airflow/.local/lib/python3.12/site-packages/airflow/example_dags/example_inlet_event_extra.py took 0.656 seconds
[2025-02-13T23:56:58.084+0000] {processor.py:186} INFO - Started process (PID=262) to work on /home/airflow/.local/lib/python3.12/site-packages/airflow/example_dags/example_inlet_event_extra.py
[2025-02-13T23:56:58.085+0000] {processor.py:914} INFO - Processing file /home/airflow/.local/lib/python3.12/site-packages/airflow/example_dags/example_inlet_event_extra.py for tasks to queue
[2025-02-13T23:56:58.087+0000] {logging_mixin.py:190} INFO - [2025-02-13T23:56:58.087+0000] {dagbag.py:588} INFO - Filling up the DagBag from /home/airflow/.local/lib/python3.12/site-packages/airflow/example_dags/example_inlet_event_extra.py
[2025-02-13T23:56:58.741+0000] {processor.py:925} INFO - DAG(s) 'read_dataset_event', 'read_dataset_event_from_classic' retrieved from /home/airflow/.local/lib/python3.12/site-packages/airflow/example_dags/example_inlet_event_extra.py
[2025-02-13T23:56:58.762+0000] {logging_mixin.py:190} INFO - [2025-02-13T23:56:58.762+0000] {dag.py:3239} INFO - Sync 2 DAGs
[2025-02-13T23:56:58.792+0000] {logging_mixin.py:190} INFO - [2025-02-13T23:56:58.791+0000] {dag.py:4180} INFO - Setting next_dagrun for read_dataset_event to 2025-02-12 00:00:00+00:00, run_after=2025-02-13 00:00:00+00:00
[2025-02-13T23:56:58.797+0000] {logging_mixin.py:190} INFO - [2025-02-13T23:56:58.797+0000] {dag.py:4180} INFO - Setting next_dagrun for read_dataset_event_from_classic to 2025-02-12 00:00:00+00:00, run_after=2025-02-13 00:00:00+00:00
[2025-02-13T23:56:58.818+0000] {processor.py:208} INFO - Processing /home/airflow/.local/lib/python3.12/site-packages/airflow/example_dags/example_inlet_event_extra.py took 0.740 seconds
[2025-02-13T23:57:29.025+0000] {processor.py:186} INFO - Started process (PID=319) to work on /home/airflow/.local/lib/python3.12/site-packages/airflow/example_dags/example_inlet_event_extra.py
[2025-02-13T23:57:29.026+0000] {processor.py:914} INFO - Processing file /home/airflow/.local/lib/python3.12/site-packages/airflow/example_dags/example_inlet_event_extra.py for tasks to queue
[2025-02-13T23:57:29.029+0000] {logging_mixin.py:190} INFO - [2025-02-13T23:57:29.028+0000] {dagbag.py:588} INFO - Filling up the DagBag from /home/airflow/.local/lib/python3.12/site-packages/airflow/example_dags/example_inlet_event_extra.py
[2025-02-13T23:57:29.555+0000] {processor.py:925} INFO - DAG(s) 'read_dataset_event_from_classic', 'read_dataset_event' retrieved from /home/airflow/.local/lib/python3.12/site-packages/airflow/example_dags/example_inlet_event_extra.py
[2025-02-13T23:57:29.574+0000] {logging_mixin.py:190} INFO - [2025-02-13T23:57:29.573+0000] {dag.py:3239} INFO - Sync 2 DAGs
[2025-02-13T23:57:29.598+0000] {logging_mixin.py:190} INFO - [2025-02-13T23:57:29.598+0000] {dag.py:4180} INFO - Setting next_dagrun for read_dataset_event to 2025-02-12 00:00:00+00:00, run_after=2025-02-13 00:00:00+00:00
[2025-02-13T23:57:29.603+0000] {logging_mixin.py:190} INFO - [2025-02-13T23:57:29.603+0000] {dag.py:4180} INFO - Setting next_dagrun for read_dataset_event_from_classic to 2025-02-12 00:00:00+00:00, run_after=2025-02-13 00:00:00+00:00
[2025-02-13T23:57:29.627+0000] {processor.py:208} INFO - Processing /home/airflow/.local/lib/python3.12/site-packages/airflow/example_dags/example_inlet_event_extra.py took 0.608 seconds
