[2025-02-13T23:55:43.006+0000] {processor.py:186} INFO - Started process (PID=80) to work on /home/airflow/.local/lib/python3.12/site-packages/airflow/example_dags/example_datasets.py
[2025-02-13T23:55:43.007+0000] {processor.py:914} INFO - Processing file /home/airflow/.local/lib/python3.12/site-packages/airflow/example_dags/example_datasets.py for tasks to queue
[2025-02-13T23:55:43.011+0000] {logging_mixin.py:190} INFO - [2025-02-13T23:55:43.010+0000] {dagbag.py:588} INFO - Filling up the DagBag from /home/airflow/.local/lib/python3.12/site-packages/airflow/example_dags/example_datasets.py
[2025-02-13T23:55:44.957+0000] {processor.py:925} INFO - DAG(s) 'consume_1_or_2_with_dataset_expressions', 'conditional_dataset_and_time_based_timetable', 'consume_1_or_both_2_and_3_with_dataset_expressions', 'dataset_consumes_unknown_never_scheduled', 'consume_1_and_2_with_dataset_expressions', 'dataset_consumes_1_and_2', 'dataset_consumes_1_never_scheduled', 'dataset_produces_1', 'dataset_produces_2', 'dataset_consumes_1' retrieved from /home/airflow/.local/lib/python3.12/site-packages/airflow/example_dags/example_datasets.py
[2025-02-13T23:55:45.543+0000] {logging_mixin.py:190} INFO - [2025-02-13T23:55:45.543+0000] {dag.py:3239} INFO - Sync 10 DAGs
[2025-02-13T23:55:45.581+0000] {logging_mixin.py:190} INFO - [2025-02-13T23:55:45.581+0000] {dag.py:4180} INFO - Setting next_dagrun for conditional_dataset_and_time_based_timetable to 2025-02-12 01:00:00+00:00, run_after=2025-02-12 01:00:00+00:00
[2025-02-13T23:55:45.587+0000] {logging_mixin.py:190} INFO - [2025-02-13T23:55:45.587+0000] {dag.py:4180} INFO - Setting next_dagrun for consume_1_and_2_with_dataset_expressions to None, run_after=None
[2025-02-13T23:55:45.590+0000] {logging_mixin.py:190} INFO - [2025-02-13T23:55:45.590+0000] {dag.py:4180} INFO - Setting next_dagrun for consume_1_or_2_with_dataset_expressions to None, run_after=None
[2025-02-13T23:55:45.592+0000] {logging_mixin.py:190} INFO - [2025-02-13T23:55:45.592+0000] {dag.py:4180} INFO - Setting next_dagrun for consume_1_or_both_2_and_3_with_dataset_expressions to None, run_after=None
[2025-02-13T23:55:45.594+0000] {logging_mixin.py:190} INFO - [2025-02-13T23:55:45.594+0000] {dag.py:4180} INFO - Setting next_dagrun for dataset_consumes_1 to None, run_after=None
[2025-02-13T23:55:45.596+0000] {logging_mixin.py:190} INFO - [2025-02-13T23:55:45.596+0000] {dag.py:4180} INFO - Setting next_dagrun for dataset_consumes_1_and_2 to None, run_after=None
[2025-02-13T23:55:45.599+0000] {logging_mixin.py:190} INFO - [2025-02-13T23:55:45.598+0000] {dag.py:4180} INFO - Setting next_dagrun for dataset_consumes_1_never_scheduled to None, run_after=None
[2025-02-13T23:55:45.605+0000] {logging_mixin.py:190} INFO - [2025-02-13T23:55:45.604+0000] {dag.py:4180} INFO - Setting next_dagrun for dataset_consumes_unknown_never_scheduled to None, run_after=None
[2025-02-13T23:55:45.609+0000] {logging_mixin.py:190} INFO - [2025-02-13T23:55:45.609+0000] {dag.py:4180} INFO - Setting next_dagrun for dataset_produces_1 to 2025-02-12 00:00:00+00:00, run_after=2025-02-13 00:00:00+00:00
[2025-02-13T23:55:45.611+0000] {logging_mixin.py:190} INFO - [2025-02-13T23:55:45.611+0000] {dag.py:4180} INFO - Setting next_dagrun for dataset_produces_2 to None, run_after=None
[2025-02-13T23:55:45.681+0000] {processor.py:208} INFO - Processing /home/airflow/.local/lib/python3.12/site-packages/airflow/example_dags/example_datasets.py took 2.685 seconds
[2025-02-13T23:56:15.772+0000] {processor.py:186} INFO - Started process (PID=144) to work on /home/airflow/.local/lib/python3.12/site-packages/airflow/example_dags/example_datasets.py
[2025-02-13T23:56:15.773+0000] {processor.py:914} INFO - Processing file /home/airflow/.local/lib/python3.12/site-packages/airflow/example_dags/example_datasets.py for tasks to queue
[2025-02-13T23:56:15.775+0000] {logging_mixin.py:190} INFO - [2025-02-13T23:56:15.775+0000] {dagbag.py:588} INFO - Filling up the DagBag from /home/airflow/.local/lib/python3.12/site-packages/airflow/example_dags/example_datasets.py
[2025-02-13T23:56:16.509+0000] {processor.py:925} INFO - DAG(s) 'dataset_consumes_unknown_never_scheduled', 'dataset_consumes_1_and_2', 'dataset_consumes_1_never_scheduled', 'dataset_consumes_1', 'consume_1_or_both_2_and_3_with_dataset_expressions', 'dataset_produces_2', 'dataset_produces_1', 'conditional_dataset_and_time_based_timetable', 'consume_1_and_2_with_dataset_expressions', 'consume_1_or_2_with_dataset_expressions' retrieved from /home/airflow/.local/lib/python3.12/site-packages/airflow/example_dags/example_datasets.py
[2025-02-13T23:56:16.581+0000] {logging_mixin.py:190} INFO - [2025-02-13T23:56:16.581+0000] {dag.py:3239} INFO - Sync 10 DAGs
[2025-02-13T23:56:16.618+0000] {logging_mixin.py:190} INFO - [2025-02-13T23:56:16.617+0000] {dag.py:4180} INFO - Setting next_dagrun for conditional_dataset_and_time_based_timetable to 2025-02-12 01:00:00+00:00, run_after=2025-02-12 01:00:00+00:00
[2025-02-13T23:56:16.622+0000] {logging_mixin.py:190} INFO - [2025-02-13T23:56:16.622+0000] {dag.py:4180} INFO - Setting next_dagrun for consume_1_and_2_with_dataset_expressions to None, run_after=None
[2025-02-13T23:56:16.624+0000] {logging_mixin.py:190} INFO - [2025-02-13T23:56:16.624+0000] {dag.py:4180} INFO - Setting next_dagrun for consume_1_or_2_with_dataset_expressions to None, run_after=None
[2025-02-13T23:56:16.625+0000] {logging_mixin.py:190} INFO - [2025-02-13T23:56:16.625+0000] {dag.py:4180} INFO - Setting next_dagrun for consume_1_or_both_2_and_3_with_dataset_expressions to None, run_after=None
[2025-02-13T23:56:16.627+0000] {logging_mixin.py:190} INFO - [2025-02-13T23:56:16.627+0000] {dag.py:4180} INFO - Setting next_dagrun for dataset_consumes_1 to None, run_after=None
[2025-02-13T23:56:16.628+0000] {logging_mixin.py:190} INFO - [2025-02-13T23:56:16.628+0000] {dag.py:4180} INFO - Setting next_dagrun for dataset_consumes_1_and_2 to None, run_after=None
[2025-02-13T23:56:16.630+0000] {logging_mixin.py:190} INFO - [2025-02-13T23:56:16.629+0000] {dag.py:4180} INFO - Setting next_dagrun for dataset_consumes_1_never_scheduled to None, run_after=None
[2025-02-13T23:56:16.631+0000] {logging_mixin.py:190} INFO - [2025-02-13T23:56:16.631+0000] {dag.py:4180} INFO - Setting next_dagrun for dataset_consumes_unknown_never_scheduled to None, run_after=None
[2025-02-13T23:56:16.634+0000] {logging_mixin.py:190} INFO - [2025-02-13T23:56:16.634+0000] {dag.py:4180} INFO - Setting next_dagrun for dataset_produces_1 to 2025-02-12 00:00:00+00:00, run_after=2025-02-13 00:00:00+00:00
[2025-02-13T23:56:16.636+0000] {logging_mixin.py:190} INFO - [2025-02-13T23:56:16.636+0000] {dag.py:4180} INFO - Setting next_dagrun for dataset_produces_2 to None, run_after=None
[2025-02-13T23:56:16.675+0000] {processor.py:208} INFO - Processing /home/airflow/.local/lib/python3.12/site-packages/airflow/example_dags/example_datasets.py took 0.908 seconds
[2025-02-13T23:56:46.933+0000] {processor.py:186} INFO - Started process (PID=207) to work on /home/airflow/.local/lib/python3.12/site-packages/airflow/example_dags/example_datasets.py
[2025-02-13T23:56:46.934+0000] {processor.py:914} INFO - Processing file /home/airflow/.local/lib/python3.12/site-packages/airflow/example_dags/example_datasets.py for tasks to queue
[2025-02-13T23:56:46.936+0000] {logging_mixin.py:190} INFO - [2025-02-13T23:56:46.935+0000] {dagbag.py:588} INFO - Filling up the DagBag from /home/airflow/.local/lib/python3.12/site-packages/airflow/example_dags/example_datasets.py
[2025-02-13T23:56:47.521+0000] {processor.py:925} INFO - DAG(s) 'dataset_produces_2', 'consume_1_or_2_with_dataset_expressions', 'dataset_consumes_1_never_scheduled', 'dataset_consumes_unknown_never_scheduled', 'consume_1_and_2_with_dataset_expressions', 'dataset_consumes_1', 'dataset_produces_1', 'dataset_consumes_1_and_2', 'conditional_dataset_and_time_based_timetable', 'consume_1_or_both_2_and_3_with_dataset_expressions' retrieved from /home/airflow/.local/lib/python3.12/site-packages/airflow/example_dags/example_datasets.py
[2025-02-13T23:56:47.567+0000] {logging_mixin.py:190} INFO - [2025-02-13T23:56:47.566+0000] {dag.py:3239} INFO - Sync 10 DAGs
[2025-02-13T23:56:47.595+0000] {logging_mixin.py:190} INFO - [2025-02-13T23:56:47.594+0000] {dag.py:4180} INFO - Setting next_dagrun for conditional_dataset_and_time_based_timetable to 2025-02-12 01:00:00+00:00, run_after=2025-02-12 01:00:00+00:00
[2025-02-13T23:56:47.599+0000] {logging_mixin.py:190} INFO - [2025-02-13T23:56:47.599+0000] {dag.py:4180} INFO - Setting next_dagrun for consume_1_and_2_with_dataset_expressions to None, run_after=None
[2025-02-13T23:56:47.601+0000] {logging_mixin.py:190} INFO - [2025-02-13T23:56:47.601+0000] {dag.py:4180} INFO - Setting next_dagrun for consume_1_or_2_with_dataset_expressions to None, run_after=None
[2025-02-13T23:56:47.602+0000] {logging_mixin.py:190} INFO - [2025-02-13T23:56:47.602+0000] {dag.py:4180} INFO - Setting next_dagrun for consume_1_or_both_2_and_3_with_dataset_expressions to None, run_after=None
[2025-02-13T23:56:47.604+0000] {logging_mixin.py:190} INFO - [2025-02-13T23:56:47.604+0000] {dag.py:4180} INFO - Setting next_dagrun for dataset_consumes_1 to None, run_after=None
[2025-02-13T23:56:47.605+0000] {logging_mixin.py:190} INFO - [2025-02-13T23:56:47.605+0000] {dag.py:4180} INFO - Setting next_dagrun for dataset_consumes_1_and_2 to None, run_after=None
[2025-02-13T23:56:47.607+0000] {logging_mixin.py:190} INFO - [2025-02-13T23:56:47.606+0000] {dag.py:4180} INFO - Setting next_dagrun for dataset_consumes_1_never_scheduled to None, run_after=None
[2025-02-13T23:56:47.608+0000] {logging_mixin.py:190} INFO - [2025-02-13T23:56:47.608+0000] {dag.py:4180} INFO - Setting next_dagrun for dataset_consumes_unknown_never_scheduled to None, run_after=None
[2025-02-13T23:56:47.611+0000] {logging_mixin.py:190} INFO - [2025-02-13T23:56:47.611+0000] {dag.py:4180} INFO - Setting next_dagrun for dataset_produces_1 to 2025-02-12 00:00:00+00:00, run_after=2025-02-13 00:00:00+00:00
[2025-02-13T23:56:47.613+0000] {logging_mixin.py:190} INFO - [2025-02-13T23:56:47.612+0000] {dag.py:4180} INFO - Setting next_dagrun for dataset_produces_2 to None, run_after=None
[2025-02-13T23:56:47.653+0000] {processor.py:208} INFO - Processing /home/airflow/.local/lib/python3.12/site-packages/airflow/example_dags/example_datasets.py took 0.726 seconds
[2025-02-13T23:57:18.152+0000] {processor.py:186} INFO - Started process (PID=270) to work on /home/airflow/.local/lib/python3.12/site-packages/airflow/example_dags/example_datasets.py
[2025-02-13T23:57:18.153+0000] {processor.py:914} INFO - Processing file /home/airflow/.local/lib/python3.12/site-packages/airflow/example_dags/example_datasets.py for tasks to queue
[2025-02-13T23:57:18.155+0000] {logging_mixin.py:190} INFO - [2025-02-13T23:57:18.155+0000] {dagbag.py:588} INFO - Filling up the DagBag from /home/airflow/.local/lib/python3.12/site-packages/airflow/example_dags/example_datasets.py
[2025-02-13T23:57:18.908+0000] {processor.py:925} INFO - DAG(s) 'conditional_dataset_and_time_based_timetable', 'dataset_consumes_1', 'dataset_consumes_unknown_never_scheduled', 'consume_1_and_2_with_dataset_expressions', 'dataset_consumes_1_never_scheduled', 'dataset_produces_2', 'consume_1_or_both_2_and_3_with_dataset_expressions', 'dataset_produces_1', 'consume_1_or_2_with_dataset_expressions', 'dataset_consumes_1_and_2' retrieved from /home/airflow/.local/lib/python3.12/site-packages/airflow/example_dags/example_datasets.py
[2025-02-13T23:57:18.967+0000] {logging_mixin.py:190} INFO - [2025-02-13T23:57:18.967+0000] {dag.py:3239} INFO - Sync 10 DAGs
[2025-02-13T23:57:19.001+0000] {logging_mixin.py:190} INFO - [2025-02-13T23:57:19.001+0000] {dag.py:4180} INFO - Setting next_dagrun for conditional_dataset_and_time_based_timetable to 2025-02-12 01:00:00+00:00, run_after=2025-02-12 01:00:00+00:00
[2025-02-13T23:57:19.007+0000] {logging_mixin.py:190} INFO - [2025-02-13T23:57:19.007+0000] {dag.py:4180} INFO - Setting next_dagrun for consume_1_and_2_with_dataset_expressions to None, run_after=None
[2025-02-13T23:57:19.009+0000] {logging_mixin.py:190} INFO - [2025-02-13T23:57:19.009+0000] {dag.py:4180} INFO - Setting next_dagrun for consume_1_or_2_with_dataset_expressions to None, run_after=None
[2025-02-13T23:57:19.011+0000] {logging_mixin.py:190} INFO - [2025-02-13T23:57:19.010+0000] {dag.py:4180} INFO - Setting next_dagrun for consume_1_or_both_2_and_3_with_dataset_expressions to None, run_after=None
[2025-02-13T23:57:19.012+0000] {logging_mixin.py:190} INFO - [2025-02-13T23:57:19.012+0000] {dag.py:4180} INFO - Setting next_dagrun for dataset_consumes_1 to None, run_after=None
[2025-02-13T23:57:19.014+0000] {logging_mixin.py:190} INFO - [2025-02-13T23:57:19.014+0000] {dag.py:4180} INFO - Setting next_dagrun for dataset_consumes_1_and_2 to None, run_after=None
[2025-02-13T23:57:19.016+0000] {logging_mixin.py:190} INFO - [2025-02-13T23:57:19.016+0000] {dag.py:4180} INFO - Setting next_dagrun for dataset_consumes_1_never_scheduled to None, run_after=None
[2025-02-13T23:57:19.018+0000] {logging_mixin.py:190} INFO - [2025-02-13T23:57:19.018+0000] {dag.py:4180} INFO - Setting next_dagrun for dataset_consumes_unknown_never_scheduled to None, run_after=None
[2025-02-13T23:57:19.023+0000] {logging_mixin.py:190} INFO - [2025-02-13T23:57:19.023+0000] {dag.py:4180} INFO - Setting next_dagrun for dataset_produces_1 to 2025-02-12 00:00:00+00:00, run_after=2025-02-13 00:00:00+00:00
[2025-02-13T23:57:19.025+0000] {logging_mixin.py:190} INFO - [2025-02-13T23:57:19.025+0000] {dag.py:4180} INFO - Setting next_dagrun for dataset_produces_2 to None, run_after=None
[2025-02-13T23:57:19.070+0000] {processor.py:208} INFO - Processing /home/airflow/.local/lib/python3.12/site-packages/airflow/example_dags/example_datasets.py took 0.924 seconds
