[2025-02-13T23:55:53.170+0000] {processor.py:186} INFO - Started process (PID=120) to work on /home/airflow/.local/lib/python3.12/site-packages/airflow/example_dags/example_complex.py
[2025-02-13T23:55:53.171+0000] {processor.py:914} INFO - Processing file /home/airflow/.local/lib/python3.12/site-packages/airflow/example_dags/example_complex.py for tasks to queue
[2025-02-13T23:55:53.174+0000] {logging_mixin.py:190} INFO - [2025-02-13T23:55:53.174+0000] {dagbag.py:588} INFO - Filling up the DagBag from /home/airflow/.local/lib/python3.12/site-packages/airflow/example_dags/example_complex.py
[2025-02-13T23:55:53.221+0000] {processor.py:925} INFO - DAG(s) 'example_complex' retrieved from /home/airflow/.local/lib/python3.12/site-packages/airflow/example_dags/example_complex.py
[2025-02-13T23:55:53.424+0000] {logging_mixin.py:190} INFO - [2025-02-13T23:55:53.423+0000] {dag.py:3239} INFO - Sync 1 DAGs
[2025-02-13T23:55:53.447+0000] {logging_mixin.py:190} INFO - [2025-02-13T23:55:53.446+0000] {dag.py:4180} INFO - Setting next_dagrun for example_complex to None, run_after=None
[2025-02-13T23:55:53.475+0000] {processor.py:208} INFO - Processing /home/airflow/.local/lib/python3.12/site-packages/airflow/example_dags/example_complex.py took 0.317 seconds
[2025-02-13T23:56:24.392+0000] {processor.py:186} INFO - Started process (PID=183) to work on /home/airflow/.local/lib/python3.12/site-packages/airflow/example_dags/example_complex.py
[2025-02-13T23:56:24.394+0000] {processor.py:914} INFO - Processing file /home/airflow/.local/lib/python3.12/site-packages/airflow/example_dags/example_complex.py for tasks to queue
[2025-02-13T23:56:24.396+0000] {logging_mixin.py:190} INFO - [2025-02-13T23:56:24.395+0000] {dagbag.py:588} INFO - Filling up the DagBag from /home/airflow/.local/lib/python3.12/site-packages/airflow/example_dags/example_complex.py
[2025-02-13T23:56:24.408+0000] {processor.py:925} INFO - DAG(s) 'example_complex' retrieved from /home/airflow/.local/lib/python3.12/site-packages/airflow/example_dags/example_complex.py
[2025-02-13T23:56:24.460+0000] {logging_mixin.py:190} INFO - [2025-02-13T23:56:24.459+0000] {dag.py:3239} INFO - Sync 1 DAGs
[2025-02-13T23:56:24.473+0000] {logging_mixin.py:190} INFO - [2025-02-13T23:56:24.473+0000] {dag.py:4180} INFO - Setting next_dagrun for example_complex to None, run_after=None
[2025-02-13T23:56:24.492+0000] {processor.py:208} INFO - Processing /home/airflow/.local/lib/python3.12/site-packages/airflow/example_dags/example_complex.py took 0.113 seconds
[2025-02-13T23:56:54.953+0000] {processor.py:186} INFO - Started process (PID=246) to work on /home/airflow/.local/lib/python3.12/site-packages/airflow/example_dags/example_complex.py
[2025-02-13T23:56:54.954+0000] {processor.py:914} INFO - Processing file /home/airflow/.local/lib/python3.12/site-packages/airflow/example_dags/example_complex.py for tasks to queue
[2025-02-13T23:56:54.957+0000] {logging_mixin.py:190} INFO - [2025-02-13T23:56:54.957+0000] {dagbag.py:588} INFO - Filling up the DagBag from /home/airflow/.local/lib/python3.12/site-packages/airflow/example_dags/example_complex.py
[2025-02-13T23:56:54.972+0000] {processor.py:925} INFO - DAG(s) 'example_complex' retrieved from /home/airflow/.local/lib/python3.12/site-packages/airflow/example_dags/example_complex.py
[2025-02-13T23:56:55.003+0000] {logging_mixin.py:190} INFO - [2025-02-13T23:56:55.002+0000] {dag.py:3239} INFO - Sync 1 DAGs
[2025-02-13T23:56:55.016+0000] {logging_mixin.py:190} INFO - [2025-02-13T23:56:55.016+0000] {dag.py:4180} INFO - Setting next_dagrun for example_complex to None, run_after=None
[2025-02-13T23:56:55.033+0000] {processor.py:208} INFO - Processing /home/airflow/.local/lib/python3.12/site-packages/airflow/example_dags/example_complex.py took 0.091 seconds
[2025-02-13T23:57:25.110+0000] {processor.py:186} INFO - Started process (PID=309) to work on /home/airflow/.local/lib/python3.12/site-packages/airflow/example_dags/example_complex.py
[2025-02-13T23:57:25.111+0000] {processor.py:914} INFO - Processing file /home/airflow/.local/lib/python3.12/site-packages/airflow/example_dags/example_complex.py for tasks to queue
[2025-02-13T23:57:25.113+0000] {logging_mixin.py:190} INFO - [2025-02-13T23:57:25.112+0000] {dagbag.py:588} INFO - Filling up the DagBag from /home/airflow/.local/lib/python3.12/site-packages/airflow/example_dags/example_complex.py
[2025-02-13T23:57:25.123+0000] {processor.py:925} INFO - DAG(s) 'example_complex' retrieved from /home/airflow/.local/lib/python3.12/site-packages/airflow/example_dags/example_complex.py
[2025-02-13T23:57:25.156+0000] {logging_mixin.py:190} INFO - [2025-02-13T23:57:25.156+0000] {dag.py:3239} INFO - Sync 1 DAGs
[2025-02-13T23:57:25.169+0000] {logging_mixin.py:190} INFO - [2025-02-13T23:57:25.169+0000] {dag.py:4180} INFO - Setting next_dagrun for example_complex to None, run_after=None
[2025-02-13T23:57:25.187+0000] {processor.py:208} INFO - Processing /home/airflow/.local/lib/python3.12/site-packages/airflow/example_dags/example_complex.py took 0.082 seconds
