[2025-02-13T23:55:46.781+0000] {processor.py:186} INFO - Started process (PID=89) to work on /home/airflow/.local/lib/python3.12/site-packages/airflow/example_dags/example_dag_decorator.py
[2025-02-13T23:55:46.782+0000] {processor.py:914} INFO - Processing file /home/airflow/.local/lib/python3.12/site-packages/airflow/example_dags/example_dag_decorator.py for tasks to queue
[2025-02-13T23:55:46.787+0000] {logging_mixin.py:190} INFO - [2025-02-13T23:55:46.786+0000] {dagbag.py:588} INFO - Filling up the DagBag from /home/airflow/.local/lib/python3.12/site-packages/airflow/example_dags/example_dag_decorator.py
[2025-02-13T23:55:47.498+0000] {processor.py:925} INFO - DAG(s) 'example_dag_decorator' retrieved from /home/airflow/.local/lib/python3.12/site-packages/airflow/example_dags/example_dag_decorator.py
[2025-02-13T23:55:47.683+0000] {logging_mixin.py:190} INFO - [2025-02-13T23:55:47.682+0000] {dag.py:3239} INFO - Sync 1 DAGs
[2025-02-13T23:55:47.705+0000] {logging_mixin.py:190} INFO - [2025-02-13T23:55:47.705+0000] {dag.py:4180} INFO - Setting next_dagrun for example_dag_decorator to None, run_after=None
[2025-02-13T23:55:47.735+0000] {processor.py:208} INFO - Processing /home/airflow/.local/lib/python3.12/site-packages/airflow/example_dags/example_dag_decorator.py took 0.963 seconds
[2025-02-13T23:56:18.226+0000] {processor.py:186} INFO - Started process (PID=152) to work on /home/airflow/.local/lib/python3.12/site-packages/airflow/example_dags/example_dag_decorator.py
[2025-02-13T23:56:18.228+0000] {processor.py:914} INFO - Processing file /home/airflow/.local/lib/python3.12/site-packages/airflow/example_dags/example_dag_decorator.py for tasks to queue
[2025-02-13T23:56:18.233+0000] {logging_mixin.py:190} INFO - [2025-02-13T23:56:18.232+0000] {dagbag.py:588} INFO - Filling up the DagBag from /home/airflow/.local/lib/python3.12/site-packages/airflow/example_dags/example_dag_decorator.py
[2025-02-13T23:56:18.522+0000] {processor.py:925} INFO - DAG(s) 'example_dag_decorator' retrieved from /home/airflow/.local/lib/python3.12/site-packages/airflow/example_dags/example_dag_decorator.py
[2025-02-13T23:56:18.769+0000] {logging_mixin.py:190} INFO - [2025-02-13T23:56:18.769+0000] {dag.py:3239} INFO - Sync 1 DAGs
[2025-02-13T23:56:18.798+0000] {logging_mixin.py:190} INFO - [2025-02-13T23:56:18.797+0000] {dag.py:4180} INFO - Setting next_dagrun for example_dag_decorator to None, run_after=None
[2025-02-13T23:56:18.864+0000] {processor.py:208} INFO - Processing /home/airflow/.local/lib/python3.12/site-packages/airflow/example_dags/example_dag_decorator.py took 0.668 seconds
[2025-02-13T23:56:49.047+0000] {processor.py:186} INFO - Started process (PID=215) to work on /home/airflow/.local/lib/python3.12/site-packages/airflow/example_dags/example_dag_decorator.py
[2025-02-13T23:56:49.048+0000] {processor.py:914} INFO - Processing file /home/airflow/.local/lib/python3.12/site-packages/airflow/example_dags/example_dag_decorator.py for tasks to queue
[2025-02-13T23:56:49.051+0000] {logging_mixin.py:190} INFO - [2025-02-13T23:56:49.050+0000] {dagbag.py:588} INFO - Filling up the DagBag from /home/airflow/.local/lib/python3.12/site-packages/airflow/example_dags/example_dag_decorator.py
[2025-02-13T23:56:49.158+0000] {processor.py:925} INFO - DAG(s) 'example_dag_decorator' retrieved from /home/airflow/.local/lib/python3.12/site-packages/airflow/example_dags/example_dag_decorator.py
[2025-02-13T23:56:49.274+0000] {logging_mixin.py:190} INFO - [2025-02-13T23:56:49.274+0000] {dag.py:3239} INFO - Sync 1 DAGs
[2025-02-13T23:56:49.286+0000] {logging_mixin.py:190} INFO - [2025-02-13T23:56:49.286+0000] {dag.py:4180} INFO - Setting next_dagrun for example_dag_decorator to None, run_after=None
[2025-02-13T23:56:49.305+0000] {processor.py:208} INFO - Processing /home/airflow/.local/lib/python3.12/site-packages/airflow/example_dags/example_dag_decorator.py took 0.264 seconds
[2025-02-13T23:57:19.497+0000] {processor.py:186} INFO - Started process (PID=278) to work on /home/airflow/.local/lib/python3.12/site-packages/airflow/example_dags/example_dag_decorator.py
[2025-02-13T23:57:19.498+0000] {processor.py:914} INFO - Processing file /home/airflow/.local/lib/python3.12/site-packages/airflow/example_dags/example_dag_decorator.py for tasks to queue
[2025-02-13T23:57:19.502+0000] {logging_mixin.py:190} INFO - [2025-02-13T23:57:19.501+0000] {dagbag.py:588} INFO - Filling up the DagBag from /home/airflow/.local/lib/python3.12/site-packages/airflow/example_dags/example_dag_decorator.py
[2025-02-13T23:57:19.634+0000] {processor.py:925} INFO - DAG(s) 'example_dag_decorator' retrieved from /home/airflow/.local/lib/python3.12/site-packages/airflow/example_dags/example_dag_decorator.py
[2025-02-13T23:57:19.787+0000] {logging_mixin.py:190} INFO - [2025-02-13T23:57:19.787+0000] {dag.py:3239} INFO - Sync 1 DAGs
[2025-02-13T23:57:19.800+0000] {logging_mixin.py:190} INFO - [2025-02-13T23:57:19.800+0000] {dag.py:4180} INFO - Setting next_dagrun for example_dag_decorator to None, run_after=None
[2025-02-13T23:57:19.821+0000] {processor.py:208} INFO - Processing /home/airflow/.local/lib/python3.12/site-packages/airflow/example_dags/example_dag_decorator.py took 0.333 seconds
