[2025-02-13T23:55:49.980+0000] {processor.py:186} INFO - Started process (PID=105) to work on /home/airflow/.local/lib/python3.12/site-packages/airflow/example_dags/example_latest_only_with_trigger.py
[2025-02-13T23:55:49.981+0000] {processor.py:914} INFO - Processing file /home/airflow/.local/lib/python3.12/site-packages/airflow/example_dags/example_latest_only_with_trigger.py for tasks to queue
[2025-02-13T23:55:49.984+0000] {logging_mixin.py:190} INFO - [2025-02-13T23:55:49.984+0000] {dagbag.py:588} INFO - Filling up the DagBag from /home/airflow/.local/lib/python3.12/site-packages/airflow/example_dags/example_latest_only_with_trigger.py
[2025-02-13T23:55:49.997+0000] {processor.py:925} INFO - DAG(s) 'latest_only_with_trigger' retrieved from /home/airflow/.local/lib/python3.12/site-packages/airflow/example_dags/example_latest_only_with_trigger.py
[2025-02-13T23:55:50.184+0000] {logging_mixin.py:190} INFO - [2025-02-13T23:55:50.183+0000] {dag.py:3239} INFO - Sync 1 DAGs
[2025-02-13T23:55:50.213+0000] {logging_mixin.py:190} INFO - [2025-02-13T23:55:50.213+0000] {dag.py:4180} INFO - Setting next_dagrun for latest_only_with_trigger to 2025-02-13 16:00:00+00:00, run_after=2025-02-13 20:00:00+00:00
[2025-02-13T23:55:50.241+0000] {processor.py:208} INFO - Processing /home/airflow/.local/lib/python3.12/site-packages/airflow/example_dags/example_latest_only_with_trigger.py took 0.271 seconds
[2025-02-13T23:56:20.619+0000] {processor.py:186} INFO - Started process (PID=168) to work on /home/airflow/.local/lib/python3.12/site-packages/airflow/example_dags/example_latest_only_with_trigger.py
[2025-02-13T23:56:20.621+0000] {processor.py:914} INFO - Processing file /home/airflow/.local/lib/python3.12/site-packages/airflow/example_dags/example_latest_only_with_trigger.py for tasks to queue
[2025-02-13T23:56:20.625+0000] {logging_mixin.py:190} INFO - [2025-02-13T23:56:20.624+0000] {dagbag.py:588} INFO - Filling up the DagBag from /home/airflow/.local/lib/python3.12/site-packages/airflow/example_dags/example_latest_only_with_trigger.py
[2025-02-13T23:56:20.637+0000] {processor.py:925} INFO - DAG(s) 'latest_only_with_trigger' retrieved from /home/airflow/.local/lib/python3.12/site-packages/airflow/example_dags/example_latest_only_with_trigger.py
[2025-02-13T23:56:20.668+0000] {logging_mixin.py:190} INFO - [2025-02-13T23:56:20.668+0000] {dag.py:3239} INFO - Sync 1 DAGs
[2025-02-13T23:56:20.713+0000] {logging_mixin.py:190} INFO - [2025-02-13T23:56:20.712+0000] {dag.py:4180} INFO - Setting next_dagrun for latest_only_with_trigger to 2025-02-13 16:00:00+00:00, run_after=2025-02-13 20:00:00+00:00
[2025-02-13T23:56:20.742+0000] {processor.py:208} INFO - Processing /home/airflow/.local/lib/python3.12/site-packages/airflow/example_dags/example_latest_only_with_trigger.py took 0.132 seconds
[2025-02-13T23:56:51.020+0000] {processor.py:186} INFO - Started process (PID=231) to work on /home/airflow/.local/lib/python3.12/site-packages/airflow/example_dags/example_latest_only_with_trigger.py
[2025-02-13T23:56:51.021+0000] {processor.py:914} INFO - Processing file /home/airflow/.local/lib/python3.12/site-packages/airflow/example_dags/example_latest_only_with_trigger.py for tasks to queue
[2025-02-13T23:56:51.023+0000] {logging_mixin.py:190} INFO - [2025-02-13T23:56:51.023+0000] {dagbag.py:588} INFO - Filling up the DagBag from /home/airflow/.local/lib/python3.12/site-packages/airflow/example_dags/example_latest_only_with_trigger.py
[2025-02-13T23:56:51.032+0000] {processor.py:925} INFO - DAG(s) 'latest_only_with_trigger' retrieved from /home/airflow/.local/lib/python3.12/site-packages/airflow/example_dags/example_latest_only_with_trigger.py
[2025-02-13T23:56:51.056+0000] {logging_mixin.py:190} INFO - [2025-02-13T23:56:51.055+0000] {dag.py:3239} INFO - Sync 1 DAGs
[2025-02-13T23:56:51.082+0000] {logging_mixin.py:190} INFO - [2025-02-13T23:56:51.082+0000] {dag.py:4180} INFO - Setting next_dagrun for latest_only_with_trigger to 2025-02-13 16:00:00+00:00, run_after=2025-02-13 20:00:00+00:00
[2025-02-13T23:56:51.103+0000] {processor.py:208} INFO - Processing /home/airflow/.local/lib/python3.12/site-packages/airflow/example_dags/example_latest_only_with_trigger.py took 0.090 seconds
[2025-02-13T23:57:21.597+0000] {processor.py:186} INFO - Started process (PID=294) to work on /home/airflow/.local/lib/python3.12/site-packages/airflow/example_dags/example_latest_only_with_trigger.py
[2025-02-13T23:57:21.598+0000] {processor.py:914} INFO - Processing file /home/airflow/.local/lib/python3.12/site-packages/airflow/example_dags/example_latest_only_with_trigger.py for tasks to queue
[2025-02-13T23:57:21.602+0000] {logging_mixin.py:190} INFO - [2025-02-13T23:57:21.601+0000] {dagbag.py:588} INFO - Filling up the DagBag from /home/airflow/.local/lib/python3.12/site-packages/airflow/example_dags/example_latest_only_with_trigger.py
[2025-02-13T23:57:21.610+0000] {processor.py:925} INFO - DAG(s) 'latest_only_with_trigger' retrieved from /home/airflow/.local/lib/python3.12/site-packages/airflow/example_dags/example_latest_only_with_trigger.py
[2025-02-13T23:57:21.632+0000] {logging_mixin.py:190} INFO - [2025-02-13T23:57:21.631+0000] {dag.py:3239} INFO - Sync 1 DAGs
[2025-02-13T23:57:21.654+0000] {logging_mixin.py:190} INFO - [2025-02-13T23:57:21.654+0000] {dag.py:4180} INFO - Setting next_dagrun for latest_only_with_trigger to 2025-02-13 16:00:00+00:00, run_after=2025-02-13 20:00:00+00:00
[2025-02-13T23:57:21.671+0000] {processor.py:208} INFO - Processing /home/airflow/.local/lib/python3.12/site-packages/airflow/example_dags/example_latest_only_with_trigger.py took 0.080 seconds
