[2025-02-13T23:55:45.651+0000] {processor.py:186} INFO - Started process (PID=82) to work on /home/airflow/.local/lib/python3.12/site-packages/airflow/example_dags/example_latest_only.py
[2025-02-13T23:55:45.652+0000] {processor.py:914} INFO - Processing file /home/airflow/.local/lib/python3.12/site-packages/airflow/example_dags/example_latest_only.py for tasks to queue
[2025-02-13T23:55:45.656+0000] {logging_mixin.py:190} INFO - [2025-02-13T23:55:45.655+0000] {dagbag.py:588} INFO - Filling up the DagBag from /home/airflow/.local/lib/python3.12/site-packages/airflow/example_dags/example_latest_only.py
[2025-02-13T23:55:45.668+0000] {processor.py:925} INFO - DAG(s) 'latest_only' retrieved from /home/airflow/.local/lib/python3.12/site-packages/airflow/example_dags/example_latest_only.py
[2025-02-13T23:55:45.866+0000] {logging_mixin.py:190} INFO - [2025-02-13T23:55:45.866+0000] {dag.py:3239} INFO - Sync 1 DAGs
[2025-02-13T23:55:45.911+0000] {logging_mixin.py:190} INFO - [2025-02-13T23:55:45.910+0000] {dag.py:4180} INFO - Setting next_dagrun for latest_only to 2025-02-13 16:00:00+00:00, run_after=2025-02-13 20:00:00+00:00
[2025-02-13T23:55:45.937+0000] {processor.py:208} INFO - Processing /home/airflow/.local/lib/python3.12/site-packages/airflow/example_dags/example_latest_only.py took 0.294 seconds
[2025-02-13T23:56:16.519+0000] {processor.py:186} INFO - Started process (PID=145) to work on /home/airflow/.local/lib/python3.12/site-packages/airflow/example_dags/example_latest_only.py
[2025-02-13T23:56:16.520+0000] {processor.py:914} INFO - Processing file /home/airflow/.local/lib/python3.12/site-packages/airflow/example_dags/example_latest_only.py for tasks to queue
[2025-02-13T23:56:16.522+0000] {logging_mixin.py:190} INFO - [2025-02-13T23:56:16.521+0000] {dagbag.py:588} INFO - Filling up the DagBag from /home/airflow/.local/lib/python3.12/site-packages/airflow/example_dags/example_latest_only.py
[2025-02-13T23:56:16.531+0000] {processor.py:925} INFO - DAG(s) 'latest_only' retrieved from /home/airflow/.local/lib/python3.12/site-packages/airflow/example_dags/example_latest_only.py
[2025-02-13T23:56:16.560+0000] {logging_mixin.py:190} INFO - [2025-02-13T23:56:16.560+0000] {dag.py:3239} INFO - Sync 1 DAGs
[2025-02-13T23:56:16.594+0000] {logging_mixin.py:190} INFO - [2025-02-13T23:56:16.594+0000] {dag.py:4180} INFO - Setting next_dagrun for latest_only to 2025-02-13 16:00:00+00:00, run_after=2025-02-13 20:00:00+00:00
[2025-02-13T23:56:16.618+0000] {processor.py:208} INFO - Processing /home/airflow/.local/lib/python3.12/site-packages/airflow/example_dags/example_latest_only.py took 0.104 seconds
[2025-02-13T23:56:47.652+0000] {processor.py:186} INFO - Started process (PID=208) to work on /home/airflow/.local/lib/python3.12/site-packages/airflow/example_dags/example_latest_only.py
[2025-02-13T23:56:47.653+0000] {processor.py:914} INFO - Processing file /home/airflow/.local/lib/python3.12/site-packages/airflow/example_dags/example_latest_only.py for tasks to queue
[2025-02-13T23:56:47.655+0000] {logging_mixin.py:190} INFO - [2025-02-13T23:56:47.655+0000] {dagbag.py:588} INFO - Filling up the DagBag from /home/airflow/.local/lib/python3.12/site-packages/airflow/example_dags/example_latest_only.py
[2025-02-13T23:56:47.662+0000] {processor.py:925} INFO - DAG(s) 'latest_only' retrieved from /home/airflow/.local/lib/python3.12/site-packages/airflow/example_dags/example_latest_only.py
[2025-02-13T23:56:47.682+0000] {logging_mixin.py:190} INFO - [2025-02-13T23:56:47.682+0000] {dag.py:3239} INFO - Sync 1 DAGs
[2025-02-13T23:56:47.702+0000] {logging_mixin.py:190} INFO - [2025-02-13T23:56:47.702+0000] {dag.py:4180} INFO - Setting next_dagrun for latest_only to 2025-02-13 16:00:00+00:00, run_after=2025-02-13 20:00:00+00:00
[2025-02-13T23:56:47.721+0000] {processor.py:208} INFO - Processing /home/airflow/.local/lib/python3.12/site-packages/airflow/example_dags/example_latest_only.py took 0.075 seconds
[2025-02-13T23:57:18.983+0000] {processor.py:186} INFO - Started process (PID=271) to work on /home/airflow/.local/lib/python3.12/site-packages/airflow/example_dags/example_latest_only.py
[2025-02-13T23:57:18.984+0000] {processor.py:914} INFO - Processing file /home/airflow/.local/lib/python3.12/site-packages/airflow/example_dags/example_latest_only.py for tasks to queue
[2025-02-13T23:57:18.987+0000] {logging_mixin.py:190} INFO - [2025-02-13T23:57:18.986+0000] {dagbag.py:588} INFO - Filling up the DagBag from /home/airflow/.local/lib/python3.12/site-packages/airflow/example_dags/example_latest_only.py
[2025-02-13T23:57:18.996+0000] {processor.py:925} INFO - DAG(s) 'latest_only' retrieved from /home/airflow/.local/lib/python3.12/site-packages/airflow/example_dags/example_latest_only.py
[2025-02-13T23:57:19.020+0000] {logging_mixin.py:190} INFO - [2025-02-13T23:57:19.020+0000] {dag.py:3239} INFO - Sync 1 DAGs
[2025-02-13T23:57:19.053+0000] {logging_mixin.py:190} INFO - [2025-02-13T23:57:19.052+0000] {dag.py:4180} INFO - Setting next_dagrun for latest_only to 2025-02-13 16:00:00+00:00, run_after=2025-02-13 20:00:00+00:00
[2025-02-13T23:57:19.076+0000] {processor.py:208} INFO - Processing /home/airflow/.local/lib/python3.12/site-packages/airflow/example_dags/example_latest_only.py took 0.099 seconds
