[2025-02-13T23:55:45.974+0000] {processor.py:186} INFO - Started process (PID=84) to work on /home/airflow/.local/lib/python3.12/site-packages/airflow/example_dags/example_task_group.py
[2025-02-13T23:55:45.975+0000] {processor.py:914} INFO - Processing file /home/airflow/.local/lib/python3.12/site-packages/airflow/example_dags/example_task_group.py for tasks to queue
[2025-02-13T23:55:45.978+0000] {logging_mixin.py:190} INFO - [2025-02-13T23:55:45.978+0000] {dagbag.py:588} INFO - Filling up the DagBag from /home/airflow/.local/lib/python3.12/site-packages/airflow/example_dags/example_task_group.py
[2025-02-13T23:55:45.992+0000] {processor.py:925} INFO - DAG(s) 'example_task_group' retrieved from /home/airflow/.local/lib/python3.12/site-packages/airflow/example_dags/example_task_group.py
[2025-02-13T23:55:46.194+0000] {logging_mixin.py:190} INFO - [2025-02-13T23:55:46.194+0000] {dag.py:3239} INFO - Sync 1 DAGs
[2025-02-13T23:55:46.222+0000] {logging_mixin.py:190} INFO - [2025-02-13T23:55:46.221+0000] {dag.py:4180} INFO - Setting next_dagrun for example_task_group to None, run_after=None
[2025-02-13T23:55:46.247+0000] {processor.py:208} INFO - Processing /home/airflow/.local/lib/python3.12/site-packages/airflow/example_dags/example_task_group.py took 0.283 seconds
[2025-02-13T23:56:16.709+0000] {processor.py:186} INFO - Started process (PID=147) to work on /home/airflow/.local/lib/python3.12/site-packages/airflow/example_dags/example_task_group.py
[2025-02-13T23:56:16.710+0000] {processor.py:914} INFO - Processing file /home/airflow/.local/lib/python3.12/site-packages/airflow/example_dags/example_task_group.py for tasks to queue
[2025-02-13T23:56:16.713+0000] {logging_mixin.py:190} INFO - [2025-02-13T23:56:16.713+0000] {dagbag.py:588} INFO - Filling up the DagBag from /home/airflow/.local/lib/python3.12/site-packages/airflow/example_dags/example_task_group.py
[2025-02-13T23:56:16.724+0000] {processor.py:925} INFO - DAG(s) 'example_task_group' retrieved from /home/airflow/.local/lib/python3.12/site-packages/airflow/example_dags/example_task_group.py
[2025-02-13T23:56:16.752+0000] {logging_mixin.py:190} INFO - [2025-02-13T23:56:16.751+0000] {dag.py:3239} INFO - Sync 1 DAGs
[2025-02-13T23:56:16.779+0000] {logging_mixin.py:190} INFO - [2025-02-13T23:56:16.778+0000] {dag.py:4180} INFO - Setting next_dagrun for example_task_group to None, run_after=None
[2025-02-13T23:56:16.813+0000] {processor.py:208} INFO - Processing /home/airflow/.local/lib/python3.12/site-packages/airflow/example_dags/example_task_group.py took 0.112 seconds
[2025-02-13T23:56:47.753+0000] {processor.py:186} INFO - Started process (PID=210) to work on /home/airflow/.local/lib/python3.12/site-packages/airflow/example_dags/example_task_group.py
[2025-02-13T23:56:47.754+0000] {processor.py:914} INFO - Processing file /home/airflow/.local/lib/python3.12/site-packages/airflow/example_dags/example_task_group.py for tasks to queue
[2025-02-13T23:56:47.757+0000] {logging_mixin.py:190} INFO - [2025-02-13T23:56:47.757+0000] {dagbag.py:588} INFO - Filling up the DagBag from /home/airflow/.local/lib/python3.12/site-packages/airflow/example_dags/example_task_group.py
[2025-02-13T23:56:47.767+0000] {processor.py:925} INFO - DAG(s) 'example_task_group' retrieved from /home/airflow/.local/lib/python3.12/site-packages/airflow/example_dags/example_task_group.py
[2025-02-13T23:56:47.790+0000] {logging_mixin.py:190} INFO - [2025-02-13T23:56:47.790+0000] {dag.py:3239} INFO - Sync 1 DAGs
[2025-02-13T23:56:47.807+0000] {logging_mixin.py:190} INFO - [2025-02-13T23:56:47.806+0000] {dag.py:4180} INFO - Setting next_dagrun for example_task_group to None, run_after=None
[2025-02-13T23:56:47.826+0000] {processor.py:208} INFO - Processing /home/airflow/.local/lib/python3.12/site-packages/airflow/example_dags/example_task_group.py took 0.080 seconds
[2025-02-13T23:57:19.236+0000] {processor.py:186} INFO - Started process (PID=273) to work on /home/airflow/.local/lib/python3.12/site-packages/airflow/example_dags/example_task_group.py
[2025-02-13T23:57:19.238+0000] {processor.py:914} INFO - Processing file /home/airflow/.local/lib/python3.12/site-packages/airflow/example_dags/example_task_group.py for tasks to queue
[2025-02-13T23:57:19.240+0000] {logging_mixin.py:190} INFO - [2025-02-13T23:57:19.240+0000] {dagbag.py:588} INFO - Filling up the DagBag from /home/airflow/.local/lib/python3.12/site-packages/airflow/example_dags/example_task_group.py
[2025-02-13T23:57:19.252+0000] {processor.py:925} INFO - DAG(s) 'example_task_group' retrieved from /home/airflow/.local/lib/python3.12/site-packages/airflow/example_dags/example_task_group.py
[2025-02-13T23:57:19.275+0000] {logging_mixin.py:190} INFO - [2025-02-13T23:57:19.275+0000] {dag.py:3239} INFO - Sync 1 DAGs
[2025-02-13T23:57:19.290+0000] {logging_mixin.py:190} INFO - [2025-02-13T23:57:19.289+0000] {dag.py:4180} INFO - Setting next_dagrun for example_task_group to None, run_after=None
[2025-02-13T23:57:19.308+0000] {processor.py:208} INFO - Processing /home/airflow/.local/lib/python3.12/site-packages/airflow/example_dags/example_task_group.py took 0.082 seconds
