[2025-02-13T23:55:41.365+0000] {processor.py:186} INFO - Started process (PID=74) to work on /home/airflow/.local/lib/python3.12/site-packages/airflow/example_dags/example_sla_dag.py
[2025-02-13T23:55:41.366+0000] {processor.py:914} INFO - Processing file /home/airflow/.local/lib/python3.12/site-packages/airflow/example_dags/example_sla_dag.py for tasks to queue
[2025-02-13T23:55:41.375+0000] {logging_mixin.py:190} INFO - [2025-02-13T23:55:41.374+0000] {dagbag.py:588} INFO - Filling up the DagBag from /home/airflow/.local/lib/python3.12/site-packages/airflow/example_dags/example_sla_dag.py
[2025-02-13T23:55:41.413+0000] {processor.py:925} INFO - DAG(s) 'example_sla_dag' retrieved from /home/airflow/.local/lib/python3.12/site-packages/airflow/example_dags/example_sla_dag.py
[2025-02-13T23:55:41.923+0000] {logging_mixin.py:190} INFO - [2025-02-13T23:55:41.922+0000] {dag.py:3239} INFO - Sync 1 DAGs
[2025-02-13T23:55:41.963+0000] {logging_mixin.py:190} INFO - [2025-02-13T23:55:41.963+0000] {dag.py:4180} INFO - Setting next_dagrun for example_sla_dag to 2025-02-13 23:52:00+00:00, run_after=2025-02-13 23:54:00+00:00
[2025-02-13T23:55:41.992+0000] {processor.py:208} INFO - Processing /home/airflow/.local/lib/python3.12/site-packages/airflow/example_dags/example_sla_dag.py took 0.636 seconds
[2025-02-13T23:56:12.365+0000] {processor.py:186} INFO - Started process (PID=137) to work on /home/airflow/.local/lib/python3.12/site-packages/airflow/example_dags/example_sla_dag.py
[2025-02-13T23:56:12.366+0000] {processor.py:914} INFO - Processing file /home/airflow/.local/lib/python3.12/site-packages/airflow/example_dags/example_sla_dag.py for tasks to queue
[2025-02-13T23:56:12.371+0000] {logging_mixin.py:190} INFO - [2025-02-13T23:56:12.370+0000] {dagbag.py:588} INFO - Filling up the DagBag from /home/airflow/.local/lib/python3.12/site-packages/airflow/example_dags/example_sla_dag.py
[2025-02-13T23:56:12.391+0000] {processor.py:925} INFO - DAG(s) 'example_sla_dag' retrieved from /home/airflow/.local/lib/python3.12/site-packages/airflow/example_dags/example_sla_dag.py
[2025-02-13T23:56:12.445+0000] {logging_mixin.py:190} INFO - [2025-02-13T23:56:12.444+0000] {dag.py:3239} INFO - Sync 1 DAGs
[2025-02-13T23:56:12.488+0000] {logging_mixin.py:190} INFO - [2025-02-13T23:56:12.488+0000] {dag.py:4180} INFO - Setting next_dagrun for example_sla_dag to 2025-02-13 23:54:00+00:00, run_after=2025-02-13 23:56:00+00:00
[2025-02-13T23:56:12.512+0000] {processor.py:208} INFO - Processing /home/airflow/.local/lib/python3.12/site-packages/airflow/example_dags/example_sla_dag.py took 0.156 seconds
[2025-02-13T23:56:42.652+0000] {processor.py:186} INFO - Started process (PID=200) to work on /home/airflow/.local/lib/python3.12/site-packages/airflow/example_dags/example_sla_dag.py
[2025-02-13T23:56:42.653+0000] {processor.py:914} INFO - Processing file /home/airflow/.local/lib/python3.12/site-packages/airflow/example_dags/example_sla_dag.py for tasks to queue
[2025-02-13T23:56:42.656+0000] {logging_mixin.py:190} INFO - [2025-02-13T23:56:42.655+0000] {dagbag.py:588} INFO - Filling up the DagBag from /home/airflow/.local/lib/python3.12/site-packages/airflow/example_dags/example_sla_dag.py
[2025-02-13T23:56:42.667+0000] {processor.py:925} INFO - DAG(s) 'example_sla_dag' retrieved from /home/airflow/.local/lib/python3.12/site-packages/airflow/example_dags/example_sla_dag.py
[2025-02-13T23:56:42.689+0000] {logging_mixin.py:190} INFO - [2025-02-13T23:56:42.689+0000] {dag.py:3239} INFO - Sync 1 DAGs
[2025-02-13T23:56:42.722+0000] {logging_mixin.py:190} INFO - [2025-02-13T23:56:42.722+0000] {dag.py:4180} INFO - Setting next_dagrun for example_sla_dag to 2025-02-13 23:54:00+00:00, run_after=2025-02-13 23:56:00+00:00
[2025-02-13T23:56:42.743+0000] {processor.py:208} INFO - Processing /home/airflow/.local/lib/python3.12/site-packages/airflow/example_dags/example_sla_dag.py took 0.099 seconds
[2025-02-13T23:57:12.846+0000] {processor.py:186} INFO - Started process (PID=263) to work on /home/airflow/.local/lib/python3.12/site-packages/airflow/example_dags/example_sla_dag.py
[2025-02-13T23:57:12.848+0000] {processor.py:914} INFO - Processing file /home/airflow/.local/lib/python3.12/site-packages/airflow/example_dags/example_sla_dag.py for tasks to queue
[2025-02-13T23:57:12.852+0000] {logging_mixin.py:190} INFO - [2025-02-13T23:57:12.851+0000] {dagbag.py:588} INFO - Filling up the DagBag from /home/airflow/.local/lib/python3.12/site-packages/airflow/example_dags/example_sla_dag.py
[2025-02-13T23:57:12.863+0000] {processor.py:925} INFO - DAG(s) 'example_sla_dag' retrieved from /home/airflow/.local/lib/python3.12/site-packages/airflow/example_dags/example_sla_dag.py
[2025-02-13T23:57:12.884+0000] {logging_mixin.py:190} INFO - [2025-02-13T23:57:12.883+0000] {dag.py:3239} INFO - Sync 1 DAGs
[2025-02-13T23:57:12.909+0000] {logging_mixin.py:190} INFO - [2025-02-13T23:57:12.909+0000] {dag.py:4180} INFO - Setting next_dagrun for example_sla_dag to 2025-02-13 23:54:00+00:00, run_after=2025-02-13 23:56:00+00:00
[2025-02-13T23:57:12.927+0000] {processor.py:208} INFO - Processing /home/airflow/.local/lib/python3.12/site-packages/airflow/example_dags/example_sla_dag.py took 0.092 seconds
