[2025-02-13T23:55:51.693+0000] {processor.py:186} INFO - Started process (PID=113) to work on /home/airflow/.local/lib/python3.12/site-packages/airflow/example_dags/tutorial.py
[2025-02-13T23:55:51.694+0000] {processor.py:914} INFO - Processing file /home/airflow/.local/lib/python3.12/site-packages/airflow/example_dags/tutorial.py for tasks to queue
[2025-02-13T23:55:51.697+0000] {logging_mixin.py:190} INFO - [2025-02-13T23:55:51.696+0000] {dagbag.py:588} INFO - Filling up the DagBag from /home/airflow/.local/lib/python3.12/site-packages/airflow/example_dags/tutorial.py
[2025-02-13T23:55:51.711+0000] {processor.py:925} INFO - DAG(s) 'tutorial' retrieved from /home/airflow/.local/lib/python3.12/site-packages/airflow/example_dags/tutorial.py
[2025-02-13T23:55:51.942+0000] {logging_mixin.py:190} INFO - [2025-02-13T23:55:51.942+0000] {dag.py:3239} INFO - Sync 1 DAGs
[2025-02-13T23:55:51.975+0000] {logging_mixin.py:190} INFO - [2025-02-13T23:55:51.974+0000] {dag.py:4180} INFO - Setting next_dagrun for tutorial to 2025-02-12 00:00:00+00:00, run_after=2025-02-13 00:00:00+00:00
[2025-02-13T23:55:52.006+0000] {processor.py:208} INFO - Processing /home/airflow/.local/lib/python3.12/site-packages/airflow/example_dags/tutorial.py took 0.324 seconds
[2025-02-13T23:56:22.480+0000] {processor.py:186} INFO - Started process (PID=176) to work on /home/airflow/.local/lib/python3.12/site-packages/airflow/example_dags/tutorial.py
[2025-02-13T23:56:22.481+0000] {processor.py:914} INFO - Processing file /home/airflow/.local/lib/python3.12/site-packages/airflow/example_dags/tutorial.py for tasks to queue
[2025-02-13T23:56:22.484+0000] {logging_mixin.py:190} INFO - [2025-02-13T23:56:22.484+0000] {dagbag.py:588} INFO - Filling up the DagBag from /home/airflow/.local/lib/python3.12/site-packages/airflow/example_dags/tutorial.py
[2025-02-13T23:56:22.497+0000] {processor.py:925} INFO - DAG(s) 'tutorial' retrieved from /home/airflow/.local/lib/python3.12/site-packages/airflow/example_dags/tutorial.py
[2025-02-13T23:56:22.530+0000] {logging_mixin.py:190} INFO - [2025-02-13T23:56:22.529+0000] {dag.py:3239} INFO - Sync 1 DAGs
[2025-02-13T23:56:22.569+0000] {logging_mixin.py:190} INFO - [2025-02-13T23:56:22.569+0000] {dag.py:4180} INFO - Setting next_dagrun for tutorial to 2025-02-12 00:00:00+00:00, run_after=2025-02-13 00:00:00+00:00
[2025-02-13T23:56:22.598+0000] {processor.py:208} INFO - Processing /home/airflow/.local/lib/python3.12/site-packages/airflow/example_dags/tutorial.py took 0.127 seconds
[2025-02-13T23:56:53.363+0000] {processor.py:186} INFO - Started process (PID=238) to work on /home/airflow/.local/lib/python3.12/site-packages/airflow/example_dags/tutorial.py
[2025-02-13T23:56:53.365+0000] {processor.py:914} INFO - Processing file /home/airflow/.local/lib/python3.12/site-packages/airflow/example_dags/tutorial.py for tasks to queue
[2025-02-13T23:56:53.367+0000] {logging_mixin.py:190} INFO - [2025-02-13T23:56:53.367+0000] {dagbag.py:588} INFO - Filling up the DagBag from /home/airflow/.local/lib/python3.12/site-packages/airflow/example_dags/tutorial.py
[2025-02-13T23:56:53.376+0000] {processor.py:925} INFO - DAG(s) 'tutorial' retrieved from /home/airflow/.local/lib/python3.12/site-packages/airflow/example_dags/tutorial.py
[2025-02-13T23:56:53.397+0000] {logging_mixin.py:190} INFO - [2025-02-13T23:56:53.397+0000] {dag.py:3239} INFO - Sync 1 DAGs
[2025-02-13T23:56:53.418+0000] {logging_mixin.py:190} INFO - [2025-02-13T23:56:53.418+0000] {dag.py:4180} INFO - Setting next_dagrun for tutorial to 2025-02-12 00:00:00+00:00, run_after=2025-02-13 00:00:00+00:00
[2025-02-13T23:56:53.436+0000] {processor.py:208} INFO - Processing /home/airflow/.local/lib/python3.12/site-packages/airflow/example_dags/tutorial.py took 0.081 seconds
[2025-02-13T23:57:23.897+0000] {processor.py:186} INFO - Started process (PID=301) to work on /home/airflow/.local/lib/python3.12/site-packages/airflow/example_dags/tutorial.py
[2025-02-13T23:57:23.900+0000] {processor.py:914} INFO - Processing file /home/airflow/.local/lib/python3.12/site-packages/airflow/example_dags/tutorial.py for tasks to queue
[2025-02-13T23:57:23.902+0000] {logging_mixin.py:190} INFO - [2025-02-13T23:57:23.901+0000] {dagbag.py:588} INFO - Filling up the DagBag from /home/airflow/.local/lib/python3.12/site-packages/airflow/example_dags/tutorial.py
[2025-02-13T23:57:23.909+0000] {processor.py:925} INFO - DAG(s) 'tutorial' retrieved from /home/airflow/.local/lib/python3.12/site-packages/airflow/example_dags/tutorial.py
[2025-02-13T23:57:23.929+0000] {logging_mixin.py:190} INFO - [2025-02-13T23:57:23.928+0000] {dag.py:3239} INFO - Sync 1 DAGs
[2025-02-13T23:57:23.950+0000] {logging_mixin.py:190} INFO - [2025-02-13T23:57:23.950+0000] {dag.py:4180} INFO - Setting next_dagrun for tutorial to 2025-02-12 00:00:00+00:00, run_after=2025-02-13 00:00:00+00:00
[2025-02-13T23:57:23.969+0000] {processor.py:208} INFO - Processing /home/airflow/.local/lib/python3.12/site-packages/airflow/example_dags/tutorial.py took 0.076 seconds
