[2025-02-16T13:21:59.227+0000] {local_task_job_runner.py:123} INFO - ::group::Pre task execution logs
[2025-02-16T13:22:00.039+0000] {taskinstance.py:2614} INFO - Dependencies all met for dep_context=non-requeueable deps ti=<TaskInstance: full_dag.task1 scheduled__2025-02-14T21:33:00+00:00 [queued]>
[2025-02-16T13:22:00.948+0000] {taskinstance.py:2614} INFO - Dependencies all met for dep_context=requeueable deps ti=<TaskInstance: full_dag.task1 scheduled__2025-02-14T21:33:00+00:00 [queued]>
[2025-02-16T13:22:00.949+0000] {taskinstance.py:2867} INFO - Starting attempt 1 of 1
[2025-02-16T13:22:01.922+0000] {taskinstance.py:2890} INFO - Executing <Task(BashOperator): task1> on 2025-02-14 21:33:00+00:00
[2025-02-16T13:22:02.011+0000] {warnings.py:112} WARNING - /home/***/.local/lib/python3.12/site-packages/***/task/task_runner/standard_task_runner.py:70: DeprecationWarning: This process (pid=5316) is multi-threaded, use of fork() may lead to deadlocks in the child.
  pid = os.fork()

[2025-02-16T13:22:02.305+0000] {standard_task_runner.py:72} INFO - Started process 5326 to run task
[2025-02-16T13:22:02.277+0000] {standard_task_runner.py:104} INFO - Running: ['***', 'tasks', 'run', 'full_dag', 'task1', 'scheduled__2025-02-14T21:33:00+00:00', '--job-id', '863', '--raw', '--subdir', 'DAGS_FOLDER/08_full_dag.py', '--cfg-path', '/tmp/tmpbbzybm35']
[2025-02-16T13:22:02.334+0000] {standard_task_runner.py:105} INFO - Job 863: Subtask task1
[2025-02-16T13:22:04.990+0000] {task_command.py:467} INFO - Running <TaskInstance: full_dag.task1 scheduled__2025-02-14T21:33:00+00:00 [running]> on host ab74d4d90d32
[2025-02-16T13:22:08.912+0000] {job.py:229} INFO - Heartbeat recovered after 12.90 seconds
[2025-02-16T13:22:10.854+0000] {taskinstance.py:3134} INFO - Exporting env vars: AIRFLOW_CTX_DAG_OWNER='***' AIRFLOW_CTX_DAG_ID='full_dag' AIRFLOW_CTX_TASK_ID='task1' AIRFLOW_CTX_EXECUTION_DATE='2025-02-14T21:33:00+00:00' AIRFLOW_CTX_TRY_NUMBER='1' AIRFLOW_CTX_DAG_RUN_ID='scheduled__2025-02-14T21:33:00+00:00'
[2025-02-16T13:22:10.865+0000] {taskinstance.py:732} INFO - ::endgroup::
[2025-02-16T13:22:11.891+0000] {subprocess.py:78} INFO - Tmp dir root location: /tmp
[2025-02-16T13:22:11.969+0000] {subprocess.py:88} INFO - Running command: ['/usr/bin/bash', '-c', 'sleep 5']
[2025-02-16T13:22:15.347+0000] {subprocess.py:99} INFO - Output:
[2025-02-16T13:22:20.381+0000] {subprocess.py:110} INFO - Command exited with return code 0
[2025-02-16T13:22:20.844+0000] {taskinstance.py:341} INFO - ::group::Post task execution logs
[2025-02-16T13:22:20.845+0000] {taskinstance.py:353} INFO - Marking task as SUCCESS. dag_id=full_dag, task_id=task1, run_id=scheduled__2025-02-14T21:33:00+00:00, execution_date=20250214T213300, start_date=20250216T132200, end_date=20250216T132220
[2025-02-16T13:22:21.529+0000] {local_task_job_runner.py:266} INFO - Task exited with return code 0
[2025-02-16T13:22:22.164+0000] {taskinstance.py:3901} INFO - 1 downstream tasks scheduled from follow-on schedule check
[2025-02-16T13:22:22.201+0000] {local_task_job_runner.py:245} INFO - ::endgroup::
