[2025-02-14T21:33:05.859+0000] {local_task_job_runner.py:123} INFO - ::group::Pre task execution logs
[2025-02-14T21:33:05.941+0000] {taskinstance.py:2614} INFO - Dependencies all met for dep_context=non-requeueable deps ti=<TaskInstance: third_dag.task2 scheduled__2025-02-13T21:33:00+00:00 [queued]>
[2025-02-14T21:33:05.964+0000] {taskinstance.py:2614} INFO - Dependencies all met for dep_context=requeueable deps ti=<TaskInstance: third_dag.task2 scheduled__2025-02-13T21:33:00+00:00 [queued]>
[2025-02-14T21:33:05.965+0000] {taskinstance.py:2867} INFO - Starting attempt 1 of 1
[2025-02-14T21:33:06.023+0000] {taskinstance.py:2890} INFO - Executing <Task(BashOperator): task2> on 2025-02-13 21:33:00+00:00
[2025-02-14T21:33:06.039+0000] {warnings.py:112} WARNING - /home/***/.local/lib/python3.12/site-packages/***/task/task_runner/standard_task_runner.py:70: DeprecationWarning: This process (pid=644) is multi-threaded, use of fork() may lead to deadlocks in the child.
  pid = os.fork()

[2025-02-14T21:33:06.053+0000] {standard_task_runner.py:72} INFO - Started process 663 to run task
[2025-02-14T21:33:06.074+0000] {standard_task_runner.py:104} INFO - Running: ['***', 'tasks', 'run', 'third_dag', 'task2', 'scheduled__2025-02-13T21:33:00+00:00', '--job-id', '820', '--raw', '--subdir', 'DAGS_FOLDER/03_third_dag.py', '--cfg-path', '/tmp/tmpzau9bvnu']
[2025-02-14T21:33:06.076+0000] {standard_task_runner.py:105} INFO - Job 820: Subtask task2
[2025-02-14T21:33:06.332+0000] {task_command.py:467} INFO - Running <TaskInstance: third_dag.task2 scheduled__2025-02-13T21:33:00+00:00 [running]> on host ab74d4d90d32
[2025-02-14T21:33:06.661+0000] {taskinstance.py:3134} INFO - Exporting env vars: AIRFLOW_CTX_DAG_OWNER='***' AIRFLOW_CTX_DAG_ID='third_dag' AIRFLOW_CTX_TASK_ID='task2' AIRFLOW_CTX_EXECUTION_DATE='2025-02-13T21:33:00+00:00' AIRFLOW_CTX_TRY_NUMBER='1' AIRFLOW_CTX_DAG_RUN_ID='scheduled__2025-02-13T21:33:00+00:00'
[2025-02-14T21:33:06.662+0000] {taskinstance.py:732} INFO - ::endgroup::
[2025-02-14T21:33:06.701+0000] {subprocess.py:78} INFO - Tmp dir root location: /tmp
[2025-02-14T21:33:06.709+0000] {subprocess.py:88} INFO - Running command: ['/usr/bin/bash', '-c', 'sleep 5']
[2025-02-14T21:33:06.744+0000] {subprocess.py:99} INFO - Output:
[2025-02-14T21:33:14.687+0000] {subprocess.py:110} INFO - Command exited with return code 0
[2025-02-14T21:33:14.731+0000] {taskinstance.py:341} INFO - ::group::Post task execution logs
[2025-02-14T21:33:14.731+0000] {taskinstance.py:353} INFO - Marking task as SUCCESS. dag_id=third_dag, task_id=task2, run_id=scheduled__2025-02-13T21:33:00+00:00, execution_date=20250213T213300, start_date=20250214T213305, end_date=20250214T213314
[2025-02-14T21:33:14.815+0000] {local_task_job_runner.py:266} INFO - Task exited with return code 0
[2025-02-14T21:33:14.886+0000] {taskinstance.py:3901} INFO - 0 downstream tasks scheduled from follow-on schedule check
[2025-02-14T21:33:14.896+0000] {local_task_job_runner.py:245} INFO - ::endgroup::
