[2025-02-17T20:01:59.563+0000] {local_task_job_runner.py:123} INFO - ::group::Pre task execution logs
[2025-02-17T20:01:59.599+0000] {taskinstance.py:2614} INFO - Dependencies all met for dep_context=non-requeueable deps ti=<TaskInstance: send_email_dag.task3 manual__2025-02-17T20:01:50.614197+00:00 [queued]>
[2025-02-17T20:01:59.614+0000] {taskinstance.py:2614} INFO - Dependencies all met for dep_context=requeueable deps ti=<TaskInstance: send_email_dag.task3 manual__2025-02-17T20:01:50.614197+00:00 [queued]>
[2025-02-17T20:01:59.614+0000] {taskinstance.py:2867} INFO - Starting attempt 1 of 2
[2025-02-17T20:01:59.631+0000] {taskinstance.py:2890} INFO - Executing <Task(BashOperator): task3> on 2025-02-17 20:01:50.614197+00:00
[2025-02-17T20:01:59.637+0000] {warnings.py:112} WARNING - /home/***/.local/lib/python3.12/site-packages/***/task/task_runner/standard_task_runner.py:70: DeprecationWarning: This process (pid=7568) is multi-threaded, use of fork() may lead to deadlocks in the child.
  pid = os.fork()

[2025-02-17T20:01:59.638+0000] {standard_task_runner.py:72} INFO - Started process 7569 to run task
[2025-02-17T20:01:59.639+0000] {standard_task_runner.py:104} INFO - Running: ['***', 'tasks', 'run', 'send_email_dag', 'task3', 'manual__2025-02-17T20:01:50.614197+00:00', '--job-id', '939', '--raw', '--subdir', 'DAGS_FOLDER/14_send_email_dag.py', '--cfg-path', '/tmp/tmpc9f8ukef']
[2025-02-17T20:01:59.640+0000] {standard_task_runner.py:105} INFO - Job 939: Subtask task3
[2025-02-17T20:01:59.692+0000] {task_command.py:467} INFO - Running <TaskInstance: send_email_dag.task3 manual__2025-02-17T20:01:50.614197+00:00 [running]> on host ab74d4d90d32
[2025-02-17T20:01:59.782+0000] {taskinstance.py:3134} INFO - Exporting env vars: AIRFLOW_CTX_DAG_EMAIL='test@test.com' AIRFLOW_CTX_DAG_OWNER='***' AIRFLOW_CTX_DAG_ID='send_email_dag' AIRFLOW_CTX_TASK_ID='task3' AIRFLOW_CTX_EXECUTION_DATE='2025-02-17T20:01:50.614197+00:00' AIRFLOW_CTX_TRY_NUMBER='1' AIRFLOW_CTX_DAG_RUN_ID='manual__2025-02-17T20:01:50.614197+00:00'
[2025-02-17T20:01:59.783+0000] {taskinstance.py:732} INFO - ::endgroup::
[2025-02-17T20:01:59.805+0000] {subprocess.py:78} INFO - Tmp dir root location: /tmp
[2025-02-17T20:01:59.806+0000] {subprocess.py:88} INFO - Running command: ['/usr/bin/bash', '-c', 'sleep 5']
[2025-02-17T20:01:59.815+0000] {subprocess.py:99} INFO - Output:
[2025-02-17T20:02:04.819+0000] {subprocess.py:110} INFO - Command exited with return code 0
[2025-02-17T20:02:04.849+0000] {taskinstance.py:341} INFO - ::group::Post task execution logs
[2025-02-17T20:02:04.850+0000] {taskinstance.py:353} INFO - Marking task as SUCCESS. dag_id=send_email_dag, task_id=task3, run_id=manual__2025-02-17T20:01:50.614197+00:00, execution_date=20250217T200150, start_date=20250217T200159, end_date=20250217T200204
[2025-02-17T20:02:04.890+0000] {local_task_job_runner.py:266} INFO - Task exited with return code 0
[2025-02-17T20:02:04.921+0000] {taskinstance.py:3901} INFO - 1 downstream tasks scheduled from follow-on schedule check
[2025-02-17T20:02:04.924+0000] {local_task_job_runner.py:245} INFO - ::endgroup::
