[2025-02-24T21:30:09.577+0000] {local_task_job_runner.py:123} INFO - ::group::Pre task execution logs
[2025-02-24T21:30:09.594+0000] {taskinstance.py:2614} INFO - Dependencies all met for dep_context=non-requeueable deps ti=<TaskInstance: default_args_dag.task1 scheduled__2025-02-24T20:00:00+00:00 [queued]>
[2025-02-24T21:30:09.605+0000] {taskinstance.py:2614} INFO - Dependencies all met for dep_context=requeueable deps ti=<TaskInstance: default_args_dag.task1 scheduled__2025-02-24T20:00:00+00:00 [queued]>
[2025-02-24T21:30:09.605+0000] {taskinstance.py:2867} INFO - Starting attempt 1 of 4
[2025-02-24T21:30:09.620+0000] {taskinstance.py:2890} INFO - Executing <Task(BashOperator): task1> on 2025-02-24 20:00:00+00:00
[2025-02-24T21:30:09.627+0000] {warnings.py:112} WARNING - /home/***/.local/lib/python3.12/site-packages/***/task/task_runner/standard_task_runner.py:70: DeprecationWarning: This process (pid=149) is multi-threaded, use of fork() may lead to deadlocks in the child.
  pid = os.fork()

[2025-02-24T21:30:09.628+0000] {standard_task_runner.py:72} INFO - Started process 150 to run task
[2025-02-24T21:30:09.629+0000] {standard_task_runner.py:104} INFO - Running: ['***', 'tasks', 'run', 'default_args_dag', 'task1', 'scheduled__2025-02-24T20:00:00+00:00', '--job-id', '1061', '--raw', '--subdir', 'DAGS_FOLDER/12_default_args_dag.py', '--cfg-path', '/tmp/tmp3egwji5p']
[2025-02-24T21:30:09.630+0000] {standard_task_runner.py:105} INFO - Job 1061: Subtask task1
[2025-02-24T21:30:09.690+0000] {task_command.py:467} INFO - Running <TaskInstance: default_args_dag.task1 scheduled__2025-02-24T20:00:00+00:00 [running]> on host 70b8189021ad
[2025-02-24T21:30:09.812+0000] {taskinstance.py:3134} INFO - Exporting env vars: AIRFLOW_CTX_DAG_EMAIL='test@test.com' AIRFLOW_CTX_DAG_OWNER='***' AIRFLOW_CTX_DAG_ID='default_args_dag' AIRFLOW_CTX_TASK_ID='task1' AIRFLOW_CTX_EXECUTION_DATE='2025-02-24T20:00:00+00:00' AIRFLOW_CTX_TRY_NUMBER='1' AIRFLOW_CTX_DAG_RUN_ID='scheduled__2025-02-24T20:00:00+00:00'
[2025-02-24T21:30:09.812+0000] {taskinstance.py:732} INFO - ::endgroup::
[2025-02-24T21:30:09.835+0000] {subprocess.py:78} INFO - Tmp dir root location: /tmp
[2025-02-24T21:30:09.836+0000] {subprocess.py:88} INFO - Running command: ['/usr/bin/bash', '-c', 'sleep 5']
[2025-02-24T21:30:09.850+0000] {subprocess.py:99} INFO - Output:
[2025-02-24T21:30:14.856+0000] {subprocess.py:110} INFO - Command exited with return code 0
[2025-02-24T21:30:14.909+0000] {taskinstance.py:341} INFO - ::group::Post task execution logs
[2025-02-24T21:30:14.910+0000] {taskinstance.py:353} INFO - Marking task as SUCCESS. dag_id=default_args_dag, task_id=task1, run_id=scheduled__2025-02-24T20:00:00+00:00, execution_date=20250224T200000, start_date=20250224T213009, end_date=20250224T213014
[2025-02-24T21:30:14.982+0000] {local_task_job_runner.py:266} INFO - Task exited with return code 0
[2025-02-24T21:30:15.013+0000] {taskinstance.py:3901} INFO - 1 downstream tasks scheduled from follow-on schedule check
[2025-02-24T21:30:15.016+0000] {local_task_job_runner.py:245} INFO - ::endgroup::
