[2025-02-14T21:05:26.854+0000] {processor.py:186} INFO - Started process (PID=815) to work on /opt/airflow/dags/06_trigger_dag.py
[2025-02-14T21:05:26.855+0000] {processor.py:914} INFO - Processing file /opt/airflow/dags/06_trigger_dag.py for tasks to queue
[2025-02-14T21:05:26.856+0000] {logging_mixin.py:190} INFO - [2025-02-14T21:05:26.856+0000] {dagbag.py:588} INFO - Filling up the DagBag from /opt/airflow/dags/06_trigger_dag.py
[2025-02-14T21:05:26.867+0000] {processor.py:925} INFO - DAG(s) 'trigger_dag' retrieved from /opt/airflow/dags/06_trigger_dag.py
[2025-02-14T21:05:26.989+0000] {logging_mixin.py:190} INFO - [2025-02-14T21:05:26.989+0000] {dag.py:3239} INFO - Sync 1 DAGs
[2025-02-14T21:05:27.012+0000] {logging_mixin.py:190} INFO - [2025-02-14T21:05:27.012+0000] {dag.py:4180} INFO - Setting next_dagrun for trigger_dag to 2025-02-13 21:33:00+00:00, run_after=2025-02-14 21:33:00+00:00
[2025-02-14T21:05:27.034+0000] {processor.py:208} INFO - Processing /opt/airflow/dags/06_trigger_dag.py took 0.192 seconds
[2025-02-14T21:05:29.513+0000] {processor.py:186} INFO - Started process (PID=821) to work on /opt/airflow/dags/06_trigger_dag.py
[2025-02-14T21:05:29.514+0000] {processor.py:914} INFO - Processing file /opt/airflow/dags/06_trigger_dag.py for tasks to queue
[2025-02-14T21:05:29.515+0000] {logging_mixin.py:190} INFO - [2025-02-14T21:05:29.515+0000] {dagbag.py:588} INFO - Filling up the DagBag from /opt/airflow/dags/06_trigger_dag.py
[2025-02-14T21:05:29.528+0000] {processor.py:925} INFO - DAG(s) 'trigger_dag_failed' retrieved from /opt/airflow/dags/06_trigger_dag.py
[2025-02-14T21:05:29.636+0000] {logging_mixin.py:190} INFO - [2025-02-14T21:05:29.635+0000] {override.py:1912} INFO - Created Permission View: can read on DAG:trigger_dag_failed
[2025-02-14T21:05:29.647+0000] {logging_mixin.py:190} INFO - [2025-02-14T21:05:29.647+0000] {override.py:1912} INFO - Created Permission View: can delete on DAG:trigger_dag_failed
[2025-02-14T21:05:29.655+0000] {logging_mixin.py:190} INFO - [2025-02-14T21:05:29.655+0000] {override.py:1912} INFO - Created Permission View: can edit on DAG:trigger_dag_failed
[2025-02-14T21:05:29.666+0000] {logging_mixin.py:190} INFO - [2025-02-14T21:05:29.666+0000] {override.py:1912} INFO - Created Permission View: can read on DAG Run:trigger_dag_failed
[2025-02-14T21:05:29.674+0000] {logging_mixin.py:190} INFO - [2025-02-14T21:05:29.674+0000] {override.py:1912} INFO - Created Permission View: menu access on DAG Run:trigger_dag_failed
[2025-02-14T21:05:29.682+0000] {logging_mixin.py:190} INFO - [2025-02-14T21:05:29.682+0000] {override.py:1912} INFO - Created Permission View: can delete on DAG Run:trigger_dag_failed
[2025-02-14T21:05:29.689+0000] {logging_mixin.py:190} INFO - [2025-02-14T21:05:29.689+0000] {override.py:1912} INFO - Created Permission View: can create on DAG Run:trigger_dag_failed
[2025-02-14T21:05:29.690+0000] {logging_mixin.py:190} INFO - [2025-02-14T21:05:29.689+0000] {dag.py:3239} INFO - Sync 1 DAGs
[2025-02-14T21:05:29.702+0000] {logging_mixin.py:190} INFO - [2025-02-14T21:05:29.702+0000] {dag.py:3262} INFO - Creating ORM DAG for trigger_dag_failed
[2025-02-14T21:05:29.713+0000] {logging_mixin.py:190} INFO - [2025-02-14T21:05:29.713+0000] {dag.py:4180} INFO - Setting next_dagrun for trigger_dag_failed to 2025-02-12 21:33:00+00:00, run_after=2025-02-13 21:33:00+00:00
[2025-02-14T21:05:29.729+0000] {processor.py:208} INFO - Processing /opt/airflow/dags/06_trigger_dag.py took 0.227 seconds
[2025-02-14T21:05:34.977+0000] {processor.py:186} INFO - Started process (PID=827) to work on /opt/airflow/dags/06_trigger_dag.py
[2025-02-14T21:05:34.978+0000] {processor.py:914} INFO - Processing file /opt/airflow/dags/06_trigger_dag.py for tasks to queue
[2025-02-14T21:05:34.979+0000] {logging_mixin.py:190} INFO - [2025-02-14T21:05:34.979+0000] {dagbag.py:588} INFO - Filling up the DagBag from /opt/airflow/dags/06_trigger_dag.py
[2025-02-14T21:05:34.991+0000] {processor.py:925} INFO - DAG(s) 'trigger_dag_failed' retrieved from /opt/airflow/dags/06_trigger_dag.py
[2025-02-14T21:05:35.004+0000] {logging_mixin.py:190} INFO - [2025-02-14T21:05:35.004+0000] {dag.py:3239} INFO - Sync 1 DAGs
[2025-02-14T21:05:35.032+0000] {logging_mixin.py:190} INFO - [2025-02-14T21:05:35.031+0000] {dag.py:4180} INFO - Setting next_dagrun for trigger_dag_failed to 2025-02-12 21:33:00+00:00, run_after=2025-02-13 21:33:00+00:00
[2025-02-14T21:05:35.052+0000] {processor.py:208} INFO - Processing /opt/airflow/dags/06_trigger_dag.py took 0.084 seconds
[2025-02-14T21:05:40.999+0000] {processor.py:186} INFO - Started process (PID=828) to work on /opt/airflow/dags/06_trigger_dag.py
[2025-02-14T21:05:41.000+0000] {processor.py:914} INFO - Processing file /opt/airflow/dags/06_trigger_dag.py for tasks to queue
[2025-02-14T21:05:41.002+0000] {logging_mixin.py:190} INFO - [2025-02-14T21:05:41.001+0000] {dagbag.py:588} INFO - Filling up the DagBag from /opt/airflow/dags/06_trigger_dag.py
[2025-02-14T21:05:41.027+0000] {processor.py:925} INFO - DAG(s) 'trigger_dag_failed' retrieved from /opt/airflow/dags/06_trigger_dag.py
[2025-02-14T21:05:41.047+0000] {logging_mixin.py:190} INFO - [2025-02-14T21:05:41.046+0000] {dag.py:3239} INFO - Sync 1 DAGs
[2025-02-14T21:05:41.110+0000] {logging_mixin.py:190} INFO - [2025-02-14T21:05:41.109+0000] {dag.py:4180} INFO - Setting next_dagrun for trigger_dag_failed to 2025-02-12 21:33:00+00:00, run_after=2025-02-13 21:33:00+00:00
[2025-02-14T21:05:41.147+0000] {processor.py:208} INFO - Processing /opt/airflow/dags/06_trigger_dag.py took 0.160 seconds
[2025-02-14T21:05:46.416+0000] {processor.py:186} INFO - Started process (PID=844) to work on /opt/airflow/dags/06_trigger_dag.py
[2025-02-14T21:05:46.417+0000] {processor.py:914} INFO - Processing file /opt/airflow/dags/06_trigger_dag.py for tasks to queue
[2025-02-14T21:05:46.420+0000] {logging_mixin.py:190} INFO - [2025-02-14T21:05:46.419+0000] {dagbag.py:588} INFO - Filling up the DagBag from /opt/airflow/dags/06_trigger_dag.py
[2025-02-14T21:05:46.440+0000] {processor.py:925} INFO - DAG(s) 'trigger_dag_failed' retrieved from /opt/airflow/dags/06_trigger_dag.py
[2025-02-14T21:05:46.459+0000] {logging_mixin.py:190} INFO - [2025-02-14T21:05:46.458+0000] {dag.py:3239} INFO - Sync 1 DAGs
[2025-02-14T21:05:46.521+0000] {logging_mixin.py:190} INFO - [2025-02-14T21:05:46.521+0000] {dag.py:4180} INFO - Setting next_dagrun for trigger_dag_failed to 2025-02-13 21:33:00+00:00, run_after=2025-02-14 21:33:00+00:00
[2025-02-14T21:05:46.558+0000] {processor.py:208} INFO - Processing /opt/airflow/dags/06_trigger_dag.py took 0.154 seconds
[2025-02-14T21:05:52.104+0000] {processor.py:186} INFO - Started process (PID=850) to work on /opt/airflow/dags/06_trigger_dag.py
[2025-02-14T21:05:52.105+0000] {processor.py:914} INFO - Processing file /opt/airflow/dags/06_trigger_dag.py for tasks to queue
[2025-02-14T21:05:52.106+0000] {logging_mixin.py:190} INFO - [2025-02-14T21:05:52.106+0000] {dagbag.py:588} INFO - Filling up the DagBag from /opt/airflow/dags/06_trigger_dag.py
[2025-02-14T21:05:52.127+0000] {processor.py:925} INFO - DAG(s) 'trigger_dag_failed' retrieved from /opt/airflow/dags/06_trigger_dag.py
[2025-02-14T21:05:52.147+0000] {logging_mixin.py:190} INFO - [2025-02-14T21:05:52.146+0000] {dag.py:3239} INFO - Sync 1 DAGs
[2025-02-14T21:05:52.208+0000] {logging_mixin.py:190} INFO - [2025-02-14T21:05:52.208+0000] {dag.py:4180} INFO - Setting next_dagrun for trigger_dag_failed to 2025-02-13 21:33:00+00:00, run_after=2025-02-14 21:33:00+00:00
[2025-02-14T21:05:52.235+0000] {processor.py:208} INFO - Processing /opt/airflow/dags/06_trigger_dag.py took 0.139 seconds
[2025-02-14T21:05:57.640+0000] {processor.py:186} INFO - Started process (PID=856) to work on /opt/airflow/dags/06_trigger_dag.py
[2025-02-14T21:05:57.641+0000] {processor.py:914} INFO - Processing file /opt/airflow/dags/06_trigger_dag.py for tasks to queue
[2025-02-14T21:05:57.643+0000] {logging_mixin.py:190} INFO - [2025-02-14T21:05:57.642+0000] {dagbag.py:588} INFO - Filling up the DagBag from /opt/airflow/dags/06_trigger_dag.py
[2025-02-14T21:05:57.653+0000] {processor.py:925} INFO - DAG(s) 'trigger_dag_failed' retrieved from /opt/airflow/dags/06_trigger_dag.py
[2025-02-14T21:05:57.668+0000] {logging_mixin.py:190} INFO - [2025-02-14T21:05:57.667+0000] {dag.py:3239} INFO - Sync 1 DAGs
[2025-02-14T21:05:57.696+0000] {logging_mixin.py:190} INFO - [2025-02-14T21:05:57.696+0000] {dag.py:4180} INFO - Setting next_dagrun for trigger_dag_failed to 2025-02-13 21:33:00+00:00, run_after=2025-02-14 21:33:00+00:00
[2025-02-14T21:05:57.716+0000] {processor.py:208} INFO - Processing /opt/airflow/dags/06_trigger_dag.py took 0.083 seconds
[2025-02-14T21:06:03.196+0000] {processor.py:186} INFO - Started process (PID=862) to work on /opt/airflow/dags/06_trigger_dag.py
[2025-02-14T21:06:03.197+0000] {processor.py:914} INFO - Processing file /opt/airflow/dags/06_trigger_dag.py for tasks to queue
[2025-02-14T21:06:03.198+0000] {logging_mixin.py:190} INFO - [2025-02-14T21:06:03.198+0000] {dagbag.py:588} INFO - Filling up the DagBag from /opt/airflow/dags/06_trigger_dag.py
[2025-02-14T21:06:03.216+0000] {processor.py:925} INFO - DAG(s) 'trigger_dag_failed' retrieved from /opt/airflow/dags/06_trigger_dag.py
[2025-02-14T21:06:03.249+0000] {logging_mixin.py:190} INFO - [2025-02-14T21:06:03.249+0000] {dag.py:3239} INFO - Sync 1 DAGs
[2025-02-14T21:06:03.277+0000] {logging_mixin.py:190} INFO - [2025-02-14T21:06:03.277+0000] {dag.py:4180} INFO - Setting next_dagrun for trigger_dag_failed to 2025-02-13 21:33:00+00:00, run_after=2025-02-14 21:33:00+00:00
[2025-02-14T21:06:03.303+0000] {processor.py:208} INFO - Processing /opt/airflow/dags/06_trigger_dag.py took 0.116 seconds
[2025-02-14T21:06:08.530+0000] {processor.py:186} INFO - Started process (PID=868) to work on /opt/airflow/dags/06_trigger_dag.py
[2025-02-14T21:06:08.531+0000] {processor.py:914} INFO - Processing file /opt/airflow/dags/06_trigger_dag.py for tasks to queue
[2025-02-14T21:06:08.532+0000] {logging_mixin.py:190} INFO - [2025-02-14T21:06:08.531+0000] {dagbag.py:588} INFO - Filling up the DagBag from /opt/airflow/dags/06_trigger_dag.py
[2025-02-14T21:06:08.544+0000] {processor.py:925} INFO - DAG(s) 'trigger_dag_failed' retrieved from /opt/airflow/dags/06_trigger_dag.py
[2025-02-14T21:06:08.574+0000] {logging_mixin.py:190} INFO - [2025-02-14T21:06:08.574+0000] {dag.py:3239} INFO - Sync 1 DAGs
[2025-02-14T21:06:08.603+0000] {logging_mixin.py:190} INFO - [2025-02-14T21:06:08.602+0000] {dag.py:4180} INFO - Setting next_dagrun for trigger_dag_failed to 2025-02-13 21:33:00+00:00, run_after=2025-02-14 21:33:00+00:00
[2025-02-14T21:06:08.625+0000] {processor.py:208} INFO - Processing /opt/airflow/dags/06_trigger_dag.py took 0.102 seconds
[2025-02-14T21:06:15.763+0000] {processor.py:186} INFO - Started process (PID=874) to work on /opt/airflow/dags/06_trigger_dag.py
[2025-02-14T21:06:15.764+0000] {processor.py:914} INFO - Processing file /opt/airflow/dags/06_trigger_dag.py for tasks to queue
[2025-02-14T21:06:15.765+0000] {logging_mixin.py:190} INFO - [2025-02-14T21:06:15.764+0000] {dagbag.py:588} INFO - Filling up the DagBag from /opt/airflow/dags/06_trigger_dag.py
[2025-02-14T21:06:15.782+0000] {processor.py:925} INFO - DAG(s) 'trigger_dag_failed' retrieved from /opt/airflow/dags/06_trigger_dag.py
[2025-02-14T21:06:15.817+0000] {logging_mixin.py:190} INFO - [2025-02-14T21:06:15.817+0000] {dag.py:3239} INFO - Sync 1 DAGs
[2025-02-14T21:06:15.848+0000] {logging_mixin.py:190} INFO - [2025-02-14T21:06:15.847+0000] {dag.py:4180} INFO - Setting next_dagrun for trigger_dag_failed to 2025-02-13 21:33:00+00:00, run_after=2025-02-14 21:33:00+00:00
[2025-02-14T21:06:15.870+0000] {processor.py:208} INFO - Processing /opt/airflow/dags/06_trigger_dag.py took 0.116 seconds
[2025-02-14T21:06:21.185+0000] {processor.py:186} INFO - Started process (PID=886) to work on /opt/airflow/dags/06_trigger_dag.py
[2025-02-14T21:06:21.186+0000] {processor.py:914} INFO - Processing file /opt/airflow/dags/06_trigger_dag.py for tasks to queue
[2025-02-14T21:06:21.187+0000] {logging_mixin.py:190} INFO - [2025-02-14T21:06:21.187+0000] {dagbag.py:588} INFO - Filling up the DagBag from /opt/airflow/dags/06_trigger_dag.py
[2025-02-14T21:06:21.200+0000] {processor.py:925} INFO - DAG(s) 'trigger_dag_failed' retrieved from /opt/airflow/dags/06_trigger_dag.py
[2025-02-14T21:06:21.232+0000] {logging_mixin.py:190} INFO - [2025-02-14T21:06:21.232+0000] {dag.py:3239} INFO - Sync 1 DAGs
[2025-02-14T21:06:21.264+0000] {logging_mixin.py:190} INFO - [2025-02-14T21:06:21.263+0000] {dag.py:4180} INFO - Setting next_dagrun for trigger_dag_failed to 2025-02-13 21:33:00+00:00, run_after=2025-02-14 21:33:00+00:00
[2025-02-14T21:06:21.290+0000] {processor.py:208} INFO - Processing /opt/airflow/dags/06_trigger_dag.py took 0.110 seconds
[2025-02-14T21:06:26.497+0000] {processor.py:186} INFO - Started process (PID=892) to work on /opt/airflow/dags/06_trigger_dag.py
[2025-02-14T21:06:26.499+0000] {processor.py:914} INFO - Processing file /opt/airflow/dags/06_trigger_dag.py for tasks to queue
[2025-02-14T21:06:26.501+0000] {logging_mixin.py:190} INFO - [2025-02-14T21:06:26.501+0000] {dagbag.py:588} INFO - Filling up the DagBag from /opt/airflow/dags/06_trigger_dag.py
[2025-02-14T21:06:26.519+0000] {processor.py:925} INFO - DAG(s) 'trigger_dag_failed' retrieved from /opt/airflow/dags/06_trigger_dag.py
[2025-02-14T21:06:26.549+0000] {logging_mixin.py:190} INFO - [2025-02-14T21:06:26.549+0000] {dag.py:3239} INFO - Sync 1 DAGs
[2025-02-14T21:06:26.579+0000] {logging_mixin.py:190} INFO - [2025-02-14T21:06:26.578+0000] {dag.py:4180} INFO - Setting next_dagrun for trigger_dag_failed to 2025-02-13 21:33:00+00:00, run_after=2025-02-14 21:33:00+00:00
[2025-02-14T21:06:26.598+0000] {processor.py:208} INFO - Processing /opt/airflow/dags/06_trigger_dag.py took 0.113 seconds
[2025-02-14T21:06:31.814+0000] {processor.py:186} INFO - Started process (PID=898) to work on /opt/airflow/dags/06_trigger_dag.py
[2025-02-14T21:06:31.815+0000] {processor.py:914} INFO - Processing file /opt/airflow/dags/06_trigger_dag.py for tasks to queue
[2025-02-14T21:06:31.816+0000] {logging_mixin.py:190} INFO - [2025-02-14T21:06:31.815+0000] {dagbag.py:588} INFO - Filling up the DagBag from /opt/airflow/dags/06_trigger_dag.py
[2025-02-14T21:06:31.831+0000] {processor.py:925} INFO - DAG(s) 'trigger_dag_failed' retrieved from /opt/airflow/dags/06_trigger_dag.py
[2025-02-14T21:06:31.859+0000] {logging_mixin.py:190} INFO - [2025-02-14T21:06:31.859+0000] {dag.py:3239} INFO - Sync 1 DAGs
[2025-02-14T21:06:31.889+0000] {logging_mixin.py:190} INFO - [2025-02-14T21:06:31.888+0000] {dag.py:4180} INFO - Setting next_dagrun for trigger_dag_failed to 2025-02-13 21:33:00+00:00, run_after=2025-02-14 21:33:00+00:00
[2025-02-14T21:06:31.910+0000] {processor.py:208} INFO - Processing /opt/airflow/dags/06_trigger_dag.py took 0.103 seconds
[2025-02-14T21:06:37.283+0000] {processor.py:186} INFO - Started process (PID=904) to work on /opt/airflow/dags/06_trigger_dag.py
[2025-02-14T21:06:37.284+0000] {processor.py:914} INFO - Processing file /opt/airflow/dags/06_trigger_dag.py for tasks to queue
[2025-02-14T21:06:37.286+0000] {logging_mixin.py:190} INFO - [2025-02-14T21:06:37.285+0000] {dagbag.py:588} INFO - Filling up the DagBag from /opt/airflow/dags/06_trigger_dag.py
[2025-02-14T21:06:37.303+0000] {processor.py:925} INFO - DAG(s) 'trigger_dag_failed' retrieved from /opt/airflow/dags/06_trigger_dag.py
[2025-02-14T21:06:37.344+0000] {logging_mixin.py:190} INFO - [2025-02-14T21:06:37.344+0000] {dag.py:3239} INFO - Sync 1 DAGs
[2025-02-14T21:06:37.388+0000] {logging_mixin.py:190} INFO - [2025-02-14T21:06:37.388+0000] {dag.py:4180} INFO - Setting next_dagrun for trigger_dag_failed to 2025-02-13 21:33:00+00:00, run_after=2025-02-14 21:33:00+00:00
[2025-02-14T21:06:37.421+0000] {processor.py:208} INFO - Processing /opt/airflow/dags/06_trigger_dag.py took 0.148 seconds
[2025-02-14T21:06:42.876+0000] {processor.py:186} INFO - Started process (PID=910) to work on /opt/airflow/dags/06_trigger_dag.py
[2025-02-14T21:06:42.878+0000] {processor.py:914} INFO - Processing file /opt/airflow/dags/06_trigger_dag.py for tasks to queue
[2025-02-14T21:06:42.879+0000] {logging_mixin.py:190} INFO - [2025-02-14T21:06:42.879+0000] {dagbag.py:588} INFO - Filling up the DagBag from /opt/airflow/dags/06_trigger_dag.py
[2025-02-14T21:06:42.892+0000] {processor.py:925} INFO - DAG(s) 'trigger_dag_failed' retrieved from /opt/airflow/dags/06_trigger_dag.py
[2025-02-14T21:06:42.923+0000] {logging_mixin.py:190} INFO - [2025-02-14T21:06:42.923+0000] {dag.py:3239} INFO - Sync 1 DAGs
[2025-02-14T21:06:42.954+0000] {logging_mixin.py:190} INFO - [2025-02-14T21:06:42.953+0000] {dag.py:4180} INFO - Setting next_dagrun for trigger_dag_failed to 2025-02-13 21:33:00+00:00, run_after=2025-02-14 21:33:00+00:00
[2025-02-14T21:06:42.975+0000] {processor.py:208} INFO - Processing /opt/airflow/dags/06_trigger_dag.py took 0.107 seconds
[2025-02-14T21:06:51.236+0000] {processor.py:186} INFO - Started process (PID=923) to work on /opt/airflow/dags/06_trigger_dag.py
[2025-02-14T21:06:51.237+0000] {processor.py:914} INFO - Processing file /opt/airflow/dags/06_trigger_dag.py for tasks to queue
[2025-02-14T21:06:51.238+0000] {logging_mixin.py:190} INFO - [2025-02-14T21:06:51.237+0000] {dagbag.py:588} INFO - Filling up the DagBag from /opt/airflow/dags/06_trigger_dag.py
[2025-02-14T21:06:51.251+0000] {processor.py:925} INFO - DAG(s) 'trigger_dag_failed' retrieved from /opt/airflow/dags/06_trigger_dag.py
[2025-02-14T21:06:51.281+0000] {logging_mixin.py:190} INFO - [2025-02-14T21:06:51.281+0000] {dag.py:3239} INFO - Sync 1 DAGs
[2025-02-14T21:06:51.311+0000] {logging_mixin.py:190} INFO - [2025-02-14T21:06:51.311+0000] {dag.py:4180} INFO - Setting next_dagrun for trigger_dag_failed to 2025-02-13 21:33:00+00:00, run_after=2025-02-14 21:33:00+00:00
[2025-02-14T21:06:51.330+0000] {processor.py:208} INFO - Processing /opt/airflow/dags/06_trigger_dag.py took 0.100 seconds
[2025-02-14T21:06:56.948+0000] {processor.py:186} INFO - Started process (PID=930) to work on /opt/airflow/dags/06_trigger_dag.py
[2025-02-14T21:06:56.949+0000] {processor.py:914} INFO - Processing file /opt/airflow/dags/06_trigger_dag.py for tasks to queue
[2025-02-14T21:06:56.951+0000] {logging_mixin.py:190} INFO - [2025-02-14T21:06:56.950+0000] {dagbag.py:588} INFO - Filling up the DagBag from /opt/airflow/dags/06_trigger_dag.py
[2025-02-14T21:06:56.964+0000] {processor.py:925} INFO - DAG(s) 'trigger_dag_failed' retrieved from /opt/airflow/dags/06_trigger_dag.py
[2025-02-14T21:06:56.978+0000] {logging_mixin.py:190} INFO - [2025-02-14T21:06:56.978+0000] {dag.py:3239} INFO - Sync 1 DAGs
[2025-02-14T21:06:57.034+0000] {logging_mixin.py:190} INFO - [2025-02-14T21:06:57.033+0000] {dag.py:4180} INFO - Setting next_dagrun for trigger_dag_failed to 2025-02-13 21:33:00+00:00, run_after=2025-02-14 21:33:00+00:00
[2025-02-14T21:06:57.058+0000] {processor.py:208} INFO - Processing /opt/airflow/dags/06_trigger_dag.py took 0.119 seconds
[2025-02-14T21:07:02.368+0000] {processor.py:186} INFO - Started process (PID=936) to work on /opt/airflow/dags/06_trigger_dag.py
[2025-02-14T21:07:02.369+0000] {processor.py:914} INFO - Processing file /opt/airflow/dags/06_trigger_dag.py for tasks to queue
[2025-02-14T21:07:02.371+0000] {logging_mixin.py:190} INFO - [2025-02-14T21:07:02.370+0000] {dagbag.py:588} INFO - Filling up the DagBag from /opt/airflow/dags/06_trigger_dag.py
[2025-02-14T21:07:02.385+0000] {processor.py:925} INFO - DAG(s) 'trigger_dag_failed' retrieved from /opt/airflow/dags/06_trigger_dag.py
[2025-02-14T21:07:02.404+0000] {logging_mixin.py:190} INFO - [2025-02-14T21:07:02.404+0000] {dag.py:3239} INFO - Sync 1 DAGs
[2025-02-14T21:07:02.457+0000] {logging_mixin.py:190} INFO - [2025-02-14T21:07:02.457+0000] {dag.py:4180} INFO - Setting next_dagrun for trigger_dag_failed to 2025-02-13 21:33:00+00:00, run_after=2025-02-14 21:33:00+00:00
[2025-02-14T21:07:02.483+0000] {processor.py:208} INFO - Processing /opt/airflow/dags/06_trigger_dag.py took 0.121 seconds
[2025-02-14T21:07:07.924+0000] {processor.py:186} INFO - Started process (PID=942) to work on /opt/airflow/dags/06_trigger_dag.py
[2025-02-14T21:07:07.925+0000] {processor.py:914} INFO - Processing file /opt/airflow/dags/06_trigger_dag.py for tasks to queue
[2025-02-14T21:07:07.926+0000] {logging_mixin.py:190} INFO - [2025-02-14T21:07:07.926+0000] {dagbag.py:588} INFO - Filling up the DagBag from /opt/airflow/dags/06_trigger_dag.py
[2025-02-14T21:07:07.938+0000] {processor.py:925} INFO - DAG(s) 'trigger_dag_failed' retrieved from /opt/airflow/dags/06_trigger_dag.py
[2025-02-14T21:07:07.950+0000] {logging_mixin.py:190} INFO - [2025-02-14T21:07:07.950+0000] {dag.py:3239} INFO - Sync 1 DAGs
[2025-02-14T21:07:07.978+0000] {logging_mixin.py:190} INFO - [2025-02-14T21:07:07.977+0000] {dag.py:4180} INFO - Setting next_dagrun for trigger_dag_failed to 2025-02-13 21:33:00+00:00, run_after=2025-02-14 21:33:00+00:00
[2025-02-14T21:07:07.999+0000] {processor.py:208} INFO - Processing /opt/airflow/dags/06_trigger_dag.py took 0.082 seconds
[2025-02-14T21:07:13.354+0000] {processor.py:186} INFO - Started process (PID=949) to work on /opt/airflow/dags/06_trigger_dag.py
[2025-02-14T21:07:13.355+0000] {processor.py:914} INFO - Processing file /opt/airflow/dags/06_trigger_dag.py for tasks to queue
[2025-02-14T21:07:13.356+0000] {logging_mixin.py:190} INFO - [2025-02-14T21:07:13.356+0000] {dagbag.py:588} INFO - Filling up the DagBag from /opt/airflow/dags/06_trigger_dag.py
[2025-02-14T21:07:13.368+0000] {processor.py:925} INFO - DAG(s) 'trigger_dag_failed' retrieved from /opt/airflow/dags/06_trigger_dag.py
[2025-02-14T21:07:13.381+0000] {logging_mixin.py:190} INFO - [2025-02-14T21:07:13.380+0000] {dag.py:3239} INFO - Sync 1 DAGs
[2025-02-14T21:07:13.408+0000] {logging_mixin.py:190} INFO - [2025-02-14T21:07:13.408+0000] {dag.py:4180} INFO - Setting next_dagrun for trigger_dag_failed to 2025-02-13 21:33:00+00:00, run_after=2025-02-14 21:33:00+00:00
[2025-02-14T21:07:13.426+0000] {processor.py:208} INFO - Processing /opt/airflow/dags/06_trigger_dag.py took 0.079 seconds
