[2025-02-14T21:22:43.261+0000] {processor.py:186} INFO - Started process (PID=2327) to work on /opt/airflow/dags/08_full_dag copy.py
[2025-02-14T21:22:43.262+0000] {processor.py:914} INFO - Processing file /opt/airflow/dags/08_full_dag copy.py for tasks to queue
[2025-02-14T21:22:43.265+0000] {logging_mixin.py:190} INFO - [2025-02-14T21:22:43.264+0000] {dagbag.py:588} INFO - Filling up the DagBag from /opt/airflow/dags/08_full_dag copy.py
[2025-02-14T21:22:43.284+0000] {processor.py:925} INFO - DAG(s) 'full_dag' retrieved from /opt/airflow/dags/08_full_dag copy.py
[2025-02-14T21:22:43.638+0000] {logging_mixin.py:190} INFO - [2025-02-14T21:22:43.638+0000] {dag.py:3239} INFO - Sync 1 DAGs
[2025-02-14T21:22:43.668+0000] {logging_mixin.py:190} INFO - [2025-02-14T21:22:43.668+0000] {dag.py:4180} INFO - Setting next_dagrun for full_dag to 2025-02-13 21:33:00+00:00, run_after=2025-02-14 21:33:00+00:00
[2025-02-14T21:22:43.700+0000] {processor.py:208} INFO - Processing /opt/airflow/dags/08_full_dag copy.py took 0.456 seconds
[2025-02-14T21:22:49.430+0000] {processor.py:186} INFO - Started process (PID=2336) to work on /opt/airflow/dags/08_full_dag copy.py
[2025-02-14T21:22:49.432+0000] {processor.py:914} INFO - Processing file /opt/airflow/dags/08_full_dag copy.py for tasks to queue
[2025-02-14T21:22:49.435+0000] {logging_mixin.py:190} INFO - [2025-02-14T21:22:49.435+0000] {dagbag.py:588} INFO - Filling up the DagBag from /opt/airflow/dags/08_full_dag copy.py
[2025-02-14T21:22:49.448+0000] {processor.py:925} INFO - DAG(s) 'full_dag' retrieved from /opt/airflow/dags/08_full_dag copy.py
[2025-02-14T21:22:49.459+0000] {logging_mixin.py:190} INFO - [2025-02-14T21:22:49.459+0000] {dag.py:3239} INFO - Sync 1 DAGs
[2025-02-14T21:22:49.486+0000] {logging_mixin.py:190} INFO - [2025-02-14T21:22:49.485+0000] {dag.py:4180} INFO - Setting next_dagrun for full_dag to 2025-02-13 21:33:00+00:00, run_after=2025-02-14 21:33:00+00:00
[2025-02-14T21:22:49.504+0000] {processor.py:208} INFO - Processing /opt/airflow/dags/08_full_dag copy.py took 0.087 seconds
[2025-02-14T21:22:54.905+0000] {processor.py:186} INFO - Started process (PID=2345) to work on /opt/airflow/dags/08_full_dag copy.py
[2025-02-14T21:22:54.906+0000] {processor.py:914} INFO - Processing file /opt/airflow/dags/08_full_dag copy.py for tasks to queue
[2025-02-14T21:22:54.908+0000] {logging_mixin.py:190} INFO - [2025-02-14T21:22:54.908+0000] {dagbag.py:588} INFO - Filling up the DagBag from /opt/airflow/dags/08_full_dag copy.py
[2025-02-14T21:22:54.920+0000] {processor.py:925} INFO - DAG(s) 'full_dag' retrieved from /opt/airflow/dags/08_full_dag copy.py
[2025-02-14T21:22:54.931+0000] {logging_mixin.py:190} INFO - [2025-02-14T21:22:54.931+0000] {dag.py:3239} INFO - Sync 1 DAGs
[2025-02-14T21:22:54.955+0000] {logging_mixin.py:190} INFO - [2025-02-14T21:22:54.954+0000] {dag.py:4180} INFO - Setting next_dagrun for full_dag to 2025-02-13 21:33:00+00:00, run_after=2025-02-14 21:33:00+00:00
[2025-02-14T21:22:54.971+0000] {processor.py:208} INFO - Processing /opt/airflow/dags/08_full_dag copy.py took 0.077 seconds
[2025-02-14T21:23:00.432+0000] {processor.py:186} INFO - Started process (PID=2354) to work on /opt/airflow/dags/08_full_dag copy.py
[2025-02-14T21:23:00.433+0000] {processor.py:914} INFO - Processing file /opt/airflow/dags/08_full_dag copy.py for tasks to queue
[2025-02-14T21:23:00.434+0000] {logging_mixin.py:190} INFO - [2025-02-14T21:23:00.434+0000] {dagbag.py:588} INFO - Filling up the DagBag from /opt/airflow/dags/08_full_dag copy.py
[2025-02-14T21:23:00.447+0000] {processor.py:925} INFO - DAG(s) 'full_dag' retrieved from /opt/airflow/dags/08_full_dag copy.py
[2025-02-14T21:23:00.459+0000] {logging_mixin.py:190} INFO - [2025-02-14T21:23:00.458+0000] {dag.py:3239} INFO - Sync 1 DAGs
[2025-02-14T21:23:00.488+0000] {logging_mixin.py:190} INFO - [2025-02-14T21:23:00.488+0000] {dag.py:4180} INFO - Setting next_dagrun for full_dag to 2025-02-13 21:33:00+00:00, run_after=2025-02-14 21:33:00+00:00
[2025-02-14T21:23:00.508+0000] {processor.py:208} INFO - Processing /opt/airflow/dags/08_full_dag copy.py took 0.088 seconds
[2025-02-14T21:23:05.949+0000] {processor.py:186} INFO - Started process (PID=2363) to work on /opt/airflow/dags/08_full_dag copy.py
[2025-02-14T21:23:05.950+0000] {processor.py:914} INFO - Processing file /opt/airflow/dags/08_full_dag copy.py for tasks to queue
[2025-02-14T21:23:05.951+0000] {logging_mixin.py:190} INFO - [2025-02-14T21:23:05.951+0000] {dagbag.py:588} INFO - Filling up the DagBag from /opt/airflow/dags/08_full_dag copy.py
[2025-02-14T21:23:05.963+0000] {processor.py:925} INFO - DAG(s) 'full_dag' retrieved from /opt/airflow/dags/08_full_dag copy.py
[2025-02-14T21:23:05.974+0000] {logging_mixin.py:190} INFO - [2025-02-14T21:23:05.973+0000] {dag.py:3239} INFO - Sync 1 DAGs
[2025-02-14T21:23:05.998+0000] {logging_mixin.py:190} INFO - [2025-02-14T21:23:05.998+0000] {dag.py:4180} INFO - Setting next_dagrun for full_dag to 2025-02-13 21:33:00+00:00, run_after=2025-02-14 21:33:00+00:00
[2025-02-14T21:23:06.015+0000] {processor.py:208} INFO - Processing /opt/airflow/dags/08_full_dag copy.py took 0.072 seconds
