[2025-02-14T21:33:18.534+0000] {local_task_job_runner.py:123} INFO - ::group::Pre task execution logs
[2025-02-14T21:33:18.560+0000] {taskinstance.py:2614} INFO - Dependencies all met for dep_context=non-requeueable deps ti=<TaskInstance: full_dag.task4 scheduled__2025-02-13T21:33:00+00:00 [queued]>
[2025-02-14T21:33:18.574+0000] {taskinstance.py:2614} INFO - Dependencies all met for dep_context=requeueable deps ti=<TaskInstance: full_dag.task4 scheduled__2025-02-13T21:33:00+00:00 [queued]>
[2025-02-14T21:33:18.574+0000] {taskinstance.py:2867} INFO - Starting attempt 1 of 1
[2025-02-14T21:33:18.591+0000] {taskinstance.py:2890} INFO - Executing <Task(BashOperator): task4> on 2025-02-13 21:33:00+00:00
[2025-02-14T21:33:18.596+0000] {warnings.py:112} WARNING - /home/***/.local/lib/python3.12/site-packages/***/task/task_runner/standard_task_runner.py:70: DeprecationWarning: This process (pid=690) is multi-threaded, use of fork() may lead to deadlocks in the child.
  pid = os.fork()

[2025-02-14T21:33:18.597+0000] {standard_task_runner.py:72} INFO - Started process 712 to run task
[2025-02-14T21:33:18.599+0000] {standard_task_runner.py:104} INFO - Running: ['***', 'tasks', 'run', 'full_dag', 'task4', 'scheduled__2025-02-13T21:33:00+00:00', '--job-id', '833', '--raw', '--subdir', 'DAGS_FOLDER/08_full_dag.py', '--cfg-path', '/tmp/tmp3sm6wn3k']
[2025-02-14T21:33:18.601+0000] {standard_task_runner.py:105} INFO - Job 833: Subtask task4
[2025-02-14T21:33:18.651+0000] {task_command.py:467} INFO - Running <TaskInstance: full_dag.task4 scheduled__2025-02-13T21:33:00+00:00 [running]> on host ab74d4d90d32
[2025-02-14T21:33:18.744+0000] {taskinstance.py:3134} INFO - Exporting env vars: AIRFLOW_CTX_DAG_OWNER='***' AIRFLOW_CTX_DAG_ID='full_dag' AIRFLOW_CTX_TASK_ID='task4' AIRFLOW_CTX_EXECUTION_DATE='2025-02-13T21:33:00+00:00' AIRFLOW_CTX_TRY_NUMBER='1' AIRFLOW_CTX_DAG_RUN_ID='scheduled__2025-02-13T21:33:00+00:00'
[2025-02-14T21:33:18.744+0000] {taskinstance.py:732} INFO - ::endgroup::
[2025-02-14T21:33:18.761+0000] {subprocess.py:78} INFO - Tmp dir root location: /tmp
[2025-02-14T21:33:18.762+0000] {subprocess.py:88} INFO - Running command: ['/usr/bin/bash', '-c', 'sleep 5']
[2025-02-14T21:33:18.771+0000] {subprocess.py:99} INFO - Output:
[2025-02-14T21:33:23.774+0000] {subprocess.py:110} INFO - Command exited with return code 0
[2025-02-14T21:33:23.821+0000] {taskinstance.py:341} INFO - ::group::Post task execution logs
[2025-02-14T21:33:23.822+0000] {taskinstance.py:353} INFO - Marking task as SUCCESS. dag_id=full_dag, task_id=task4, run_id=scheduled__2025-02-13T21:33:00+00:00, execution_date=20250213T213300, start_date=20250214T213318, end_date=20250214T213323
[2025-02-14T21:33:23.880+0000] {local_task_job_runner.py:266} INFO - Task exited with return code 0
[2025-02-14T21:33:23.945+0000] {taskinstance.py:3901} INFO - 1 downstream tasks scheduled from follow-on schedule check
[2025-02-14T21:33:23.948+0000] {local_task_job_runner.py:245} INFO - ::endgroup::
