[2025-02-17T21:33:04.587+0000] {local_task_job_runner.py:123} INFO - ::group::Pre task execution logs
[2025-02-17T21:33:04.694+0000] {taskinstance.py:2614} INFO - Dependencies all met for dep_context=non-requeueable deps ti=<TaskInstance: run_operator_dag.task1 scheduled__2025-02-16T21:33:00+00:00 [queued]>
[2025-02-17T21:33:04.751+0000] {taskinstance.py:2614} INFO - Dependencies all met for dep_context=requeueable deps ti=<TaskInstance: run_operator_dag.task1 scheduled__2025-02-16T21:33:00+00:00 [queued]>
[2025-02-17T21:33:04.751+0000] {taskinstance.py:2867} INFO - Starting attempt 1 of 1
[2025-02-17T21:33:04.854+0000] {taskinstance.py:2890} INFO - Executing <Task(BashOperator): task1> on 2025-02-16 21:33:00+00:00
[2025-02-17T21:33:04.867+0000] {warnings.py:112} WARNING - /home/***/.local/lib/python3.12/site-packages/***/task/task_runner/standard_task_runner.py:70: DeprecationWarning: This process (pid=8018) is multi-threaded, use of fork() may lead to deadlocks in the child.
  pid = os.fork()

[2025-02-17T21:33:04.885+0000] {standard_task_runner.py:72} INFO - Started process 8035 to run task
[2025-02-17T21:33:04.903+0000] {standard_task_runner.py:104} INFO - Running: ['***', 'tasks', 'run', 'run_operator_dag', 'task1', 'scheduled__2025-02-16T21:33:00+00:00', '--job-id', '949', '--raw', '--subdir', 'DAGS_FOLDER/10_run_operator_dag.py', '--cfg-path', '/tmp/tmpzf1w9ezt']
[2025-02-17T21:33:04.910+0000] {standard_task_runner.py:105} INFO - Job 949: Subtask task1
[2025-02-17T21:33:05.150+0000] {task_command.py:467} INFO - Running <TaskInstance: run_operator_dag.task1 scheduled__2025-02-16T21:33:00+00:00 [running]> on host ab74d4d90d32
[2025-02-17T21:33:05.835+0000] {taskinstance.py:3134} INFO - Exporting env vars: AIRFLOW_CTX_DAG_OWNER='***' AIRFLOW_CTX_DAG_ID='run_operator_dag' AIRFLOW_CTX_TASK_ID='task1' AIRFLOW_CTX_EXECUTION_DATE='2025-02-16T21:33:00+00:00' AIRFLOW_CTX_TRY_NUMBER='1' AIRFLOW_CTX_DAG_RUN_ID='scheduled__2025-02-16T21:33:00+00:00'
[2025-02-17T21:33:05.836+0000] {taskinstance.py:732} INFO - ::endgroup::
[2025-02-17T21:33:05.939+0000] {subprocess.py:78} INFO - Tmp dir root location: /tmp
[2025-02-17T21:33:05.951+0000] {subprocess.py:88} INFO - Running command: ['/usr/bin/bash', '-c', 'sleep 5']
[2025-02-17T21:33:05.991+0000] {subprocess.py:99} INFO - Output:
[2025-02-17T21:33:11.009+0000] {subprocess.py:110} INFO - Command exited with return code 0
[2025-02-17T21:33:11.057+0000] {taskinstance.py:341} INFO - ::group::Post task execution logs
[2025-02-17T21:33:11.058+0000] {taskinstance.py:353} INFO - Marking task as SUCCESS. dag_id=run_operator_dag, task_id=task1, run_id=scheduled__2025-02-16T21:33:00+00:00, execution_date=20250216T213300, start_date=20250217T213304, end_date=20250217T213311
[2025-02-17T21:33:11.189+0000] {local_task_job_runner.py:266} INFO - Task exited with return code 0
[2025-02-17T21:33:11.274+0000] {taskinstance.py:3901} INFO - 1 downstream tasks scheduled from follow-on schedule check
[2025-02-17T21:33:11.281+0000] {local_task_job_runner.py:245} INFO - ::endgroup::
