[2025-02-17T11:10:59.888+0000] {local_task_job_runner.py:123} INFO - ::group::Pre task execution logs
[2025-02-17T11:11:00.401+0000] {taskinstance.py:2614} INFO - Dependencies all met for dep_context=non-requeueable deps ti=<TaskInstance: full_dag.task1 scheduled__2025-02-15T21:33:00+00:00 [queued]>
[2025-02-17T11:11:00.503+0000] {taskinstance.py:2614} INFO - Dependencies all met for dep_context=requeueable deps ti=<TaskInstance: full_dag.task1 scheduled__2025-02-15T21:33:00+00:00 [queued]>
[2025-02-17T11:11:00.504+0000] {taskinstance.py:2867} INFO - Starting attempt 1 of 1
[2025-02-17T11:11:00.592+0000] {taskinstance.py:2890} INFO - Executing <Task(BashOperator): task1> on 2025-02-15 21:33:00+00:00
[2025-02-17T11:11:00.687+0000] {warnings.py:112} WARNING - /home/***/.local/lib/python3.12/site-packages/***/task/task_runner/standard_task_runner.py:70: DeprecationWarning: This process (pid=6693) is multi-threaded, use of fork() may lead to deadlocks in the child.
  pid = os.fork()

[2025-02-17T11:11:00.723+0000] {standard_task_runner.py:72} INFO - Started process 6701 to run task
[2025-02-17T11:11:00.676+0000] {standard_task_runner.py:104} INFO - Running: ['***', 'tasks', 'run', 'full_dag', 'task1', 'scheduled__2025-02-15T21:33:00+00:00', '--job-id', '899', '--raw', '--subdir', 'DAGS_FOLDER/08_full_dag.py', '--cfg-path', '/tmp/tmpgfqi84w0']
[2025-02-17T11:11:00.905+0000] {standard_task_runner.py:105} INFO - Job 899: Subtask task1
[2025-02-17T11:11:02.249+0000] {task_command.py:467} INFO - Running <TaskInstance: full_dag.task1 scheduled__2025-02-15T21:33:00+00:00 [running]> on host ab74d4d90d32
[2025-02-17T11:11:07.016+0000] {taskinstance.py:3134} INFO - Exporting env vars: AIRFLOW_CTX_DAG_OWNER='***' AIRFLOW_CTX_DAG_ID='full_dag' AIRFLOW_CTX_TASK_ID='task1' AIRFLOW_CTX_EXECUTION_DATE='2025-02-15T21:33:00+00:00' AIRFLOW_CTX_TRY_NUMBER='1' AIRFLOW_CTX_DAG_RUN_ID='scheduled__2025-02-15T21:33:00+00:00'
[2025-02-17T11:11:07.214+0000] {taskinstance.py:732} INFO - ::endgroup::
[2025-02-17T11:11:08.142+0000] {subprocess.py:78} INFO - Tmp dir root location: /tmp
[2025-02-17T11:11:08.144+0000] {subprocess.py:88} INFO - Running command: ['/usr/bin/bash', '-c', 'sleep 5']
[2025-02-17T11:11:08.404+0000] {subprocess.py:99} INFO - Output:
[2025-02-17T11:11:13.407+0000] {subprocess.py:110} INFO - Command exited with return code 0
[2025-02-17T11:11:13.484+0000] {taskinstance.py:341} INFO - ::group::Post task execution logs
[2025-02-17T11:11:13.484+0000] {taskinstance.py:353} INFO - Marking task as SUCCESS. dag_id=full_dag, task_id=task1, run_id=scheduled__2025-02-15T21:33:00+00:00, execution_date=20250215T213300, start_date=20250217T111100, end_date=20250217T111113
[2025-02-17T11:11:13.670+0000] {local_task_job_runner.py:266} INFO - Task exited with return code 0
[2025-02-17T11:11:13.699+0000] {local_task_job_runner.py:245} INFO - ::endgroup::
