[2025-02-18T21:21:07.275+0000] {local_task_job_runner.py:123} INFO - ::group::Pre task execution logs
[2025-02-18T21:21:07.311+0000] {taskinstance.py:2614} INFO - Dependencies all met for dep_context=non-requeueable deps ti=<TaskInstance: pool_dag.task2 manual__2025-02-18T21:20:58.967785+00:00 [queued]>
[2025-02-18T21:21:07.333+0000] {taskinstance.py:2614} INFO - Dependencies all met for dep_context=requeueable deps ti=<TaskInstance: pool_dag.task2 manual__2025-02-18T21:20:58.967785+00:00 [queued]>
[2025-02-18T21:21:07.333+0000] {taskinstance.py:2867} INFO - Starting attempt 1 of 1
[2025-02-18T21:21:07.367+0000] {taskinstance.py:2890} INFO - Executing <Task(BashOperator): task2> on 2025-02-18 21:20:58.967785+00:00
[2025-02-18T21:21:07.375+0000] {warnings.py:112} WARNING - /home/***/.local/lib/python3.12/site-packages/***/task/task_runner/standard_task_runner.py:70: DeprecationWarning: This process (pid=475) is multi-threaded, use of fork() may lead to deadlocks in the child.
  pid = os.fork()

[2025-02-18T21:21:07.377+0000] {standard_task_runner.py:72} INFO - Started process 476 to run task
[2025-02-18T21:21:07.378+0000] {standard_task_runner.py:104} INFO - Running: ['***', 'tasks', 'run', 'pool_dag', 'task2', 'manual__2025-02-18T21:20:58.967785+00:00', '--job-id', '1022', '--raw', '--subdir', 'DAGS_FOLDER/17_pools_dag.py', '--cfg-path', '/tmp/tmpqsd652cn']
[2025-02-18T21:21:07.382+0000] {standard_task_runner.py:105} INFO - Job 1022: Subtask task2
[2025-02-18T21:21:07.479+0000] {task_command.py:467} INFO - Running <TaskInstance: pool_dag.task2 manual__2025-02-18T21:20:58.967785+00:00 [running]> on host ab74d4d90d32
[2025-02-18T21:21:07.630+0000] {taskinstance.py:3134} INFO - Exporting env vars: AIRFLOW_CTX_DAG_OWNER='***' AIRFLOW_CTX_DAG_ID='pool_dag' AIRFLOW_CTX_TASK_ID='task2' AIRFLOW_CTX_EXECUTION_DATE='2025-02-18T21:20:58.967785+00:00' AIRFLOW_CTX_TRY_NUMBER='1' AIRFLOW_CTX_DAG_RUN_ID='manual__2025-02-18T21:20:58.967785+00:00'
[2025-02-18T21:21:07.631+0000] {taskinstance.py:732} INFO - ::endgroup::
[2025-02-18T21:21:07.663+0000] {subprocess.py:78} INFO - Tmp dir root location: /tmp
[2025-02-18T21:21:07.664+0000] {subprocess.py:88} INFO - Running command: ['/usr/bin/bash', '-c', 'sleep 20']
[2025-02-18T21:21:07.680+0000] {subprocess.py:99} INFO - Output:
[2025-02-18T21:21:30.615+0000] {subprocess.py:110} INFO - Command exited with return code 0
[2025-02-18T21:21:30.670+0000] {taskinstance.py:341} INFO - ::group::Post task execution logs
[2025-02-18T21:21:30.671+0000] {taskinstance.py:353} INFO - Marking task as SUCCESS. dag_id=pool_dag, task_id=task2, run_id=manual__2025-02-18T21:20:58.967785+00:00, execution_date=20250218T212058, start_date=20250218T212107, end_date=20250218T212130
[2025-02-18T21:21:30.777+0000] {local_task_job_runner.py:266} INFO - Task exited with return code 0
[2025-02-18T21:21:30.810+0000] {taskinstance.py:3901} INFO - 0 downstream tasks scheduled from follow-on schedule check
[2025-02-18T21:21:30.813+0000] {local_task_job_runner.py:245} INFO - ::endgroup::
