[2025-02-18T21:18:04.549+0000] {local_task_job_runner.py:123} INFO - ::group::Pre task execution logs
[2025-02-18T21:18:04.591+0000] {taskinstance.py:2614} INFO - Dependencies all met for dep_context=non-requeueable deps ti=<TaskInstance: pool_dag.task1 manual__2025-02-18T21:18:02.606799+00:00 [queued]>
[2025-02-18T21:18:04.610+0000] {taskinstance.py:2614} INFO - Dependencies all met for dep_context=requeueable deps ti=<TaskInstance: pool_dag.task1 manual__2025-02-18T21:18:02.606799+00:00 [queued]>
[2025-02-18T21:18:04.611+0000] {taskinstance.py:2867} INFO - Starting attempt 1 of 1
[2025-02-18T21:18:04.640+0000] {taskinstance.py:2890} INFO - Executing <Task(BashOperator): task1> on 2025-02-18 21:18:02.606799+00:00
[2025-02-18T21:18:04.649+0000] {warnings.py:112} WARNING - /home/***/.local/lib/python3.12/site-packages/***/task/task_runner/standard_task_runner.py:70: DeprecationWarning: This process (pid=407) is multi-threaded, use of fork() may lead to deadlocks in the child.
  pid = os.fork()

[2025-02-18T21:18:04.650+0000] {standard_task_runner.py:72} INFO - Started process 415 to run task
[2025-02-18T21:18:04.654+0000] {standard_task_runner.py:104} INFO - Running: ['***', 'tasks', 'run', 'pool_dag', 'task1', 'manual__2025-02-18T21:18:02.606799+00:00', '--job-id', '1016', '--raw', '--subdir', 'DAGS_FOLDER/17_pools_dag.py', '--cfg-path', '/tmp/tmp_maowltn']
[2025-02-18T21:18:04.657+0000] {standard_task_runner.py:105} INFO - Job 1016: Subtask task1
[2025-02-18T21:18:04.782+0000] {task_command.py:467} INFO - Running <TaskInstance: pool_dag.task1 manual__2025-02-18T21:18:02.606799+00:00 [running]> on host ab74d4d90d32
[2025-02-18T21:18:04.990+0000] {taskinstance.py:3134} INFO - Exporting env vars: AIRFLOW_CTX_DAG_OWNER='***' AIRFLOW_CTX_DAG_ID='pool_dag' AIRFLOW_CTX_TASK_ID='task1' AIRFLOW_CTX_EXECUTION_DATE='2025-02-18T21:18:02.606799+00:00' AIRFLOW_CTX_TRY_NUMBER='1' AIRFLOW_CTX_DAG_RUN_ID='manual__2025-02-18T21:18:02.606799+00:00'
[2025-02-18T21:18:04.991+0000] {taskinstance.py:732} INFO - ::endgroup::
[2025-02-18T21:18:05.027+0000] {subprocess.py:78} INFO - Tmp dir root location: /tmp
[2025-02-18T21:18:05.029+0000] {subprocess.py:88} INFO - Running command: ['/usr/bin/bash', '-c', 'sleep 5']
[2025-02-18T21:18:05.045+0000] {subprocess.py:99} INFO - Output:
[2025-02-18T21:18:10.047+0000] {subprocess.py:110} INFO - Command exited with return code 0
[2025-02-18T21:18:10.084+0000] {taskinstance.py:341} INFO - ::group::Post task execution logs
[2025-02-18T21:18:10.085+0000] {taskinstance.py:353} INFO - Marking task as SUCCESS. dag_id=pool_dag, task_id=task1, run_id=manual__2025-02-18T21:18:02.606799+00:00, execution_date=20250218T211802, start_date=20250218T211804, end_date=20250218T211810
[2025-02-18T21:18:10.140+0000] {local_task_job_runner.py:266} INFO - Task exited with return code 0
[2025-02-18T21:18:10.150+0000] {local_task_job_runner.py:245} INFO - ::endgroup::
