[2025-02-19T22:58:16.371+0000] {local_task_job_runner.py:123} INFO - ::group::Pre task execution logs
[2025-02-19T22:58:16.408+0000] {taskinstance.py:2614} INFO - Dependencies all met for dep_context=non-requeueable deps ti=<TaskInstance: http_sensor.process_data manual__2025-02-19T22:58:06.587525+00:00 [queued]>
[2025-02-19T22:58:16.423+0000] {taskinstance.py:2614} INFO - Dependencies all met for dep_context=requeueable deps ti=<TaskInstance: http_sensor.process_data manual__2025-02-19T22:58:06.587525+00:00 [queued]>
[2025-02-19T22:58:16.423+0000] {taskinstance.py:2867} INFO - Starting attempt 1 of 1
[2025-02-19T22:58:16.445+0000] {taskinstance.py:2890} INFO - Executing <Task(PythonOperator): process_data> on 2025-02-19 22:58:06.587525+00:00
[2025-02-19T22:58:16.454+0000] {warnings.py:112} WARNING - /home/***/.local/lib/python3.12/site-packages/***/task/task_runner/standard_task_runner.py:70: DeprecationWarning: This process (pid=939) is multi-threaded, use of fork() may lead to deadlocks in the child.
  pid = os.fork()

[2025-02-19T22:58:16.456+0000] {standard_task_runner.py:72} INFO - Started process 941 to run task
[2025-02-19T22:58:16.458+0000] {standard_task_runner.py:104} INFO - Running: ['***', 'tasks', 'run', 'http_sensor', 'process_data', 'manual__2025-02-19T22:58:06.587525+00:00', '--job-id', '1041', '--raw', '--subdir', 'DAGS_FOLDER/21_sensor_dag.py', '--cfg-path', '/tmp/tmp4sa3omyd']
[2025-02-19T22:58:16.461+0000] {standard_task_runner.py:105} INFO - Job 1041: Subtask process_data
[2025-02-19T22:58:16.528+0000] {task_command.py:467} INFO - Running <TaskInstance: http_sensor.process_data manual__2025-02-19T22:58:06.587525+00:00 [running]> on host 70b8189021ad
[2025-02-19T22:58:16.881+0000] {taskinstance.py:3134} INFO - Exporting env vars: AIRFLOW_CTX_DAG_OWNER='***' AIRFLOW_CTX_DAG_ID='http_sensor' AIRFLOW_CTX_TASK_ID='process_data' AIRFLOW_CTX_EXECUTION_DATE='2025-02-19T22:58:06.587525+00:00' AIRFLOW_CTX_TRY_NUMBER='1' AIRFLOW_CTX_DAG_RUN_ID='manual__2025-02-19T22:58:06.587525+00:00'
[2025-02-19T22:58:16.883+0000] {taskinstance.py:732} INFO - ::endgroup::
[2025-02-19T22:58:17.954+0000] {logging_mixin.py:190} INFO - {"temperature":"+31 째C","wind":"5 km/h","description":"Partly cloudy","forecast":[{"day":"1","temperature":"+28 째C","wind":"11 km/h"},{"day":"2","temperature":"26 째C","wind":"7 km/h"},{"day":"3","temperature":" 째C","wind":"7 km/h"}]}
[2025-02-19T22:58:17.955+0000] {python.py:240} INFO - Done. Returned value was: None
[2025-02-19T22:58:17.966+0000] {taskinstance.py:341} INFO - ::group::Post task execution logs
[2025-02-19T22:58:17.967+0000] {taskinstance.py:353} INFO - Marking task as SUCCESS. dag_id=http_sensor, task_id=process_data, run_id=manual__2025-02-19T22:58:06.587525+00:00, execution_date=20250219T225806, start_date=20250219T225816, end_date=20250219T225817
[2025-02-19T22:58:18.035+0000] {local_task_job_runner.py:266} INFO - Task exited with return code 0
[2025-02-19T22:58:18.056+0000] {taskinstance.py:3901} INFO - 0 downstream tasks scheduled from follow-on schedule check
[2025-02-19T22:58:18.058+0000] {local_task_job_runner.py:245} INFO - ::endgroup::
