[2025-02-16T13:22:16.292+0000] {local_task_job_runner.py:123} INFO - ::group::Pre task execution logs
[2025-02-16T13:22:17.222+0000] {taskinstance.py:2614} INFO - Dependencies all met for dep_context=non-requeueable deps ti=<TaskInstance: full_dag.task3 scheduled__2025-02-14T21:33:00+00:00 [queued]>
[2025-02-16T13:22:17.764+0000] {taskinstance.py:2614} INFO - Dependencies all met for dep_context=requeueable deps ti=<TaskInstance: full_dag.task3 scheduled__2025-02-14T21:33:00+00:00 [queued]>
[2025-02-16T13:22:17.765+0000] {taskinstance.py:2867} INFO - Starting attempt 1 of 1
[2025-02-16T13:22:18.253+0000] {taskinstance.py:2890} INFO - Executing <Task(BashOperator): task3> on 2025-02-14 21:33:00+00:00
[2025-02-16T13:22:18.356+0000] {warnings.py:112} WARNING - /home/***/.local/lib/python3.12/site-packages/***/task/task_runner/standard_task_runner.py:70: DeprecationWarning: This process (pid=5318) is multi-threaded, use of fork() may lead to deadlocks in the child.
  pid = os.fork()

[2025-02-16T13:22:18.359+0000] {standard_task_runner.py:72} INFO - Started process 5356 to run task
[2025-02-16T13:22:18.364+0000] {standard_task_runner.py:104} INFO - Running: ['***', 'tasks', 'run', 'full_dag', 'task3', 'scheduled__2025-02-14T21:33:00+00:00', '--job-id', '871', '--raw', '--subdir', 'DAGS_FOLDER/08_full_dag.py', '--cfg-path', '/tmp/tmpklxbxk9z']
[2025-02-16T13:22:18.396+0000] {standard_task_runner.py:105} INFO - Job 871: Subtask task3
[2025-02-16T13:22:19.689+0000] {task_command.py:467} INFO - Running <TaskInstance: full_dag.task3 scheduled__2025-02-14T21:33:00+00:00 [running]> on host ab74d4d90d32
[2025-02-16T13:22:21.106+0000] {taskinstance.py:3134} INFO - Exporting env vars: AIRFLOW_CTX_DAG_OWNER='***' AIRFLOW_CTX_DAG_ID='full_dag' AIRFLOW_CTX_TASK_ID='task3' AIRFLOW_CTX_EXECUTION_DATE='2025-02-14T21:33:00+00:00' AIRFLOW_CTX_TRY_NUMBER='1' AIRFLOW_CTX_DAG_RUN_ID='scheduled__2025-02-14T21:33:00+00:00'
[2025-02-16T13:22:21.108+0000] {taskinstance.py:732} INFO - ::endgroup::
[2025-02-16T13:22:21.438+0000] {subprocess.py:78} INFO - Tmp dir root location: /tmp
[2025-02-16T13:22:21.440+0000] {subprocess.py:88} INFO - Running command: ['/usr/bin/bash', '-c', 'sleep 5']
[2025-02-16T13:22:21.628+0000] {subprocess.py:99} INFO - Output:
[2025-02-16T13:22:23.650+0000] {job.py:229} INFO - Heartbeat recovered after 12.83 seconds
[2025-02-16T13:22:26.701+0000] {subprocess.py:110} INFO - Command exited with return code 0
[2025-02-16T13:22:27.346+0000] {taskinstance.py:341} INFO - ::group::Post task execution logs
[2025-02-16T13:22:27.347+0000] {taskinstance.py:353} INFO - Marking task as SUCCESS. dag_id=full_dag, task_id=task3, run_id=scheduled__2025-02-14T21:33:00+00:00, execution_date=20250214T213300, start_date=20250216T132217, end_date=20250216T132227
[2025-02-16T13:22:27.918+0000] {local_task_job_runner.py:266} INFO - Task exited with return code 0
[2025-02-16T13:22:28.350+0000] {local_task_job_runner.py:245} INFO - ::endgroup::
[2025-02-16T13:22:28.498+0000] {standard_task_runner.py:217} INFO - Process not found (most likely exited), stop collecting metrics
