[2025-02-21T20:21:50.145+0000] {local_task_job_runner.py:123} INFO - ::group::Pre task execution logs
[2025-02-21T20:21:50.168+0000] {taskinstance.py:2614} INFO - Dependencies all met for dep_context=non-requeueable deps ti=<TaskInstance: hooks.print_result_task manual__2025-02-21T20:21:40.588079+00:00 [queued]>
[2025-02-21T20:21:50.179+0000] {taskinstance.py:2614} INFO - Dependencies all met for dep_context=requeueable deps ti=<TaskInstance: hooks.print_result_task manual__2025-02-21T20:21:40.588079+00:00 [queued]>
[2025-02-21T20:21:50.180+0000] {taskinstance.py:2867} INFO - Starting attempt 1 of 1
[2025-02-21T20:21:50.192+0000] {taskinstance.py:2890} INFO - Executing <Task(PythonOperator): print_result_task> on 2025-02-21 20:21:40.588079+00:00
[2025-02-21T20:21:50.197+0000] {warnings.py:112} WARNING - /home/***/.local/lib/python3.12/site-packages/***/task/task_runner/standard_task_runner.py:70: DeprecationWarning: This process (pid=364) is multi-threaded, use of fork() may lead to deadlocks in the child.
  pid = os.fork()

[2025-02-21T20:21:50.198+0000] {standard_task_runner.py:72} INFO - Started process 365 to run task
[2025-02-21T20:21:50.199+0000] {standard_task_runner.py:104} INFO - Running: ['***', 'tasks', 'run', 'hooks', 'print_result_task', 'manual__2025-02-21T20:21:40.588079+00:00', '--job-id', '1058', '--raw', '--subdir', 'DAGS_FOLDER/23_hooks_postgres_dag.py', '--cfg-path', '/tmp/tmpodyu1sx4']
[2025-02-21T20:21:50.200+0000] {standard_task_runner.py:105} INFO - Job 1058: Subtask print_result_task
[2025-02-21T20:21:50.245+0000] {task_command.py:467} INFO - Running <TaskInstance: hooks.print_result_task manual__2025-02-21T20:21:40.588079+00:00 [running]> on host 70b8189021ad
[2025-02-21T20:21:50.325+0000] {taskinstance.py:3134} INFO - Exporting env vars: AIRFLOW_CTX_DAG_OWNER='***' AIRFLOW_CTX_DAG_ID='hooks' AIRFLOW_CTX_TASK_ID='print_result_task' AIRFLOW_CTX_EXECUTION_DATE='2025-02-21T20:21:40.588079+00:00' AIRFLOW_CTX_TRY_NUMBER='1' AIRFLOW_CTX_DAG_RUN_ID='manual__2025-02-21T20:21:40.588079+00:00'
[2025-02-21T20:21:50.326+0000] {taskinstance.py:732} INFO - ::endgroup::
[2025-02-21T20:21:50.350+0000] {logging_mixin.py:190} INFO - Resultado da consulta
[2025-02-21T20:21:50.350+0000] {logging_mixin.py:190} INFO - [1]
[2025-02-21T20:21:50.350+0000] {logging_mixin.py:190} INFO - [1]
[2025-02-21T20:21:50.351+0000] {logging_mixin.py:190} INFO - [1]
[2025-02-21T20:21:50.351+0000] {logging_mixin.py:190} INFO - [1]
[2025-02-21T20:21:50.351+0000] {python.py:240} INFO - Done. Returned value was: None
[2025-02-21T20:21:50.360+0000] {taskinstance.py:341} INFO - ::group::Post task execution logs
[2025-02-21T20:21:50.361+0000] {taskinstance.py:353} INFO - Marking task as SUCCESS. dag_id=hooks, task_id=print_result_task, run_id=manual__2025-02-21T20:21:40.588079+00:00, execution_date=20250221T202140, start_date=20250221T202150, end_date=20250221T202150
[2025-02-21T20:21:50.413+0000] {local_task_job_runner.py:266} INFO - Task exited with return code 0
[2025-02-21T20:21:50.432+0000] {taskinstance.py:3901} INFO - 0 downstream tasks scheduled from follow-on schedule check
[2025-02-21T20:21:50.435+0000] {local_task_job_runner.py:245} INFO - ::endgroup::
