[2025-02-21T20:21:48.258+0000] {local_task_job_runner.py:123} INFO - ::group::Pre task execution logs
[2025-02-21T20:21:48.303+0000] {taskinstance.py:2614} INFO - Dependencies all met for dep_context=non-requeueable deps ti=<TaskInstance: hooks.select_data_task manual__2025-02-21T20:21:40.588079+00:00 [queued]>
[2025-02-21T20:21:48.318+0000] {taskinstance.py:2614} INFO - Dependencies all met for dep_context=requeueable deps ti=<TaskInstance: hooks.select_data_task manual__2025-02-21T20:21:40.588079+00:00 [queued]>
[2025-02-21T20:21:48.319+0000] {taskinstance.py:2867} INFO - Starting attempt 1 of 1
[2025-02-21T20:21:48.343+0000] {taskinstance.py:2890} INFO - Executing <Task(PythonOperator): select_data_task> on 2025-02-21 20:21:40.588079+00:00
[2025-02-21T20:21:48.350+0000] {warnings.py:112} WARNING - /home/***/.local/lib/python3.12/site-packages/***/task/task_runner/standard_task_runner.py:70: DeprecationWarning: This process (pid=361) is multi-threaded, use of fork() may lead to deadlocks in the child.
  pid = os.fork()

[2025-02-21T20:21:48.352+0000] {standard_task_runner.py:72} INFO - Started process 362 to run task
[2025-02-21T20:21:48.353+0000] {standard_task_runner.py:104} INFO - Running: ['***', 'tasks', 'run', 'hooks', 'select_data_task', 'manual__2025-02-21T20:21:40.588079+00:00', '--job-id', '1057', '--raw', '--subdir', 'DAGS_FOLDER/23_hooks_postgres_dag.py', '--cfg-path', '/tmp/tmpl5l_00oo']
[2025-02-21T20:21:48.355+0000] {standard_task_runner.py:105} INFO - Job 1057: Subtask select_data_task
[2025-02-21T20:21:48.460+0000] {task_command.py:467} INFO - Running <TaskInstance: hooks.select_data_task manual__2025-02-21T20:21:40.588079+00:00 [running]> on host 70b8189021ad
[2025-02-21T20:21:48.568+0000] {taskinstance.py:3134} INFO - Exporting env vars: AIRFLOW_CTX_DAG_OWNER='***' AIRFLOW_CTX_DAG_ID='hooks' AIRFLOW_CTX_TASK_ID='select_data_task' AIRFLOW_CTX_EXECUTION_DATE='2025-02-21T20:21:40.588079+00:00' AIRFLOW_CTX_TRY_NUMBER='1' AIRFLOW_CTX_DAG_RUN_ID='manual__2025-02-21T20:21:40.588079+00:00'
[2025-02-21T20:21:48.569+0000] {taskinstance.py:732} INFO - ::endgroup::
[2025-02-21T20:21:48.601+0000] {base.py:84} INFO - Retrieving connection 'postgres-postgres'
[2025-02-21T20:21:48.607+0000] {sql.py:511} INFO - Running statement: select * from teste_hook, parameters: None
[2025-02-21T20:21:48.608+0000] {sql.py:520} INFO - Rows affected: 4
[2025-02-21T20:21:48.609+0000] {warnings.py:112} WARNING - /home/***/.local/lib/python3.12/site-packages/***/providers/common/sql/hooks/sql.py:470: DeprecationWarning: Import of fetch_all_handler from the '***.providers.common.sql.hooks' module is deprecated and will
be removed in the future. Please import it from '***.providers.common.sql.hooks.handlers'.
  result = self._make_common_data_structure(handler(cur))

[2025-02-21T20:21:48.611+0000] {warnings.py:112} WARNING - /home/***/.local/lib/python3.12/site-packages/***/providers/common/sql/hooks/sql.py:471: DeprecationWarning: Import of return_single_query_results from the '***.providers.common.sql.hooks' module is deprecated and will
be removed in the future. Please import it from '***.providers.common.sql.hooks.handlers'.
  if return_single_query_results(sql, return_last, split_statements):

[2025-02-21T20:21:48.612+0000] {warnings.py:112} WARNING - /home/***/.local/lib/python3.12/site-packages/***/providers/common/sql/hooks/sql.py:486: DeprecationWarning: Import of return_single_query_results from the '***.providers.common.sql.hooks' module is deprecated and will
be removed in the future. Please import it from '***.providers.common.sql.hooks.handlers'.
  if return_single_query_results(sql, return_last, split_statements):

[2025-02-21T20:21:48.626+0000] {python.py:240} INFO - Done. Returned value was: None
[2025-02-21T20:21:48.636+0000] {taskinstance.py:341} INFO - ::group::Post task execution logs
[2025-02-21T20:21:48.637+0000] {taskinstance.py:353} INFO - Marking task as SUCCESS. dag_id=hooks, task_id=select_data_task, run_id=manual__2025-02-21T20:21:40.588079+00:00, execution_date=20250221T202140, start_date=20250221T202148, end_date=20250221T202148
[2025-02-21T20:21:48.692+0000] {local_task_job_runner.py:266} INFO - Task exited with return code 0
[2025-02-21T20:21:48.722+0000] {taskinstance.py:3901} INFO - 1 downstream tasks scheduled from follow-on schedule check
[2025-02-21T20:21:48.724+0000] {local_task_job_runner.py:245} INFO - ::endgroup::
