[2025-02-17T21:33:18.064+0000] {local_task_job_runner.py:123} INFO - ::group::Pre task execution logs
[2025-02-17T21:33:18.476+0000] {taskinstance.py:2614} INFO - Dependencies all met for dep_context=non-requeueable deps ti=<TaskInstance: fourth_dag.task2 scheduled__2025-02-16T21:33:00+00:00 [queued]>
[2025-02-17T21:33:18.627+0000] {taskinstance.py:2614} INFO - Dependencies all met for dep_context=requeueable deps ti=<TaskInstance: fourth_dag.task2 scheduled__2025-02-16T21:33:00+00:00 [queued]>
[2025-02-17T21:33:18.628+0000] {taskinstance.py:2867} INFO - Starting attempt 1 of 1
[2025-02-17T21:33:18.820+0000] {taskinstance.py:2890} INFO - Executing <Task(BashOperator): task2> on 2025-02-16 21:33:00+00:00
[2025-02-17T21:33:18.877+0000] {warnings.py:112} WARNING - /home/***/.local/lib/python3.12/site-packages/***/task/task_runner/standard_task_runner.py:70: DeprecationWarning: This process (pid=8078) is multi-threaded, use of fork() may lead to deadlocks in the child.
  pid = os.fork()

[2025-02-17T21:33:18.879+0000] {standard_task_runner.py:72} INFO - Started process 8091 to run task
[2025-02-17T21:33:18.920+0000] {standard_task_runner.py:104} INFO - Running: ['***', 'tasks', 'run', 'fourth_dag', 'task2', 'scheduled__2025-02-16T21:33:00+00:00', '--job-id', '963', '--raw', '--subdir', 'DAGS_FOLDER/04_fourth_dag.py', '--cfg-path', '/tmp/tmp0jnm3ep_']
[2025-02-17T21:33:18.935+0000] {standard_task_runner.py:105} INFO - Job 963: Subtask task2
[2025-02-17T21:33:19.269+0000] {task_command.py:467} INFO - Running <TaskInstance: fourth_dag.task2 scheduled__2025-02-16T21:33:00+00:00 [running]> on host ab74d4d90d32
[2025-02-17T21:33:19.869+0000] {taskinstance.py:3134} INFO - Exporting env vars: AIRFLOW_CTX_DAG_OWNER='***' AIRFLOW_CTX_DAG_ID='fourth_dag' AIRFLOW_CTX_TASK_ID='task2' AIRFLOW_CTX_EXECUTION_DATE='2025-02-16T21:33:00+00:00' AIRFLOW_CTX_TRY_NUMBER='1' AIRFLOW_CTX_DAG_RUN_ID='scheduled__2025-02-16T21:33:00+00:00'
[2025-02-17T21:33:19.872+0000] {taskinstance.py:732} INFO - ::endgroup::
[2025-02-17T21:33:19.991+0000] {subprocess.py:78} INFO - Tmp dir root location: /tmp
[2025-02-17T21:33:20.013+0000] {subprocess.py:88} INFO - Running command: ['/usr/bin/bash', '-c', 'sleep 5']
[2025-02-17T21:33:20.127+0000] {subprocess.py:99} INFO - Output:
[2025-02-17T21:33:25.191+0000] {subprocess.py:110} INFO - Command exited with return code 0
[2025-02-17T21:33:25.232+0000] {taskinstance.py:341} INFO - ::group::Post task execution logs
[2025-02-17T21:33:25.233+0000] {taskinstance.py:353} INFO - Marking task as SUCCESS. dag_id=fourth_dag, task_id=task2, run_id=scheduled__2025-02-16T21:33:00+00:00, execution_date=20250216T213300, start_date=20250217T213318, end_date=20250217T213325
[2025-02-17T21:33:25.286+0000] {local_task_job_runner.py:266} INFO - Task exited with return code 0
[2025-02-17T21:33:25.308+0000] {taskinstance.py:3901} INFO - 1 downstream tasks scheduled from follow-on schedule check
[2025-02-17T21:33:25.310+0000] {local_task_job_runner.py:245} INFO - ::endgroup::
