[2025-02-19T22:58:09.028+0000] {local_task_job_runner.py:123} INFO - ::group::Pre task execution logs
[2025-02-19T22:58:09.076+0000] {taskinstance.py:2614} INFO - Dependencies all met for dep_context=non-requeueable deps ti=<TaskInstance: http_sensor.check_api manual__2025-02-19T22:58:06.587525+00:00 [queued]>
[2025-02-19T22:58:09.096+0000] {taskinstance.py:2614} INFO - Dependencies all met for dep_context=requeueable deps ti=<TaskInstance: http_sensor.check_api manual__2025-02-19T22:58:06.587525+00:00 [queued]>
[2025-02-19T22:58:09.097+0000] {taskinstance.py:2867} INFO - Starting attempt 1 of 1
[2025-02-19T22:58:09.143+0000] {taskinstance.py:2890} INFO - Executing <Task(HttpSensor): check_api> on 2025-02-19 22:58:06.587525+00:00
[2025-02-19T22:58:09.155+0000] {warnings.py:112} WARNING - /home/***/.local/lib/python3.12/site-packages/***/task/task_runner/standard_task_runner.py:70: DeprecationWarning: This process (pid=935) is multi-threaded, use of fork() may lead to deadlocks in the child.
  pid = os.fork()

[2025-02-19T22:58:09.158+0000] {standard_task_runner.py:72} INFO - Started process 937 to run task
[2025-02-19T22:58:09.161+0000] {standard_task_runner.py:104} INFO - Running: ['***', 'tasks', 'run', 'http_sensor', 'check_api', 'manual__2025-02-19T22:58:06.587525+00:00', '--job-id', '1040', '--raw', '--subdir', 'DAGS_FOLDER/21_sensor_dag.py', '--cfg-path', '/tmp/tmp8xgcj1t8']
[2025-02-19T22:58:09.171+0000] {standard_task_runner.py:105} INFO - Job 1040: Subtask check_api
[2025-02-19T22:58:09.276+0000] {task_command.py:467} INFO - Running <TaskInstance: http_sensor.check_api manual__2025-02-19T22:58:06.587525+00:00 [running]> on host 70b8189021ad
[2025-02-19T22:58:09.678+0000] {taskinstance.py:3134} INFO - Exporting env vars: AIRFLOW_CTX_DAG_OWNER='***' AIRFLOW_CTX_DAG_ID='http_sensor' AIRFLOW_CTX_TASK_ID='check_api' AIRFLOW_CTX_EXECUTION_DATE='2025-02-19T22:58:06.587525+00:00' AIRFLOW_CTX_TRY_NUMBER='1' AIRFLOW_CTX_DAG_RUN_ID='manual__2025-02-19T22:58:06.587525+00:00'
[2025-02-19T22:58:09.679+0000] {taskinstance.py:732} INFO - ::endgroup::
[2025-02-19T22:58:09.703+0000] {baseoperator.py:423} WARNING - HttpSensor.execute cannot be called outside TaskInstance!
[2025-02-19T22:58:09.704+0000] {http.py:140} INFO - Poking: entries
[2025-02-19T22:58:09.718+0000] {base.py:84} INFO - Retrieving connection 'restapi-goweather'
[2025-02-19T22:58:14.355+0000] {base.py:339} INFO - Success criteria met. Exiting.
[2025-02-19T22:58:14.366+0000] {taskinstance.py:341} INFO - ::group::Post task execution logs
[2025-02-19T22:58:14.367+0000] {taskinstance.py:353} INFO - Marking task as SUCCESS. dag_id=http_sensor, task_id=check_api, run_id=manual__2025-02-19T22:58:06.587525+00:00, execution_date=20250219T225806, start_date=20250219T225809, end_date=20250219T225814
[2025-02-19T22:58:14.413+0000] {local_task_job_runner.py:266} INFO - Task exited with return code 0
[2025-02-19T22:58:14.440+0000] {taskinstance.py:3901} INFO - 1 downstream tasks scheduled from follow-on schedule check
[2025-02-19T22:58:14.442+0000] {local_task_job_runner.py:245} INFO - ::endgroup::
