[2025-02-16T13:22:06.716+0000] {local_task_job_runner.py:123} INFO - ::group::Pre task execution logs
[2025-02-16T13:22:08.593+0000] {taskinstance.py:2614} INFO - Dependencies all met for dep_context=non-requeueable deps ti=<TaskInstance: fourth_dag.task3 scheduled__2025-02-14T21:33:00+00:00 [queued]>
[2025-02-16T13:22:08.739+0000] {taskinstance.py:2614} INFO - Dependencies all met for dep_context=requeueable deps ti=<TaskInstance: fourth_dag.task3 scheduled__2025-02-14T21:33:00+00:00 [queued]>
[2025-02-16T13:22:08.740+0000] {taskinstance.py:2867} INFO - Starting attempt 1 of 1
[2025-02-16T13:22:09.695+0000] {taskinstance.py:2890} INFO - Executing <Task(BashOperator): task3> on 2025-02-14 21:33:00+00:00
[2025-02-16T13:22:10.031+0000] {warnings.py:112} WARNING - /home/***/.local/lib/python3.12/site-packages/***/task/task_runner/standard_task_runner.py:70: DeprecationWarning: This process (pid=5314) is multi-threaded, use of fork() may lead to deadlocks in the child.
  pid = os.fork()

[2025-02-16T13:22:10.119+0000] {standard_task_runner.py:72} INFO - Started process 5346 to run task
[2025-02-16T13:22:10.146+0000] {standard_task_runner.py:104} INFO - Running: ['***', 'tasks', 'run', 'fourth_dag', 'task3', 'scheduled__2025-02-14T21:33:00+00:00', '--job-id', '869', '--raw', '--subdir', 'DAGS_FOLDER/04_fourth_dag.py', '--cfg-path', '/tmp/tmp3nzujrjo']
[2025-02-16T13:22:10.148+0000] {standard_task_runner.py:105} INFO - Job 869: Subtask task3
[2025-02-16T13:22:11.361+0000] {task_command.py:467} INFO - Running <TaskInstance: fourth_dag.task3 scheduled__2025-02-14T21:33:00+00:00 [running]> on host ab74d4d90d32
[2025-02-16T13:22:17.979+0000] {taskinstance.py:3134} INFO - Exporting env vars: AIRFLOW_CTX_DAG_OWNER='***' AIRFLOW_CTX_DAG_ID='fourth_dag' AIRFLOW_CTX_TASK_ID='task3' AIRFLOW_CTX_EXECUTION_DATE='2025-02-14T21:33:00+00:00' AIRFLOW_CTX_TRY_NUMBER='1' AIRFLOW_CTX_DAG_RUN_ID='scheduled__2025-02-14T21:33:00+00:00'
[2025-02-16T13:22:17.989+0000] {taskinstance.py:732} INFO - ::endgroup::
[2025-02-16T13:22:18.070+0000] {subprocess.py:78} INFO - Tmp dir root location: /tmp
[2025-02-16T13:22:18.102+0000] {subprocess.py:88} INFO - Running command: ['/usr/bin/bash', '-c', 'sleep 5']
[2025-02-16T13:22:18.289+0000] {subprocess.py:99} INFO - Output:
[2025-02-16T13:22:18.911+0000] {job.py:229} INFO - Heartbeat recovered after 16.71 seconds
[2025-02-16T13:22:23.308+0000] {subprocess.py:110} INFO - Command exited with return code 0
[2025-02-16T13:22:23.602+0000] {taskinstance.py:341} INFO - ::group::Post task execution logs
[2025-02-16T13:22:23.603+0000] {taskinstance.py:353} INFO - Marking task as SUCCESS. dag_id=fourth_dag, task_id=task3, run_id=scheduled__2025-02-14T21:33:00+00:00, execution_date=20250214T213300, start_date=20250216T132208, end_date=20250216T132223
[2025-02-16T13:22:24.193+0000] {local_task_job_runner.py:266} INFO - Task exited with return code 0
[2025-02-16T13:22:24.441+0000] {local_task_job_runner.py:245} INFO - ::endgroup::
