[2025-02-16T13:22:52.968+0000] {local_task_job_runner.py:123} INFO - ::group::Pre task execution logs
[2025-02-16T13:22:53.048+0000] {taskinstance.py:2614} INFO - Dependencies all met for dep_context=non-requeueable deps ti=<TaskInstance: run_operator_dag.task1 manual__2025-02-16T13:22:43.063555+00:00 [queued]>
[2025-02-16T13:22:53.126+0000] {taskinstance.py:2614} INFO - Dependencies all met for dep_context=requeueable deps ti=<TaskInstance: run_operator_dag.task1 manual__2025-02-16T13:22:43.063555+00:00 [queued]>
[2025-02-16T13:22:53.127+0000] {taskinstance.py:2867} INFO - Starting attempt 1 of 1
[2025-02-16T13:22:53.208+0000] {taskinstance.py:2890} INFO - Executing <Task(BashOperator): task1> on 2025-02-16 13:22:43.063555+00:00
[2025-02-16T13:22:53.231+0000] {warnings.py:112} WARNING - /home/***/.local/lib/python3.12/site-packages/***/task/task_runner/standard_task_runner.py:70: DeprecationWarning: This process (pid=5405) is multi-threaded, use of fork() may lead to deadlocks in the child.
  pid = os.fork()

[2025-02-16T13:22:53.233+0000] {standard_task_runner.py:104} INFO - Running: ['***', 'tasks', 'run', 'run_operator_dag', 'task1', 'manual__2025-02-16T13:22:43.063555+00:00', '--job-id', '884', '--raw', '--subdir', 'DAGS_FOLDER/10_run_operator_dag.py', '--cfg-path', '/tmp/tmpqqmd0fn7']
[2025-02-16T13:22:53.240+0000] {standard_task_runner.py:105} INFO - Job 884: Subtask task1
[2025-02-16T13:22:53.255+0000] {standard_task_runner.py:72} INFO - Started process 5416 to run task
[2025-02-16T13:22:53.550+0000] {task_command.py:467} INFO - Running <TaskInstance: run_operator_dag.task1 manual__2025-02-16T13:22:43.063555+00:00 [running]> on host ab74d4d90d32
[2025-02-16T13:22:54.508+0000] {taskinstance.py:3134} INFO - Exporting env vars: AIRFLOW_CTX_DAG_OWNER='***' AIRFLOW_CTX_DAG_ID='run_operator_dag' AIRFLOW_CTX_TASK_ID='task1' AIRFLOW_CTX_EXECUTION_DATE='2025-02-16T13:22:43.063555+00:00' AIRFLOW_CTX_TRY_NUMBER='1' AIRFLOW_CTX_DAG_RUN_ID='manual__2025-02-16T13:22:43.063555+00:00'
[2025-02-16T13:22:54.534+0000] {taskinstance.py:732} INFO - ::endgroup::
[2025-02-16T13:22:54.660+0000] {subprocess.py:78} INFO - Tmp dir root location: /tmp
[2025-02-16T13:22:54.674+0000] {subprocess.py:88} INFO - Running command: ['/usr/bin/bash', '-c', 'sleep 5']
[2025-02-16T13:22:54.776+0000] {subprocess.py:99} INFO - Output:
[2025-02-16T13:22:59.794+0000] {subprocess.py:110} INFO - Command exited with return code 0
[2025-02-16T13:23:00.078+0000] {taskinstance.py:341} INFO - ::group::Post task execution logs
[2025-02-16T13:23:00.079+0000] {taskinstance.py:353} INFO - Marking task as SUCCESS. dag_id=run_operator_dag, task_id=task1, run_id=manual__2025-02-16T13:22:43.063555+00:00, execution_date=20250216T132243, start_date=20250216T132253, end_date=20250216T132300
[2025-02-16T13:23:00.459+0000] {local_task_job_runner.py:266} INFO - Task exited with return code 0
[2025-02-16T13:23:00.544+0000] {taskinstance.py:3901} INFO - 1 downstream tasks scheduled from follow-on schedule check
[2025-02-16T13:23:00.559+0000] {local_task_job_runner.py:245} INFO - ::endgroup::
