[2025-02-14T00:35:09.321+0000] {local_task_job_runner.py:123} INFO - ::group::Pre task execution logs
[2025-02-14T00:35:09.340+0000] {taskinstance.py:2614} INFO - Dependencies all met for dep_context=non-requeueable deps ti=<TaskInstance: second_dag.task1 scheduled__2025-02-12T21:33:00+00:00 [queued]>
[2025-02-14T00:35:09.350+0000] {taskinstance.py:2614} INFO - Dependencies all met for dep_context=requeueable deps ti=<TaskInstance: second_dag.task1 scheduled__2025-02-12T21:33:00+00:00 [queued]>
[2025-02-14T00:35:09.350+0000] {taskinstance.py:2867} INFO - Starting attempt 1 of 1
[2025-02-14T00:35:09.363+0000] {taskinstance.py:2890} INFO - Executing <Task(BashOperator): task1> on 2025-02-12 21:33:00+00:00
[2025-02-14T00:35:09.367+0000] {warnings.py:112} WARNING - /home/***/.local/lib/python3.12/site-packages/***/task/task_runner/standard_task_runner.py:70: DeprecationWarning: This process (pid=486) is multi-threaded, use of fork() may lead to deadlocks in the child.
  pid = os.fork()

[2025-02-14T00:35:09.368+0000] {standard_task_runner.py:72} INFO - Started process 487 to run task
[2025-02-14T00:35:09.369+0000] {standard_task_runner.py:104} INFO - Running: ['***', 'tasks', 'run', 'second_dag', 'task1', 'scheduled__2025-02-12T21:33:00+00:00', '--job-id', '50', '--raw', '--subdir', 'DAGS_FOLDER/02_second_dag.py', '--cfg-path', '/tmp/tmpxug5feju']
[2025-02-14T00:35:09.370+0000] {standard_task_runner.py:105} INFO - Job 50: Subtask task1
[2025-02-14T00:35:09.420+0000] {task_command.py:467} INFO - Running <TaskInstance: second_dag.task1 scheduled__2025-02-12T21:33:00+00:00 [running]> on host ab74d4d90d32
[2025-02-14T00:35:09.498+0000] {taskinstance.py:3134} INFO - Exporting env vars: AIRFLOW_CTX_DAG_OWNER='***' AIRFLOW_CTX_DAG_ID='second_dag' AIRFLOW_CTX_TASK_ID='task1' AIRFLOW_CTX_EXECUTION_DATE='2025-02-12T21:33:00+00:00' AIRFLOW_CTX_TRY_NUMBER='1' AIRFLOW_CTX_DAG_RUN_ID='scheduled__2025-02-12T21:33:00+00:00'
[2025-02-14T00:35:09.499+0000] {taskinstance.py:732} INFO - ::endgroup::
[2025-02-14T00:35:09.512+0000] {subprocess.py:78} INFO - Tmp dir root location: /tmp
[2025-02-14T00:35:09.513+0000] {subprocess.py:88} INFO - Running command: ['/usr/bin/bash', '-c', 'sleep 5']
[2025-02-14T00:35:09.520+0000] {subprocess.py:99} INFO - Output:
[2025-02-14T00:35:14.524+0000] {subprocess.py:110} INFO - Command exited with return code 0
[2025-02-14T00:35:14.559+0000] {taskinstance.py:341} INFO - ::group::Post task execution logs
[2025-02-14T00:35:14.559+0000] {taskinstance.py:353} INFO - Marking task as SUCCESS. dag_id=second_dag, task_id=task1, run_id=scheduled__2025-02-12T21:33:00+00:00, execution_date=20250212T213300, start_date=20250214T003509, end_date=20250214T003514
[2025-02-14T00:35:14.604+0000] {local_task_job_runner.py:266} INFO - Task exited with return code 0
[2025-02-14T00:35:14.635+0000] {taskinstance.py:3901} INFO - 2 downstream tasks scheduled from follow-on schedule check
[2025-02-14T00:35:14.637+0000] {local_task_job_runner.py:245} INFO - ::endgroup::
